1734546293
/dev/sda1: 15520882688

1734546294
/dev/sda1: 15525335040

1734546295
/dev/sda1: 15527129088

1734546296
/dev/sda1: 15529574400

1734546297
/dev/sda1: 15532367872

1734546298
/dev/sda1: 15534456832

1734546299
/dev/sda1: 15538421760

1734546300
/dev/sda1: 15607844864

1734546301
/dev/sda1: 15644495872

1734546302
/dev/sda1: 15648894976

1734546303
/dev/sda1: 15710715904

1734546304
/dev/sda1: 15713345536

1734546305
/dev/sda1: 15717613568

1734546306
/dev/sda1: 15740895232

1734546307
/dev/sda1: 15775698944

1734546308
/dev/sda1: 15838953472

1734546309
/dev/sda1: 15852003328

1734546310
/dev/sda1: 15855616000

1734546311
/dev/sda1: 15899443200

1734546312
/dev/sda1: 15915282432

1734546313
/dev/sda1: 15919996928

1734546314
/dev/sda1: 15932256256

1734546315
/dev/sda1: 15947554816

1734546316
/dev/sda1: 15955939328

1734546317
/dev/sda1: 15965872128

1734546318
/dev/sda1: 15976747008

1734546319
/dev/sda1: 15979716608

1734546320
/dev/sda1: 15983714304

1734546321
/dev/sda1: 16052670464

1734546322
/dev/sda1: 16056266752

1734546323
/dev/sda1: 16102498304

1734546324
/dev/sda1: 16210280448

1734546325
/dev/sda1: 16243552256

1734546326
/dev/sda1: 16251514880

1734546327
/dev/sda1: 16308207616

1734546328
/dev/sda1: 16443056128

1734546329
/dev/sda1: 16452890624

1734546330
/dev/sda1: 16461602816

1734546331
/dev/sda1: 16473026560

1734546332
/dev/sda1: 16476434432

1734546333
/dev/sda1: 16482054144

1734546334
/dev/sda1: 16496119808

1734546335
/dev/sda1: 16501719040

1734546336
/dev/sda1: 16507826176

1734546337
/dev/sda1: 16510144512

1734546338
/dev/sda1: 16514445312

1734546339
/dev/sda1: 16516362240

1734546340
/dev/sda1: 16571686912

1734546341
/dev/sda1: 16739131392

1734546342
/dev/sda1: 16789086208

1734546343
/dev/sda1: 16840482816

1734546344
/dev/sda1: 16948174848

1734546345
/dev/sda1: 16990248960

1734546346
/dev/sda1: 17007771648

1734546347
/dev/sda1: 17015549952

1734546348
/dev/sda1: 17031856128

1734546349
/dev/sda1: 17074483200

1734546350
/dev/sda1: 17173966848

1734546351
/dev/sda1: 17249505280

1734546352
/dev/sda1: 17366577152

1734546353
/dev/sda1: 17461755904

1734546354
/dev/sda1: 17575419904

1734546355
/dev/sda1: 17667284992

1734546356
/dev/sda1: 17731624960

1734546357
/dev/sda1: 17834360832

1734546358
/dev/sda1: 17846284288

1734546359
/dev/sda1: 17846960128

1734546360
/dev/sda1: 17846722560

1734546361
/dev/sda1: 17847189504

1734546362
/dev/sda1: 17853353984

1734546363
/dev/sda1: 17853960192

1734546364
/dev/sda1: 17855328256

1734546365
/dev/sda1: 17857101824

1734546366
/dev/sda1: 17858080768

1734546367
/dev/sda1: 17859137536

1734546368
/dev/sda1: 17860120576

1734546369
/dev/sda1: 17861275648

1734546370
/dev/sda1: 17862492160

1734546371
/dev/sda1: 17863696384

1734546372
/dev/sda1: 17869381632

1734546373
/dev/sda1: 17870032896

1734546374
/dev/sda1: 17870757888

1734546375
/dev/sda1: 17871683584

1734546376
/dev/sda1: 17872494592

1734546377
/dev/sda1: 17873625088

1734546378
/dev/sda1: 17874632704

1734546379
/dev/sda1: 17876086784

1734546380
/dev/sda1: 17877266432

1734546381
/dev/sda1: 17879044096

1734546382
/dev/sda1: 17880469504

1734546383
/dev/sda1: 17881788416

1734546384
/dev/sda1: 17883365376

1734546385
/dev/sda1: 17885216768

1734546386
/dev/sda1: 17887408128

1734546387
/dev/sda1: 17889628160

1734546388
/dev/sda1: 17891201024

1734546389
/dev/sda1: 17892483072

1734546390
/dev/sda1: 17893728256

1734546391
/dev/sda1: 17895485440

1734546392
/dev/sda1: 17897070592

1734546393
/dev/sda1: 17898328064

1734546394
/dev/sda1: 17898946560

1734546395
/dev/sda1: 17900355584

1734546396
/dev/sda1: 17902526464

1734546397
/dev/sda1: 17903325184

1734546398
/dev/sda1: 17904099328

1734546399
/dev/sda1: 17904680960

1734546400
/dev/sda1: 17905483776

1734546401
/dev/sda1: 17906008064

1734546402
/dev/sda1: 17906651136

1734546403
/dev/sda1: 17907130368

1734546404
/dev/sda1: 17907445760

1734546405
/dev/sda1: 17912143872

1734546406
/dev/sda1: 17917091840

1734546407
/dev/sda1: 17918259200

1734546408
/dev/sda1: 17922588672

1734546409
/dev/sda1: 17924722688

1734546410
/dev/sda1: 17932558336

1734546411
/dev/sda1: 17933819904

1734546412
/dev/sda1: 17935286272

1734546413
/dev/sda1: 17942712320

1734546414
/dev/sda1: 18046636032

1734546415
/dev/sda1: 18054713344

1734546416
/dev/sda1: 18055499776

1734546417
/dev/sda1: 18057166848

1734546418
/dev/sda1: 18057924608

1734546419
/dev/sda1: 18058850304

1734546420
/dev/sda1: 18059595776

1734546421
/dev/sda1: 18060406784

1734546422
/dev/sda1: 18062426112

1734546423
/dev/sda1: 18065055744

1734546424
/dev/sda1: 18067542016

1734546425
/dev/sda1: 18070233088

1734546426
/dev/sda1: 18072346624

1734546427
/dev/sda1: 18074972160

1734546428
/dev/sda1: 18078261248

1734546429
/dev/sda1: 18080501760

1734546430
/dev/sda1: 18084712448

1734546431
/dev/sda1: 18087276544

1734546432
/dev/sda1: 18090745856

1734546433
/dev/sda1: 18098642944

1734546434
/dev/sda1: 18101268480

1734546435
/dev/sda1: 18103496704

1734546436
/dev/sda1: 18106646528

1734546437
/dev/sda1: 18109186048

1734546438
/dev/sda1: 18112270336

1734546439
/dev/sda1: 18114326528

1734546440
/dev/sda1: 18116939776

1734546441
/dev/sda1: 18120429568

1734546442
/dev/sda1: 18123300864

1734546443
/dev/sda1: 18127601664

1734546444
/dev/sda1: 18129571840

1734546445
/dev/sda1: 18132897792

1734546446
/dev/sda1: 18143952896

1734546447
/dev/sda1: 18144456704

1734546448
/dev/sda1: 18145333248

1734546449
/dev/sda1: 18145890304

1734546450
/dev/sda1: 18150055936

1734546451
/dev/sda1: 18156580864

1734546452
/dev/sda1: 18164736000

1734546453
/dev/sda1: 18165768192

1734546454
/dev/sda1: 18172628992

1734546455
/dev/sda1: 18175074304

1734546456
/dev/sda1: 18176356352

1734546457
/dev/sda1: 18178039808

1734546458
/dev/sda1: 18179072000

1734546459
/dev/sda1: 18180251648

1734546460
/dev/sda1: 18181414912

1734546461
/dev/sda1: 18182557696

1734546462
/dev/sda1: 18183507968

1734546463
/dev/sda1: 18184593408

1734546464
/dev/sda1: 18185785344

1734546465
/dev/sda1: 18187558912

1734546466
/dev/sda1: 18188640256

1734546467
/dev/sda1: 18189942784

1734546468
/dev/sda1: 18191294464

1734546469
/dev/sda1: 18192351232

1734546470
/dev/sda1: 18193371136

1734546471
/dev/sda1: 18194530304

1734546472
/dev/sda1: 18195750912

1734546473
/dev/sda1: 18196979712

1734546474
/dev/sda1: 18198482944

1734546475
/dev/sda1: 18199707648

1734546476
/dev/sda1: 18205585408

1734546477
/dev/sda1: 18206978048

1734546478
/dev/sda1: 18208423936

1734546479
/dev/sda1: 18209705984

1734546480
/dev/sda1: 18211098624

1734546481
/dev/sda1: 18212696064

1734546482
/dev/sda1: 18213941248

1734546483
/dev/sda1: 18215120896

1734546484
/dev/sda1: 18216144896

1734546485
/dev/sda1: 18219606016

1734546486
/dev/sda1: 18220941312

1734546487
/dev/sda1: 18222325760

1734546488
/dev/sda1: 18223153152

1734546489
/dev/sda1: 18224447488

1734546490
/dev/sda1: 18226556928

1734546491
/dev/sda1: 18227429376

1734546492
/dev/sda1: 18228506624

1734546493
/dev/sda1: 18229604352

1734546494
/dev/sda1: 18231959552

1734546495
/dev/sda1: 18232950784

1734546496
/dev/sda1: 18234175488

1734546497
/dev/sda1: 18235228160

1734546498
/dev/sda1: 18236293120

1734546499
/dev/sda1: 18237358080

1734546500
/dev/sda1: 18238537728

1734546501
/dev/sda1: 18239537152

1734546502
/dev/sda1: 18240471040

1734546503
/dev/sda1: 18241585152

1734546504
/dev/sda1: 18242531328

1734546505
/dev/sda1: 18243813376

1734546506
/dev/sda1: 18244874240

1734546507
/dev/sda1: 18248228864

1734546508
/dev/sda1: 18249531392

1734546509
/dev/sda1: 18251390976

1734546510
/dev/sda1: 18252525568

1734546511
/dev/sda1: 18253697024

1734546512
/dev/sda1: 18254716928

1734546513
/dev/sda1: 18256125952

1734546514
/dev/sda1: 18256969728

1734546515
/dev/sda1: 18257690624

1734546516
/dev/sda1: 18258550784

1734546517
/dev/sda1: 18260226048

1734546518
/dev/sda1: 18261364736

1734546519
/dev/sda1: 18262745088

1734546520
/dev/sda1: 18263781376

1734546521
/dev/sda1: 18264989696

1734546522
/dev/sda1: 18266193920

1734546523
/dev/sda1: 18267152384

1734546524
/dev/sda1: 18268061696

1734546525
/dev/sda1: 18269106176

1734546526
/dev/sda1: 18270576640

1734546527
/dev/sda1: 18272362496

1734546528
/dev/sda1: 18273558528

1734546529
/dev/sda1: 18274549760

1734546530
/dev/sda1: 18276110336

1734546531
/dev/sda1: 18277326848

1734546532
/dev/sda1: 18278445056

1734546533
/dev/sda1: 18279968768

1734546534
/dev/sda1: 18280751104

1734546535
/dev/sda1: 18281664512

1734546536
/dev/sda1: 18282647552

1734546537
/dev/sda1: 18283581440

1734546538
/dev/sda1: 18284679168

1734546539
/dev/sda1: 18286055424

1734546540
/dev/sda1: 18287341568

1734546541
/dev/sda1: 18288418816

1734546542
/dev/sda1: 18289467392

1734546543
/dev/sda1: 18290315264

1734546544
/dev/sda1: 18291912704

1734546545
/dev/sda1: 18292932608

1734546546
/dev/sda1: 18295115776

1734546547
/dev/sda1: 18296086528

1734546548
/dev/sda1: 18297298944

1734546549
/dev/sda1: 18299183104

1734546550
/dev/sda1: 18300243968

1734546551
/dev/sda1: 18301366272

1734546552
/dev/sda1: 18302529536

1734546553
/dev/sda1: 18303819776

1734546554
/dev/sda1: 18304819200

1734546555
/dev/sda1: 18305757184

1734546556
/dev/sda1: 18307522560

1734546557
/dev/sda1: 18308497408

1734546558
/dev/sda1: 18309939200

1734546559
/dev/sda1: 18311122944

1734546560
/dev/sda1: 18315399168

1734546561
/dev/sda1: 18316804096

1734546562
/dev/sda1: 18318032896

1734546563
/dev/sda1: 18319429632

1734546564
/dev/sda1: 18320740352

1734546565
/dev/sda1: 18322034688

1734546566
/dev/sda1: 18323046400

1734546567
/dev/sda1: 18324262912

1734546568
/dev/sda1: 18325417984

1734546569
/dev/sda1: 18327052288

1734546570
/dev/sda1: 18328272896

1734546571
/dev/sda1: 18329534464

1734546572
/dev/sda1: 18330570752

1734546573
/dev/sda1: 18331676672

1734546574
/dev/sda1: 18333659136

1734546575
/dev/sda1: 18334699520

1734546576
/dev/sda1: 18336514048

1734546577
/dev/sda1: 18337312768

1734546578
/dev/sda1: 18338488320

1734546579
/dev/sda1: 18339647488

1734546580
/dev/sda1: 18340986880

1734546581
/dev/sda1: 18343124992

1734546582
/dev/sda1: 18344316928

1734546583
/dev/sda1: 18367152128

1734546584
/dev/sda1: 18402488320

1734546585
/dev/sda1: 18436935680

1734546586
/dev/sda1: 18441035776

1734546587
/dev/sda1: 18442788864

1734546588
/dev/sda1: 18443165696

1734546589
/dev/sda1: 18443743232

1734546590
/dev/sda1: 18445668352

1734546591
/dev/sda1: 18447773696

1734546592
/dev/sda1: 18448461824

1734546593
/dev/sda1: 18451943424

1734546594
/dev/sda1: 18452733952

1734546595
/dev/sda1: 18453229568

1734546596
/dev/sda1: 18454401024

1734546597
/dev/sda1: 18454663168

1734546598
/dev/sda1: 18455322624

1734546599
/dev/sda1: 18457530368

1734546600
/dev/sda1: 18461573120

1734546601
/dev/sda1: 18463019008

1734546602
/dev/sda1: 18463186944

1734546603
/dev/sda1: 18463354880

1734546604
/dev/sda1: 18463526912

1734546605
/dev/sda1: 18466836480

1734546606
/dev/sda1: 18469650432

1734546607
/dev/sda1: 18468474880

1734546608
/dev/sda1: 18468708352

1734546609
/dev/sda1: 18465902592

1734546610
/dev/sda1: 18471845888

1734546611
/dev/sda1: 18482778112

1734546612
/dev/sda1: 18483146752

