1734546292
0.0 0.0 0.0

1734546293
0.0 0.0 0.0

1734546293
0.0 0.0 0.0

1734546293
0.0 0.0 0.0

1734546293
0.0 0.0 0.0

1734546293
0.0 0.0 0.0

1734546293
0.0 0.0 0.0

1734546293
0.0 0.0 0.0

1734546293
0.0 0.0 0.0

1734546294
0.0 0.0 0.0

1734546294
0.0 0.0 0.0

1734546294
0.0 0.0 0.0

1734546294
0.0 0.0 0.0

1734546294
0.0 0.0 0.0

1734546294
0.0 0.0 0.0

1734546294
0.0 0.0 0.0

1734546294
0.0 0.0 0.0

1734546294
0.0 0.0 0.0

1734546294
0.0 0.0 0.0

1734546294
0.0 0.0 0.0

1734546294
0.0 0.0 0.0

1734546294
0.0 0.0 0.0

1734546294
0.0 0.0 0.0

1734546294
0.0 0.0 0.0

1734546294
0.0 0.0 0.0

1734546294
0.0 0.0 0.0

1734546294
0.0 0.0 0.0

1734546295
0.0 0.0 0.0

1734546295
0.0 0.0 0.0

1734546295
0.0 0.0 0.0

1734546295
0.0 0.0 0.0

1734546295
0.0 0.0 0.0

1734546295
0.0 0.0 0.0

1734546295
0.0 0.0 0.0

1734546295
0.0 0.0 0.0

1734546295
0.0 0.0 0.0

1734546295
0.0 0.0 0.0

1734546295
0.0 0.0 0.0

1734546295
0.0 0.0 0.0

1734546295
0.0 0.0 0.0

1734546295
0.0 0.0 0.0

1734546295
0.0 0.0 0.0

1734546296
0.0 0.0 0.0

1734546296
0.0 0.0 0.0

1734546296
0.0 0.0 0.0

1734546296
0.0 0.0 0.0

1734546296
0.0 0.0 0.0

1734546296
0.0 0.0 0.0

1734546296
0.0 0.0 0.0

1734546296
0.0 0.0 0.0

1734546296
0.0 0.0 0.0

1734546296
0.0 0.0 0.0

1734546296
0.0 0.0 0.0

1734546296
0.0 0.0 0.0

1734546296
0.0 0.0 0.0

1734546296
0.0 0.0 0.0

1734546296
0.0 0.0 0.0

1734546296
0.0 0.0 0.0

1734546296
0.0 0.0 0.0

1734546297
0.0 0.0 0.0

1734546297
0.0 0.0 0.0

1734546297
0.0 0.0 0.0

1734546297
0.0 0.0 0.0

1734546297
0.0 0.0 0.0

1734546297
0.0 0.0 0.0

1734546297
0.0 0.0 0.0

1734546297
0.0 0.0 0.0

1734546297
0.0 0.0 0.0

1734546297
0.0 0.0 0.0

1734546297
0.0 0.0 0.0

1734546297
0.0 0.0 0.0

1734546297
0.0 0.0 0.0

1734546297
0.0 0.0 0.0

1734546297
0.0 0.0 0.0

1734546297
0.0 0.0 0.0

1734546297
0.0 0.0 0.0

1734546297
0.0 0.0 0.0

1734546297
0.0 0.0 0.0

1734546298
0.0 0.0 0.0

1734546298
0.0 0.0 0.0

1734546298
0.0 0.0 0.0

1734546298
0.0 0.0 0.0

1734546298
0.0 0.0 0.0

1734546298
0.0 0.0 0.0

1734546298
0.0 0.0 0.0

1734546298
0.0 0.0 0.0

1734546298
0.0 0.0 0.0

1734546298
0.0 0.0 0.0

1734546298
0.0 0.0 0.0

1734546298
0.0 0.0 0.0

1734546298
0.0 0.0 0.0

1734546298
0.0 0.0 0.0

1734546298
0.0 0.0 0.0

1734546298
0.0 0.0 0.0

1734546298
0.0 0.0 0.0

1734546299
0.0 0.0 0.0

1734546299
0.0 0.0 0.0

1734546299
0.0 0.0 0.0

1734546299
0.0 0.0 0.0

1734546299
0.0 0.0 0.0

1734546299
0.0 0.0 0.0

1734546299
0.0 0.0 0.0

1734546299
0.0 0.0 0.0

1734546299
0.0 0.0 0.0

1734546299
0.0 0.0 0.0

1734546299
0.0 0.0 0.0

1734546299
0.0 0.0 0.0

1734546299
0.0 0.0 0.0

1734546299
0.0 0.0 0.0

1734546300
0.0 0.0 0.0

1734546300
0.0 0.0 0.0

1734546300
0.0 0.0 0.0

1734546300
0.0 0.0 0.0

1734546300
0.0 0.0 0.0

1734546300
0.0 0.0 0.0

1734546300
0.0 0.0 0.0

1734546300
0.0 0.0 0.0

1734546300
0.0 0.0 0.0

1734546300
0.0 0.0 0.0

1734546301
0.0 0.0 0.0

1734546301
0.0 0.0 0.0

1734546301
0.0 0.0 0.0

1734546301
0.0 0.0 0.0

1734546301
0.0 0.0 0.0

1734546301
0.0 0.0 0.0

1734546301
0.0 0.0 0.0

1734546301
0.0 0.0 0.0

1734546301
0.0 0.0 0.0

1734546301
0.0 0.0 0.0

1734546301
0.0 0.0 0.0

1734546301
0.0 0.0 0.0

1734546301
0.0 0.0 0.0

1734546301
0.0 0.0 0.0

1734546301
0.0 0.0 0.0

1734546301
0.0 0.0 0.0

1734546301
0.0 0.0 0.0

1734546301
0.0 0.0 0.0

1734546301
0.0 0.0 0.0

1734546302
0.0 0.0 0.0

1734546302
0.0 0.0 0.0

1734546302
0.0 0.0 0.0

1734546302
0.0 0.0 0.0

1734546302
0.0 0.0 0.0

1734546302
0.0 0.0 0.0

1734546302
0.0 0.0 0.0

1734546302
0.0 0.0 0.0

1734546302
0.0 0.0 0.0

1734546302
0.0 0.0 0.0

1734546302
0.0 0.0 0.0

1734546302
0.0 0.0 0.0

1734546302
0.0 0.0 0.0

1734546302
0.0 0.0 0.0

1734546302
0.0 0.0 0.0

1734546302
0.0 0.0 0.0

1734546302
0.0 0.0 0.0

1734546302
0.0 0.0 0.0

1734546303
0.0 0.0 0.0

1734546303
0.0 0.0 0.0

1734546303
0.0 0.0 0.0

1734546303
0.0 0.0 0.0

1734546303
0.0 0.0 0.0

1734546303
0.0 0.0 0.0

1734546303
0.0 0.0 0.0

1734546303
0.0 0.0 0.0

1734546303
0.0 0.0 0.0

1734546303
0.0 0.0 0.0

1734546303
0.0 0.0 0.0

1734546303
0.0 0.0 0.0

1734546304
0.0 0.0 0.0

1734546304
0.0 0.0 0.0

1734546304
0.0 0.0 0.0

1734546304
0.0 0.0 0.0

1734546304
0.0 0.0 0.0

1734546304
0.0 0.0 0.0

1734546304
0.0 0.0 0.0

1734546304
0.0 0.0 0.0

1734546304
0.0 0.0 0.0

1734546304
0.0 0.0 0.0

1734546304
0.0 0.0 0.0

1734546304
0.0 0.0 0.0

1734546304
0.0 0.0 0.0

1734546304
0.0 0.0 0.0

1734546304
0.0 0.0 0.0

1734546304
0.0 0.0 0.0

1734546304
0.0 0.0 0.0

1734546304
0.0 0.0 0.0

1734546305
0.0 0.0 0.0

1734546305
0.0 0.0 0.0

1734546305
0.0 0.0 0.0

1734546305
0.0 0.0 0.0

1734546305
0.0 0.0 0.0

1734546305
0.0 0.0 0.0

1734546305
0.0 0.0 0.0

1734546305
0.0 0.0 0.0

1734546305
0.0 0.0 0.0

1734546305
0.0 0.0 0.0

1734546305
0.0 0.0 0.0

1734546305
0.0 0.0 0.0

1734546305
0.0 0.0 0.0

1734546305
0.0 0.0 0.0

1734546305
0.0 0.0 0.0

1734546305
0.0 0.0 0.0

1734546305
0.0 0.0 0.0

1734546305
0.0 0.0 0.0

1734546306
0.0 0.0 0.0

1734546306
0.0 0.0 0.0

1734546306
0.0 0.0 0.0

1734546306
0.0 0.0 0.0

1734546306
0.0 0.0 0.0

1734546306
0.0 0.0 0.0

1734546306
0.0 0.0 0.0

1734546306
0.0 0.0 0.0

1734546306
0.0 0.0 0.0

1734546306
0.0 0.0 0.0

1734546306
0.0 0.0 0.0

1734546306
0.0 0.0 0.0

1734546306
0.0 0.0 0.0

1734546306
0.0 0.0 0.0

1734546306
0.0 0.0 0.0

1734546307
0.0 0.0 0.0

1734546307
0.0 0.0 0.0

1734546307
0.0 0.0 0.0

1734546307
0.0 0.0 0.0

1734546307
0.0 0.0 0.0

1734546307
0.0 0.0 0.0

1734546307
0.0 0.0 0.0

1734546307
0.0 0.0 0.0

1734546307
0.0 0.0 0.0

1734546307
0.0 0.0 0.0

1734546308
0.0 0.0 0.0

1734546308
0.0 0.0 0.0

1734546308
0.0 0.0 0.0

1734546308
0.0 0.0 0.0

1734546308
0.0 0.0 0.0

1734546308
0.0 0.0 0.0

1734546308
0.0 0.0 0.0

1734546308
0.0 0.0 0.0

1734546308
0.0 0.0 0.0

1734546308
0.0 0.0 0.0

1734546308
0.0 0.0 0.0

1734546308
0.0 0.0 0.0

1734546308
0.0 0.0 0.0

1734546308
0.0 0.0 0.0

1734546308
0.0 0.0 0.0

1734546308
0.0 0.0 0.0

1734546309
0.0 0.0 0.0

1734546309
0.0 0.0 0.0

1734546309
0.0 0.0 0.0

1734546309
0.0 0.0 0.0

1734546309
0.0 0.0 0.0

1734546309
0.0 0.0 0.0

1734546309
0.0 0.0 0.0

1734546309
0.0 0.0 0.0

1734546309
0.0 0.0 0.0

1734546309
0.0 0.0 0.0

1734546309
0.0 0.0 0.0

1734546309
0.0 0.0 0.0

1734546309
0.0 0.0 0.0

1734546309
0.0 0.0 0.0

1734546309
0.0 0.0 0.0

1734546309
0.0 0.0 0.0

1734546309
0.0 0.0 0.0

1734546310
0.0 0.0 0.0

1734546310
0.0 0.0 0.0

1734546310
0.0 0.0 0.0

1734546310
0.0 0.0 0.0

1734546310
0.0 0.0 0.0

1734546310
0.0 0.0 0.0

1734546310
0.0 0.0 0.0

1734546310
0.0 0.0 0.0

1734546310
0.0 0.0 0.0

1734546310
0.0 0.0 0.0

1734546310
0.0 0.0 0.0

1734546310
0.0 0.0 0.0

1734546310
0.0 0.0 0.0

1734546310
0.0 0.0 0.0

1734546310
0.0 0.0 0.0

1734546310
0.0 0.0 0.0

1734546311
0.0 0.0 0.0

1734546311
0.0 0.0 0.0

1734546311
0.0 0.0 0.0

1734546311
0.0 0.0 0.0

1734546311
0.0 0.0 0.0

1734546311
0.0 0.0 0.0

1734546311
0.0 0.0 0.0

1734546311
0.0 0.0 0.0

1734546311
0.0 0.0 0.0

1734546311
0.0 0.0 0.0

1734546311
0.0 0.0 0.0

1734546311
0.0 0.0 0.0

1734546311
0.0 0.0 0.0

1734546311
0.0 0.0 0.0

1734546311
0.0 0.0 0.0

1734546311
0.0 0.0 0.0

1734546311
0.0 0.0 0.0

1734546312
0.0 0.0 0.0

1734546312
0.0 0.0 0.0

1734546312
0.0 0.0 0.0

1734546312
0.0 0.0 0.0

1734546312
0.0 0.0 0.0

1734546312
0.0 0.0 0.0

1734546312
0.0 0.0 0.0

1734546312
0.0 0.0 0.0

1734546312
0.0 0.0 0.0

1734546312
0.0 0.0 0.0

1734546312
0.0 0.0 0.0

1734546312
0.0 0.0 0.0

1734546312
0.0 0.0 0.0

1734546312
0.0 0.0 0.0

1734546312
0.0 0.0 0.0

1734546312
0.0 0.0 0.0

1734546312
0.0 0.0 0.0

1734546313
0.0 0.0 0.0

1734546313
0.0 0.0 0.0

1734546313
0.0 0.0 0.0

1734546313
0.0 0.0 0.0

1734546313
0.0 0.0 0.0

1734546313
0.0 0.0 0.0

1734546313
0.0 0.0 0.0

1734546313
0.0 0.0 0.0

1734546313
0.0 0.0 0.0

1734546313
0.0 0.0 0.0

1734546313
0.0 0.0 0.0

1734546313
0.0 0.0 0.0

1734546313
0.0 0.0 0.0

1734546313
0.0 0.0 0.0

1734546314
0.0 0.0 0.0

1734546314
0.0 0.0 0.0

1734546314
0.0 0.0 0.0

1734546314
0.0 0.0 0.0

1734546314
0.0 0.0 0.0

1734546314
0.0 0.0 0.0

1734546314
0.0 0.0 0.0

1734546314
0.0 0.0 0.0

1734546314
0.0 0.0 0.0

1734546314
0.0 0.0 0.0

1734546314
0.0 0.0 0.0

1734546314
0.0 0.0 0.0

1734546314
0.0 0.0 0.0

1734546314
0.0 0.0 0.0

1734546314
0.0 0.0 0.0

1734546314
0.0 0.0 0.0

1734546315
0.0 0.0 0.0

1734546315
0.0 0.0 0.0

1734546315
0.0 0.0 0.0

1734546315
0.0 0.0 0.0

1734546315
0.0 0.0 0.0

1734546315
0.0 0.0 0.0

1734546315
0.0 0.0 0.0

1734546315
0.0 0.0 0.0

1734546315
0.0 0.0 0.0

1734546315
0.0 0.0 0.0

1734546315
0.0 0.0 0.0

1734546315
0.0 0.0 0.0

1734546315
0.0 0.0 0.0

1734546315
0.0 0.0 0.0

1734546315
0.0 0.0 0.0

1734546316
0.0 0.0 0.0

1734546316
0.0 0.0 0.0

1734546316
0.0 0.0 0.0

1734546316
0.0 0.0 0.0

1734546316
0.0 0.0 0.0

1734546316
0.0 0.0 0.0

1734546316
0.0 0.0 0.0

1734546316
0.0 0.0 0.0

1734546316
0.0 0.0 0.0

1734546316
0.0 0.0 0.0

1734546316
0.0 0.0 0.0

1734546316
0.0 0.0 0.0

1734546316
0.0 0.0 0.0

1734546317
0.0 0.0 0.0

1734546317
0.0 0.0 0.0

1734546317
0.0 0.0 0.0

1734546317
0.0 0.0 0.0

1734546317
0.0 0.0 0.0

1734546317
0.0 0.0 0.0

1734546317
0.0 0.0 0.0

1734546317
0.0 0.0 0.0

1734546317
0.0 0.0 0.0

1734546317
0.0 0.0 0.0

1734546317
0.0 0.0 0.0

1734546317
0.0 0.0 0.0

1734546317
0.0 0.0 0.0

1734546317
0.0 0.0 0.0

1734546317
0.0 0.0 0.0

1734546318
0.0 0.0 0.0

1734546318
0.0 0.0 0.0

1734546318
0.0 0.0 0.0

1734546318
0.0 0.0 0.0

1734546318
0.0 0.0 0.0

1734546318
0.0 0.0 0.0

1734546318
0.0 0.0 0.0

1734546318
0.0 0.0 0.0

1734546318
0.0 0.0 0.0

1734546318
0.0 0.0 0.0

1734546318
0.0 0.0 0.0

1734546318
0.0 0.0 0.0

1734546318
0.0 0.0 0.0

1734546318
0.0 0.0 0.0

1734546318
0.0 0.0 0.0

1734546319
0.0 0.0 0.0

1734546319
0.0 0.0 0.0

1734546319
0.0 0.0 0.0

1734546319
0.0 0.0 0.0

1734546319
0.0 0.0 0.0

1734546319
0.0 0.0 0.0

1734546319
0.0 0.0 0.0

1734546319
0.0 0.0 0.0

1734546319
0.0 0.0 0.0

1734546319
0.0 0.0 0.0

1734546319
0.0 0.0 0.0

1734546319
0.0 0.0 0.0

1734546319
0.0 0.0 0.0

1734546319
0.0 0.0 0.0

1734546319
0.0 0.0 0.0

1734546319
0.0 0.0 0.0

1734546320
0.0 0.0 0.0

1734546320
0.0 0.0 0.0

1734546320
0.0 0.0 0.0

1734546320
0.0 0.0 0.0

1734546320
0.0 0.0 0.0

1734546320
0.0 0.0 0.0

1734546320
0.0 0.0 0.0

1734546320
0.0 0.0 0.0

1734546320
0.0 0.0 0.0

1734546320
0.0 0.0 0.0

1734546320
0.0 0.0 0.0

1734546320
0.0 0.0 0.0

1734546320
0.0 0.0 0.0

1734546320
0.0 0.0 0.0

1734546320
0.0 0.0 0.0

1734546321
0.0 0.0 0.0

1734546321
0.0 0.0 0.0

1734546321
0.0 0.0 0.0

1734546321
0.0 0.0 0.0

1734546321
0.0 0.0 0.0

1734546321
0.0 0.0 0.0

1734546321
0.0 0.0 0.0

1734546321
0.0 0.0 0.0

1734546321
0.0 0.0 0.0

1734546321
0.0 0.0 0.0

1734546322
0.0 0.0 0.0

1734546322
0.0 0.0 0.0

1734546322
0.0 0.0 0.0

1734546322
0.0 0.0 0.0

1734546322
0.0 0.0 0.0

1734546322
0.0 0.0 0.0

1734546322
0.0 0.0 0.0

1734546322
0.0 0.0 0.0

1734546322
0.0 0.0 0.0

1734546322
0.0 0.0 0.0

1734546322
0.0 0.0 0.0

1734546322
0.0 0.0 0.0

1734546322
0.0 0.0 0.0

1734546322
0.0 0.0 0.0

1734546323
0.0 0.0 0.0

1734546323
0.0 0.0 0.0

1734546323
0.0 0.0 0.0

1734546323
0.0 0.0 0.0

1734546323
0.0 0.0 0.0

1734546323
0.0 0.0 0.0

1734546323
0.0 0.0 0.0

1734546323
0.0 0.0 0.0

1734546323
0.0 0.0 0.0

1734546323
0.0 0.0 0.0

1734546323
0.0 0.0 0.0

1734546324
0.0 0.0 0.0

1734546324
0.0 0.0 0.0

1734546324
0.0 0.0 0.0

1734546324
0.0 0.0 0.0

1734546324
0.0 0.0 0.0

1734546324
0.0 0.0 0.0

1734546324
0.0 0.0 0.0

1734546324
0.0 0.0 0.0

1734546324
0.0 0.0 0.0

1734546324
0.0 0.0 0.0

1734546324
0.0 0.0 0.0

1734546325
0.0 0.0 0.0

1734546325
0.0 0.0 0.0

1734546325
0.0 0.0 0.0

1734546325
0.0 0.0 0.0

1734546325
0.0 0.0 0.0

1734546325
0.0 0.0 0.0

1734546325
0.0 0.0 0.0

1734546325
0.0 0.0 0.0

1734546325
0.0 0.0 0.0

1734546325
0.0 0.0 0.0

1734546325
0.0 0.0 0.0

1734546325
0.0 0.0 0.0

1734546325
0.0 0.0 0.0

1734546325
0.0 0.0 0.0

1734546325
0.0 0.0 0.0

1734546325
0.0 0.0 0.0

1734546326
0.0 0.0 0.0

1734546326
0.0 0.0 0.0

1734546326
0.0 0.0 0.0

1734546326
0.0 0.0 0.0

1734546326
0.0 0.0 0.0

1734546326
0.0 0.0 0.0

1734546326
0.0 0.0 0.0

1734546326
0.0 0.0 0.0

1734546326
0.0 0.0 0.0

1734546326
0.0 0.0 0.0

1734546326
0.0 0.0 0.0

1734546326
0.0 0.0 0.0

1734546326
0.0 0.0 0.0

1734546326
0.0 0.0 0.0

1734546326
0.0 0.0 0.0

1734546326
0.0 0.0 0.0

1734546327
0.0 0.0 0.0

1734546327
0.0 0.0 0.0

1734546327
0.0 0.0 0.0

1734546327
0.0 0.0 0.0

1734546327
0.0 0.0 0.0

1734546327
0.0 0.0 0.0

1734546327
0.0 0.0 0.0

1734546327
0.0 0.0 0.0

1734546327
0.0 0.0 0.0

1734546328
0.0 0.0 0.0

1734546328
0.0 0.0 0.0

1734546328
0.0 0.0 0.0

1734546328
0.0 0.0 0.0

1734546328
0.0 0.0 0.0

1734546328
0.0 0.0 0.0

1734546328
0.0 0.0 0.0

1734546329
0.0 0.0 0.0

1734546329
0.0 0.0 0.0

1734546329
0.0 0.0 0.0

1734546329
0.0 0.0 0.0

1734546329
0.0 0.0 0.0

1734546329
0.0 0.0 0.0

1734546329
0.0 0.0 0.0

1734546329
0.0 0.0 0.0

1734546329
0.0 0.0 0.0

1734546329
0.0 0.0 0.0

1734546329
0.0 0.0 0.0

1734546329
0.0 0.0 0.0

1734546329
0.0 0.0 0.0

1734546329
0.0 0.0 0.0

1734546329
0.0 0.0 0.0

1734546330
0.0 0.0 0.0

1734546330
0.0 0.0 0.0

1734546330
0.0 0.0 0.0

1734546330
0.0 0.0 0.0

1734546330
0.0 0.0 0.0

1734546330
0.0 0.0 0.0

1734546330
0.0 0.0 0.0

1734546330
0.0 0.0 0.0

1734546330
0.0 0.0 0.0

1734546330
0.0 0.0 0.0

1734546330
0.0 0.0 0.0

1734546330
0.0 0.0 0.0

1734546330
0.0 0.0 0.0

1734546330
0.0 0.0 0.0

1734546331
0.0 0.0 0.0

1734546331
0.0 0.0 0.0

1734546331
0.0 0.0 0.0

1734546331
0.0 0.0 0.0

1734546331
0.0 0.0 0.0

1734546331
0.0 0.0 0.0

1734546331
0.0 0.0 0.0

1734546331
0.0 0.0 0.0

1734546331
0.0 0.0 0.0

1734546331
0.0 0.0 0.0

1734546331
0.0 0.0 0.0

1734546331
0.0 0.0 0.0

1734546331
0.0 0.0 0.0

1734546331
0.0 0.0 0.0

1734546331
0.0 0.0 0.0

1734546332
0.0 0.0 0.0

1734546332
0.0 0.0 0.0

1734546332
0.0 0.0 0.0

1734546332
0.0 0.0 0.0

1734546332
0.0 0.0 0.0

1734546332
0.0 0.0 0.0

1734546332
0.0 0.0 0.0

1734546332
0.0 0.0 0.0

1734546332
0.0 0.0 0.0

1734546332
0.0 0.0 0.0

1734546332
0.0 0.0 0.0

1734546332
0.0 0.0 0.0

1734546332
0.0 0.0 0.0

1734546332
0.0 0.0 0.0

1734546332
0.0 0.0 0.0

1734546332
0.0 0.0 0.0

1734546333
0.0 0.0 0.0

1734546333
0.0 0.0 0.0

1734546333
0.0 0.0 0.0

1734546333
0.0 0.0 0.0

1734546333
0.0 0.0 0.0

1734546333
0.0 0.0 0.0

1734546333
0.0 0.0 0.0

1734546333
0.0 0.0 0.0

1734546333
0.0 0.0 0.0

1734546333
0.0 0.0 0.0

1734546333
0.0 0.0 0.0

1734546333
0.0 0.0 0.0

1734546333
0.0 0.0 0.0

1734546333
0.0 0.0 0.0

1734546333
0.0 0.0 0.0

1734546333
0.0 0.0 0.0

1734546334
0.0 0.0 0.0

1734546334
0.0 0.0 0.0

1734546334
0.0 0.0 0.0

1734546334
0.0 0.0 0.0

1734546334
0.0 0.0 0.0

1734546334
0.0 0.0 0.0

1734546334
0.0 0.0 0.0

1734546334
0.0 0.0 0.0

1734546334
0.0 0.0 0.0

1734546334
0.0 0.0 0.0

1734546334
0.0 0.0 0.0

1734546334
0.0 0.0 0.0

1734546334
0.0 0.0 0.0

1734546334
0.0 0.0 0.0

1734546335
0.0 0.0 0.0

1734546335
0.0 0.0 0.0

1734546335
0.0 0.0 0.0

1734546335
0.0 0.0 0.0

1734546335
0.0 0.0 0.0

1734546335
0.0 0.0 0.0

1734546335
0.0 0.0 0.0

1734546335
0.0 0.0 0.0

1734546335
0.0 0.0 0.0

1734546335
0.0 0.0 0.0

1734546335
0.0 0.0 0.0

1734546335
0.0 0.0 0.0

1734546335
0.0 0.0 0.0

1734546335
0.0 0.0 0.0

1734546335
0.0 0.0 0.0

1734546336
0.0 0.0 0.0

1734546336
0.0 0.0 0.0

1734546336
0.0 0.0 0.0

1734546336
0.0 0.0 0.0

1734546336
0.0 0.0 0.0

1734546336
0.0 0.0 0.0

1734546336
0.0 0.0 0.0

1734546336
0.0 0.0 0.0

1734546336
0.0 0.0 0.0

1734546336
0.0 0.0 0.0

1734546336
0.0 0.0 0.0

1734546336
0.0 0.0 0.0

1734546336
0.0 0.0 0.0

1734546336
0.0 0.0 0.0

1734546336
0.0 0.0 0.0

1734546336
0.0 0.0 0.0

1734546336
0.0 0.0 0.0

1734546337
0.0 0.0 0.0

1734546337
0.0 0.0 0.0

1734546337
0.0 0.0 0.0

1734546337
0.0 0.0 0.0

1734546337
0.0 0.0 0.0

1734546337
0.0 0.0 0.0

1734546337
0.0 0.0 0.0

1734546337
0.0 0.0 0.0

1734546337
0.0 0.0 0.0

1734546337
0.0 0.0 0.0

1734546337
0.0 0.0 0.0

1734546337
0.0 0.0 0.0

1734546337
0.0 0.0 0.0

1734546337
0.0 0.0 0.0

1734546337
0.0 0.0 0.0

1734546337
0.0 0.0 0.0

1734546337
0.0 0.0 0.0

1734546338
0.0 0.0 0.0

1734546338
0.0 0.0 0.0

1734546338
0.0 0.0 0.0

1734546338
0.0 0.0 0.0

1734546338
0.0 0.0 0.0

1734546338
0.0 0.0 0.0

1734546338
0.0 0.0 0.0

1734546338
0.0 0.0 0.0

1734546338
0.0 0.0 0.0

1734546338
0.0 0.0 0.0

1734546338
0.0 0.0 0.0

1734546338
0.0 0.0 0.0

1734546338
0.0 0.0 0.0

1734546338
0.0 0.0 0.0

1734546338
0.0 0.0 0.0

1734546338
0.0 0.0 0.0

1734546339
0.0 0.0 0.0

1734546339
0.0 0.0 0.0

1734546339
0.0 0.0 0.0

1734546339
0.0 0.0 0.0

1734546339
0.0 0.0 0.0

1734546339
0.0 0.0 0.0

1734546339
0.0 0.0 0.0

1734546339
0.0 0.0 0.0

1734546339
0.0 0.0 0.0

1734546339
0.0 0.0 0.0

1734546339
0.0 0.0 0.0

1734546339
0.0 0.0 0.0

1734546339
0.0 0.0 0.0

1734546339
0.0 0.0 0.0

1734546339
0.0 0.0 0.0

1734546339
0.0 0.0 0.0

1734546339
0.0 0.0 0.0

1734546340
0.0 0.0 0.0

1734546340
0.0 0.0 0.0

1734546340
0.0 0.0 0.0

1734546340
0.0 0.0 0.0

1734546340
0.0 0.0 0.0

1734546340
0.0 0.0 0.0

1734546340
0.0 0.0 0.0

1734546340
0.0 0.0 0.0

1734546340
0.0 0.0 0.0

1734546340
0.0 0.0 0.0

1734546340
0.0 0.0 0.0

1734546341
0.0 0.0 0.0

1734546341
0.0 0.0 0.0

1734546341
0.0 0.0 0.0

1734546341
0.0 0.0 0.0

1734546342
0.0 0.0 0.0

1734546342
0.0 0.0 0.0

1734546342
0.0 0.0 0.0

1734546342
0.0 0.0 0.0

1734546342
0.0 0.0 0.0

1734546342
0.0 0.0 0.0

1734546342
0.0 0.0 0.0

1734546342
0.0 0.0 0.0

1734546342
0.0 0.0 0.0

1734546342
0.0 0.0 0.0

1734546342
0.0 0.0 0.0

1734546343
0.0 0.0 0.0

1734546343
0.0 0.0 0.0

1734546343
0.0 0.0 0.0

1734546343
0.0 0.0 0.0

1734546343
0.0 0.0 0.0

1734546343
0.0 0.0 0.0

1734546343
0.0 0.0 0.0

1734546344
0.0 0.0 0.0

1734546344
0.0 0.0 0.0

1734546344
0.0 0.0 0.0

1734546344
0.0 0.0 0.0

1734546344
0.0 0.0 0.0

1734546344
0.0 0.0 0.0

1734546344
0.0 0.0 0.0

1734546344
0.0 0.0 0.0

1734546345
0.0 0.0 0.0

1734546345
0.0 0.0 0.0

1734546345
0.0 0.0 0.0

1734546345
0.0 0.0 0.0

1734546345
0.0 0.0 0.0

1734546345
0.0 0.0 0.0

1734546345
0.0 0.0 0.0

1734546345
0.0 0.0 0.0

1734546345
0.0 0.0 0.0

1734546345
0.0 0.0 0.0

1734546345
0.0 0.0 0.0

1734546345
0.0 0.0 0.0

1734546346
0.0 0.0 0.0

1734546346
0.0 0.0 0.0

1734546346
0.0 0.0 0.0

1734546346
0.0 0.0 0.0

1734546346
0.0 0.0 0.0

1734546346
0.0 0.0 0.0

1734546346
0.0 0.0 0.0

1734546346
0.0 0.0 0.0

1734546346
0.0 0.0 0.0

1734546346
0.0 0.0 0.0

1734546346
0.0 0.0 0.0

1734546346
0.0 0.0 0.0

1734546347
0.0 0.0 0.0

1734546347
0.0 0.0 0.0

1734546347
0.0 0.0 0.0

1734546347
0.0 0.0 0.0

1734546347
0.0 0.0 0.0

1734546347
0.0 0.0 0.0

1734546347
0.0 0.0 0.0

1734546347
0.0 0.0 0.0

1734546347
0.0 0.0 0.0

1734546348
0.0 0.0 0.0

1734546348
0.0 0.0 0.0

1734546348
0.0 0.0 0.0

1734546348
0.0 0.0 0.0

1734546349
0.0 0.0 0.0

1734546349
0.0 0.0 0.0

1734546350
0.0 0.0 0.0

1734546350
0.0 0.0 0.0

1734546350
0.0 0.0 0.0

1734546350
0.0 0.0 0.0

1734546351
0.0 0.0 0.0

1734546351
0.0 0.0 0.0

1734546352
0.0 0.0 0.0

1734546352
0.0 0.0 0.0

1734546353
0.0 0.0 0.0

1734546353
0.0 0.0 0.0

1734546354
0.0 0.0 0.0

1734546354
0.0 0.0 0.0

1734546355
0.0 0.0 0.0

1734546355
0.0 0.0 0.0

1734546355
0.0 0.0 0.0

1734546356
0.0 0.0 0.0

1734546356
0.0 0.0 0.0

1734546356
0.0 0.0 0.0

1734546357
0.0 0.0 0.0

1734546357
0.0 0.0 0.0

1734546358
0.0 0.0 0.0

1734546358
0.0 0.0 0.0

1734546358
0.0 0.0 0.0

1734546359
0.0 0.0 0.0

1734546359
0.0 0.0 0.0

1734546359
0.0 0.0 0.0

1734546359
0.0 0.0 0.0

1734546360
0.0 0.0 0.0

1734546360
0.0 0.0 0.0

1734546360
0.0 0.0 0.0

1734546360
0.0 0.0 0.0

1734546361
0.0 0.0 0.0

1734546361
0.0 0.0 0.0

1734546362
0.0 0.0 0.0

1734546362
0.0 0.0 0.0

1734546362
0.0 0.0 0.0

1734546363
0.0 0.0 0.0

1734546363
0.0 0.0 0.0

1734546364
0.0 0.0 0.0

1734546364
0.0 0.0 0.0

1734546364
0.0 0.0 0.0

1734546365
0.0 0.0 0.0

1734546365
0.0 0.0 0.0

1734546366
0.0 0.0 0.0

1734546366
0.0 0.0 0.0

1734546367
0.0 0.0 0.0

1734546367
0.0 0.0 0.0

1734546368
0.0 0.0 0.0

1734546368
0.0 0.0 0.0

1734546369
0.0 0.0 0.0

1734546369
0.0 0.0 0.0

1734546370
0.0 0.0 0.0

1734546370
0.0 0.0 0.0

1734546370
0.0 0.0 0.0

1734546371
0.0 0.0 0.0

1734546371
0.0 0.0 0.0

1734546371
0.0 0.0 0.0

1734546372
0.0 0.0 0.0

1734546372
0.0 0.0 0.0

1734546373
0.0 0.0 0.0

1734546373
0.0 0.0 0.0

1734546374
0.0 0.0 0.0

1734546374
0.0 0.0 0.0

1734546375
0.0 0.0 0.0

1734546375
0.0 0.0 0.0

1734546376
0.0 0.0 0.0

1734546376
0.0 0.0 0.0

1734546377
0.0 0.0 0.0

1734546377
0.0 0.0 0.0

1734546378
0.0 0.0 0.0

1734546378
0.0 0.0 0.0

1734546379
0.0 0.0 0.0

1734546379
0.0 0.0 0.0

1734546380
0.0 0.0 0.0

1734546380
0.0 0.0 0.0

1734546381
0.0 0.0 0.0

1734546381
0.0 0.0 0.0

1734546382
0.0 0.0 0.0

1734546382
0.0 0.0 0.0

1734546383
0.0 0.0 0.0

1734546383
0.0 0.0 0.0

1734546384
0.0 0.0 0.0

1734546384
0.0 0.0 0.0

1734546385
0.0 0.0 0.0

1734546385
0.0 0.0 0.0

1734546386
0.0 0.0 0.0

1734546386
0.0 0.0 0.0

1734546387
0.0 0.0 0.0

1734546387
0.0 0.0 0.0

1734546388
0.0 0.0 0.0

1734546388
0.0 0.0 0.0

1734546389
0.0 0.0 0.0

1734546389
0.0 0.0 0.0

1734546390
0.0 0.0 0.0

1734546390
0.0 0.0 0.0

1734546391
0.0 0.0 0.0

1734546391
0.0 0.0 0.0

1734546392
0.0 0.0 0.0

1734546392
0.0 0.0 0.0

1734546393
0.0 0.0 0.0

1734546393
0.0 0.0 0.0

1734546394
0.0 0.0 0.0

1734546394
0.0 0.0 0.0

1734546395
0.0 0.0 0.0

1734546395
0.0 0.0 0.0

1734546396
0.0 0.0 0.0

1734546396
0.0 0.0 0.0

1734546397
0.0 0.0 0.0

1734546397
0.0 0.0 0.0

1734546398
0.0 0.0 0.0

1734546398
0.0 0.0 0.0

1734546399
0.0 0.0 0.0

1734546399
0.0 0.0 0.0

1734546400
0.0 0.0 0.0

1734546400
0.0 0.0 0.0

1734546401
0.0 0.0 0.0

1734546401
0.0 0.0 0.0

1734546402
0.0 0.0 0.0

1734546402
0.0 0.0 0.0

1734546403
0.0 0.0 0.0

1734546403
0.0 0.0 0.0

1734546404
0.0 0.0 0.0

1734546404
0.0 0.0 0.0

1734546405
0.0 0.0 0.0

1734546405
0.0 0.0 0.0

1734546406
0.0 0.0 0.0

1734546406
0.0 0.0 0.0

1734546406
0.0 0.0 0.0

1734546406
0.0 0.0 0.0

1734546406
0.0 0.0 0.0

1734546406
0.0 0.0 0.0

1734546406
0.0 0.0 0.0

1734546406
0.0 0.0 0.0

1734546406
0.0 0.0 0.0

1734546407
0.0 0.0 0.0

1734546407
0.0 0.0 0.0

1734546407
0.0 0.0 0.0

1734546407
0.0 0.0 0.0

1734546408
0.0 0.0 0.0

1734546408
0.0 0.0 0.0

1734546408
0.0 0.0 0.0

1734546408
0.0 0.0 0.0

1734546409
0.0 0.0 0.0

1734546409
0.0 0.0 0.0

1734546410
0.0 0.0 0.0

1734546410
0.0 0.0 0.0

1734546411
0.0 0.0 0.0

1734546411
0.0 0.0 0.0

1734546412
0.0 0.0 0.0

1734546412
0.0 0.0 0.0

1734546413
0.0 0.0 0.0

1734546413
0.0 0.0 0.0

1734546413
0.0 0.0 0.0

1734546413
0.0 0.0 0.0

1734546413
0.0 0.0 0.0

1734546414
0.0 0.0 0.0

1734546414
0.0 0.0 0.0

1734546414
0.0 0.0 0.0

1734546415
0.0 0.0 0.0

1734546415
0.0 0.0 0.0

1734546415
0.0 0.0 0.0

1734546415
0.0 0.0 0.0

1734546415
0.0 0.0 0.0

1734546416
0.0 0.0 0.0

1734546416
0.0 0.0 0.0

1734546417
0.0 0.0 0.0

1734546417
0.0 0.0 0.0

1734546418
0.0 0.0 0.0

1734546418
0.0 0.0 0.0

1734546419
0.0 0.0 0.0

1734546419
0.0 0.0 0.0

1734546420
0.0 0.0 0.0

1734546420
0.0 0.0 0.0

1734546421
0.0 0.0 0.0

1734546421
0.0 0.0 0.0

1734546422
0.0 0.0 0.0

1734546422
0.0 0.0 0.0

1734546423
0.0 0.0 0.0

1734546423
0.0 0.0 0.0

1734546424
0.0 0.0 0.0

1734546424
0.0 0.0 0.0

1734546425
0.0 0.0 0.0

1734546425
0.0 0.0 0.0

1734546426
0.0 0.0 0.0

1734546426
0.0 0.0 0.0

1734546427
0.0 0.0 0.0

1734546427
0.0 0.0 0.0

1734546428
0.0 0.0 0.0

1734546428
0.0 0.0 0.0

1734546429
0.0 0.0 0.0

1734546429
0.0 0.0 0.0

1734546430
0.0 0.0 0.0

1734546430
0.0 0.0 0.0

1734546431
0.0 0.0 0.0

1734546431
0.0 0.0 0.0

1734546432
0.0 0.0 0.0

1734546432
0.0 0.0 0.0

1734546433
0.0 0.0 0.0

1734546433
0.0 0.0 0.0

1734546434
0.0 0.0 0.0

1734546434
0.0 0.0 0.0

1734546435
0.0 0.0 0.0

1734546435
0.0 0.0 0.0

1734546436
0.0 0.0 0.0

1734546436
0.0 0.0 0.0

1734546437
0.0 0.0 0.0

1734546437
0.0 0.0 0.0

1734546438
0.0 0.0 0.0

1734546438
0.0 0.0 0.0

1734546439
0.0 0.0 0.0

1734546439
0.0 0.0 0.0

1734546440
0.0 0.0 0.0

1734546440
0.0 0.0 0.0

1734546441
0.0 0.0 0.0

1734546441
0.0 0.0 0.0

1734546442
0.0 0.0 0.0

1734546442
0.0 0.0 0.0

1734546443
0.0 0.0 0.0

1734546443
0.0 0.0 0.0

1734546444
0.0 0.0 0.0

1734546444
0.0 0.0 0.0

1734546445
0.0 0.0 0.0

1734546445
0.0 0.0 0.0

1734546446
0.0 0.0 0.0

1734546446
0.0 0.0 0.0

1734546446
0.0 0.0 0.0

1734546446
0.0 0.0 0.0

1734546446
0.0 0.0 0.0

1734546447
0.0 0.0 0.0

1734546447
0.0 0.0 0.0

1734546447
0.0 0.0 0.0

1734546448
0.0 0.0 0.0

1734546448
0.0 0.0 0.0

1734546449
0.0 0.0 0.0

1734546449
0.0 0.0 0.0

1734546450
0.0 0.0 0.0

1734546450
0.0 0.0 0.0

1734546450
0.0 0.0 0.0

1734546450
0.0 0.0 0.0

1734546451
0.0 0.0 0.0

1734546451
0.0 0.0 0.0

1734546452
0.0 0.0 0.0

1734546452
0.0 0.0 0.0

1734546452
0.0 0.0 0.0

1734546452
0.0 0.0 0.0

1734546452
0.0 0.0 0.0

1734546453
0.0 0.0 0.0

1734546453
0.0 0.0 0.0

1734546453
0.0 0.0 0.0

1734546453
0.0 0.0 0.0

1734546453
0.0 0.0 0.0

1734546454
0.0 0.0 0.0

1734546454
0.0 0.0 0.0

1734546454
0.0 0.0 0.0

1734546455
0.0 0.0 0.0

1734546455
0.0 0.0 0.0

1734546455
0.0 0.0 0.0

1734546455
0.0 0.0 0.0

1734546455
0.0 0.0 0.0

1734546455
0.0 0.0 0.0

1734546455
0.0 0.0 0.0

1734546455
0.0 0.0 0.0

1734546455
0.0 0.0 0.0

1734546455
0.0 0.0 0.0

1734546455
0.0 0.0 0.0

1734546455
0.0 0.0 0.0

1734546455
0.0 0.0 0.0

1734546455
0.0 0.0 0.0

1734546455
0.0 0.0 0.0

1734546455
0.0 0.0 0.0

1734546455
0.0 0.0 0.0

1734546455
0.0 0.0 0.0

1734546455
0.0 0.0 0.0

1734546455
0.0 0.0 0.0

1734546455
0.0 0.0 0.0

1734546455
0.0 0.0 0.0

1734546455
0.0 0.0 0.0

1734546455
0.0 0.0 0.0

1734546455
0.0 0.0 0.0

1734546455
0.0 0.0 0.0

1734546455
0.0 0.0 0.0

1734546455
0.0 0.0 0.0

1734546455
0.0 0.0 0.0

1734546455
0.0 0.0 0.0

1734546455
0.0 0.0 0.0

1734546455
0.0 0.0 0.0

1734546455
0.0 0.0 0.0

1734546455
0.0 0.0 0.0

1734546455
0.0 0.0 0.0

1734546455
0.0 0.0 0.0

1734546455
0.0 0.0 0.0

1734546455
0.0 0.0 0.0

1734546455
0.0 0.0 0.0

1734546455
0.0 0.0 0.0

1734546455
0.0 0.0 0.0

1734546455
0.0 0.0 0.0

1734546455
0.0 0.0 0.0

1734546455
0.0 0.0 0.0

1734546455
0.0 0.0 0.0

1734546455
0.0 0.0 0.0

1734546455
0.0 0.0 0.0

1734546455
0.0 0.0 0.0

1734546455
0.0 0.0 0.0

1734546455
0.0 0.0 0.0

1734546455
0.0 0.0 0.0

1734546455
0.0 0.0 0.0

1734546455
0.0 0.0 0.0

1734546455
0.0 0.0 0.0

1734546455
0.0 0.0 0.0

1734546455
0.0 0.0 0.0

1734546455
0.0 0.0 0.0

1734546455
0.0 0.0 0.0

1734546455
0.0 0.0 0.0

1734546455
0.0 0.0 0.0

1734546455
0.0 0.0 0.0

1734546455
0.0 0.0 0.0

1734546455
0.0 0.0 0.0

1734546455
0.0 0.0 0.0

1734546455
0.0 0.0 0.0

1734546455
0.0 0.0 0.0

1734546455
0.0 0.0 0.0

1734546455
0.0 0.0 0.0

1734546455
0.0 0.0 0.0

1734546455
0.0 0.0 0.0

1734546455
0.0 0.0 0.0

1734546455
0.0 0.0 0.0

1734546455
0.0 0.0 0.0

1734546455
0.0 0.0 0.0

1734546455
0.0 0.0 0.0

1734546455
0.0 0.0 0.0

1734546455
0.0 0.0 0.0

1734546455
0.0 0.0 0.0

1734546455
0.0 0.0 0.0

1734546455
0.0 0.0 0.0

1734546456
0.0 0.0 0.0

1734546456
0.0 0.0 0.0

1734546456
0.0 0.0 0.0

1734546456
0.0 0.0 0.0

1734546456
0.0 0.0 0.0

1734546456
0.0 0.0 0.0

1734546456
0.0 0.0 0.0

1734546456
0.0 0.0 0.0

1734546456
0.0 0.0 0.0

1734546456
0.0 0.0 0.0

1734546456
0.0 0.0 0.0

1734546456
0.0 0.0 0.0

1734546456
0.0 0.0 0.0

1734546456
0.0 0.0 0.0

1734546456
0.0 0.0 0.0

1734546456
0.0 0.0 0.0

1734546456
0.0 0.0 0.0

1734546456
0.0 0.0 0.0

1734546456
0.0 0.0 0.0

1734546456
0.0 0.0 0.0

1734546456
0.0 0.0 0.0

1734546456
0.0 0.0 0.0

1734546456
0.0 0.0 0.0

1734546456
0.0 0.0 0.0

1734546456
0.0 0.0 0.0

1734546456
0.0 0.0 0.0

1734546456
0.0 0.0 0.0

1734546456
0.0 0.0 0.0

1734546456
0.0 0.0 0.0

1734546456
0.0 0.0 0.0

1734546456
0.0 0.0 0.0

1734546456
0.0 0.0 0.0

1734546456
0.0 0.0 0.0

1734546456
0.0 0.0 0.0

1734546456
0.0 0.0 0.0

1734546456
0.0 0.0 0.0

1734546456
0.0 0.0 0.0

1734546456
0.0 0.0 0.0

1734546456
0.0 0.0 0.0

1734546456
0.0 0.0 0.0

1734546456
0.0 0.0 0.0

1734546456
0.0 0.0 0.0

1734546456
0.0 0.0 0.0

1734546456
0.0 0.0 0.0

1734546456
0.0 0.0 0.0

1734546456
0.0 0.0 0.0

1734546456
0.0 0.0 0.0

1734546456
0.0 0.0 0.0

1734546456
0.0 0.0 0.0

1734546456
0.0 0.0 0.0

1734546456
0.0 0.0 0.0

1734546456
0.0 0.0 0.0

1734546456
0.0 0.0 0.0

1734546456
0.0 0.0 0.0

1734546456
0.0 0.0 0.0

1734546456
0.0 0.0 0.0

1734546456
0.0 0.0 0.0

1734546456
0.0 0.0 0.0

1734546456
0.0 0.0 0.0

1734546456
0.0 0.0 0.0

1734546456
0.0 0.0 0.0

1734546456
0.0 0.0 0.0

1734546456
0.0 0.0 0.0

1734546456
0.0 0.0 0.0

1734546456
0.0 0.0 0.0

1734546456
0.0 0.0 0.0

1734546456
0.0 0.0 0.0

1734546456
0.0 0.0 0.0

1734546456
0.0 0.0 0.0

1734546456
0.0 0.0 0.0

1734546456
0.0 0.0 0.0

1734546456
0.0 0.0 0.0

1734546456
0.0 0.0 0.0

1734546456
0.0 0.0 0.0

1734546456
0.0 0.0 0.0

1734546456
0.0 0.0 0.0

1734546456
0.0 0.0 0.0

1734546456
0.0 0.0 0.0

1734546456
0.0 0.0 0.0

1734546456
0.0 0.0 0.0

1734546456
0.0 0.0 0.0

1734546456
0.0 0.0 0.0

1734546456
0.0 0.0 0.0

1734546456
0.0 0.0 0.0

1734546456
0.0 0.0 0.0

1734546456
0.0 0.0 0.0

1734546456
0.0 0.0 0.0

1734546456
0.0 0.0 0.0

1734546456
0.0 0.0 0.0

1734546456
0.0 0.0 0.0

1734546456
0.0 0.0 0.0

1734546456
0.0 0.0 0.0

1734546456
0.0 0.0 0.0

1734546456
0.0 0.0 0.0

1734546456
0.0 0.0 0.0

1734546456
0.0 0.0 0.0

1734546456
0.0 0.0 0.0

1734546456
0.0 0.0 0.0

1734546456
0.0 0.0 0.0

1734546456
0.0 0.0 0.0

1734546456
0.0 0.0 0.0

1734546456
0.0 0.0 0.0

1734546456
0.0 0.0 0.0

1734546456
0.0 0.0 0.0

1734546456
0.0 0.0 0.0

1734546456
0.0 0.0 0.0

1734546456
0.0 0.0 0.0

1734546456
0.0 0.0 0.0

1734546456
0.0 0.0 0.0

1734546456
0.0 0.0 0.0

1734546456
0.0 0.0 0.0

1734546456
0.0 0.0 0.0

1734546456
0.0 0.0 0.0

1734546456
0.0 0.0 0.0

1734546456
0.0 0.0 0.0

1734546456
0.0 0.0 0.0

1734546456
0.0 0.0 0.0

1734546456
0.0 0.0 0.0

1734546456
0.0 0.0 0.0

1734546456
0.0 0.0 0.0

1734546456
0.0 0.0 0.0

1734546456
0.0 0.0 0.0

1734546456
0.0 0.0 0.0

1734546456
0.0 0.0 0.0

1734546456
0.0 0.0 0.0

1734546456
0.0 0.0 0.0

1734546456
0.0 0.0 0.0

1734546456
0.0 0.0 0.0

1734546457
0.0 0.0 0.0

1734546457
0.0 0.0 0.0

1734546458
0.0 0.0 0.0

1734546458
0.0 0.0 0.0

1734546459
0.0 0.0 0.0

1734546459
0.0 0.0 0.0

1734546460
0.0 0.0 0.0

1734546460
0.0 0.0 0.0

1734546461
0.0 0.0 0.0

1734546461
0.0 0.0 0.0

1734546462
0.0 0.0 0.0

1734546462
0.0 0.0 0.0

1734546463
0.0 0.0 0.0

1734546463
0.0 0.0 0.0

1734546464
0.0 0.0 0.0

1734546464
0.0 0.0 0.0

1734546465
0.0 0.0 0.0

1734546465
0.0 0.0 0.0

1734546466
0.0 0.0 0.0

1734546466
0.0 0.0 0.0

1734546467
0.0 0.0 0.0

1734546467
0.0 0.0 0.0

1734546468
0.0 0.0 0.0

1734546468
0.0 0.0 0.0

1734546469
0.0 0.0 0.0

1734546469
0.0 0.0 0.0

1734546470
0.0 0.0 0.0

1734546470
0.0 0.0 0.0

1734546471
0.0 0.0 0.0

1734546471
0.0 0.0 0.0

1734546472
0.0 0.0 0.0

1734546472
0.0 0.0 0.0

1734546473
0.0 0.0 0.0

1734546473
0.0 0.0 0.0

1734546474
0.0 0.0 0.0

1734546474
0.0 0.0 0.0

1734546475
0.0 0.0 0.0

1734546475
0.0 0.0 0.0

1734546476
0.0 0.0 0.0

1734546476
0.0 0.0 0.0

1734546477
0.0 0.0 0.0

1734546477
0.0 0.0 0.0

1734546478
0.0 0.0 0.0

1734546478
0.0 0.0 0.0

1734546479
0.0 0.0 0.0

1734546479
0.0 0.0 0.0

1734546480
0.0 0.0 0.0

1734546480
0.0 0.0 0.0

1734546481
0.0 0.0 0.0

1734546481
0.0 0.0 0.0

1734546482
0.0 0.0 0.0

1734546482
0.0 0.0 0.0

1734546483
0.0 0.0 0.0

1734546483
0.0 0.0 0.0

1734546484
0.0 0.0 0.0

1734546484
0.0 0.0 0.0

1734546485
0.0 0.0 0.0

1734546485
0.0 0.0 0.0

1734546486
0.0 0.0 0.0

1734546486
0.0 0.0 0.0

1734546487
0.0 0.0 0.0

1734546487
0.0 0.0 0.0

1734546488
0.0 0.0 0.0

1734546488
0.0 0.0 0.0

1734546489
0.0 0.0 0.0

1734546489
0.0 0.0 0.0

1734546490
0.0 0.0 0.0

1734546490
0.0 0.0 0.0

1734546491
0.0 0.0 0.0

1734546491
0.0 0.0 0.0

1734546492
0.0 0.0 0.0

1734546492
0.0 0.0 0.0

1734546493
0.0 0.0 0.0

1734546493
0.0 0.0 0.0

1734546494
0.0 0.0 0.0

1734546494
0.0 0.0 0.0

1734546495
0.0 0.0 0.0

1734546495
0.0 0.0 0.0

1734546496
0.0 0.0 0.0

1734546496
0.0 0.0 0.0

1734546497
0.0 0.0 0.0

1734546497
0.0 0.0 0.0

1734546498
0.0 0.0 0.0

1734546498
0.0 0.0 0.0

1734546499
0.0 0.0 0.0

1734546499
0.0 0.0 0.0

1734546500
0.0 0.0 0.0

1734546500
0.0 0.0 0.0

1734546501
0.0 0.0 0.0

1734546501
0.0 0.0 0.0

1734546502
0.0 0.0 0.0

1734546502
0.0 0.0 0.0

1734546503
0.0 0.0 0.0

1734546503
0.0 0.0 0.0

1734546504
0.0 0.0 0.0

1734546504
0.0 0.0 0.0

1734546505
0.0 0.0 0.0

1734546505
0.0 0.0 0.0

1734546506
0.0 0.0 0.0

1734546506
0.0 0.0 0.0

1734546507
0.0 0.0 0.0

1734546507
0.0 0.0 0.0

1734546508
0.0 0.0 0.0

1734546508
0.0 0.0 0.0

1734546509
0.0 0.0 0.0

1734546509
0.0 0.0 0.0

1734546510
0.0 0.0 0.0

1734546510
0.0 0.0 0.0

1734546511
0.0 0.0 0.0

1734546511
0.0 0.0 0.0

1734546512
0.0 0.0 0.0

1734546512
0.0 0.0 0.0

1734546513
0.0 0.0 0.0

1734546513
0.0 0.0 0.0

1734546514
0.0 0.0 0.0

1734546514
0.0 0.0 0.0

1734546515
0.0 0.0 0.0

1734546515
0.0 0.0 0.0

1734546516
0.0 0.0 0.0

1734546516
0.0 0.0 0.0

1734546517
0.0 0.0 0.0

1734546517
0.0 0.0 0.0

1734546518
0.0 0.0 0.0

1734546518
0.0 0.0 0.0

1734546519
0.0 0.0 0.0

1734546519
0.0 0.0 0.0

1734546520
0.0 0.0 0.0

1734546520
0.0 0.0 0.0

1734546521
0.0 0.0 0.0

1734546521
0.0 0.0 0.0

1734546522
0.0 0.0 0.0

1734546522
0.0 0.0 0.0

1734546523
0.0 0.0 0.0

1734546523
0.0 0.0 0.0

1734546524
0.0 0.0 0.0

1734546524
0.0 0.0 0.0

1734546525
0.0 0.0 0.0

1734546525
0.0 0.0 0.0

1734546526
0.0 0.0 0.0

1734546526
0.0 0.0 0.0

1734546527
0.0 0.0 0.0

1734546527
0.0 0.0 0.0

1734546528
0.0 0.0 0.0

1734546528
0.0 0.0 0.0

1734546529
0.0 0.0 0.0

1734546529
0.0 0.0 0.0

1734546530
0.0 0.0 0.0

1734546530
0.0 0.0 0.0

1734546531
0.0 0.0 0.0

1734546531
0.0 0.0 0.0

1734546532
0.0 0.0 0.0

1734546532
0.0 0.0 0.0

1734546533
0.0 0.0 0.0

1734546533
0.0 0.0 0.0

1734546534
0.0 0.0 0.0

1734546534
0.0 0.0 0.0

1734546535
0.0 0.0 0.0

1734546535
0.0 0.0 0.0

1734546536
0.0 0.0 0.0

1734546536
0.0 0.0 0.0

1734546537
0.0 0.0 0.0

1734546537
0.0 0.0 0.0

1734546538
0.0 0.0 0.0

1734546538
0.0 0.0 0.0

1734546539
0.0 0.0 0.0

1734546539
0.0 0.0 0.0

1734546540
0.0 0.0 0.0

1734546540
0.0 0.0 0.0

1734546541
0.0 0.0 0.0

1734546541
0.0 0.0 0.0

1734546542
0.0 0.0 0.0

1734546542
0.0 0.0 0.0

1734546543
0.0 0.0 0.0

1734546543
0.0 0.0 0.0

1734546544
0.0 0.0 0.0

1734546544
0.0 0.0 0.0

1734546545
0.0 0.0 0.0

1734546545
0.0 0.0 0.0

1734546546
0.0 0.0 0.0

1734546546
0.0 0.0 0.0

1734546547
0.0 0.0 0.0

1734546547
0.0 0.0 0.0

1734546548
0.0 0.0 0.0

1734546548
0.0 0.0 0.0

1734546549
0.0 0.0 0.0

1734546549
0.0 0.0 0.0

1734546550
0.0 0.0 0.0

1734546550
0.0 0.0 0.0

1734546551
0.0 0.0 0.0

1734546551
0.0 0.0 0.0

1734546552
0.0 0.0 0.0

1734546552
0.0 0.0 0.0

1734546553
0.0 0.0 0.0

1734546553
0.0 0.0 0.0

1734546554
0.0 0.0 0.0

1734546554
0.0 0.0 0.0

1734546555
0.0 0.0 0.0

1734546555
0.0 0.0 0.0

1734546556
0.0 0.0 0.0

1734546556
0.0 0.0 0.0

1734546557
0.0 0.0 0.0

1734546557
0.0 0.0 0.0

1734546558
0.0 0.0 0.0

1734546558
0.0 0.0 0.0

1734546559
0.0 0.0 0.0

1734546559
0.0 0.0 0.0

1734546560
0.0 0.0 0.0

1734546560
0.0 0.0 0.0

1734546561
0.0 0.0 0.0

1734546561
0.0 0.0 0.0

1734546562
0.0 0.0 0.0

1734546562
0.0 0.0 0.0

1734546563
0.0 0.0 0.0

1734546563
0.0 0.0 0.0

1734546564
0.0 0.0 0.0

1734546564
0.0 0.0 0.0

1734546565
0.0 0.0 0.0

1734546565
0.0 0.0 0.0

1734546566
0.0 0.0 0.0

1734546566
0.0 0.0 0.0

1734546567
0.0 0.0 0.0

1734546567
0.0 0.0 0.0

1734546568
0.0 0.0 0.0

1734546568
0.0 0.0 0.0

1734546569
0.0 0.0 0.0

1734546569
0.0 0.0 0.0

1734546570
0.0 0.0 0.0

1734546570
0.0 0.0 0.0

1734546571
0.0 0.0 0.0

1734546571
0.0 0.0 0.0

1734546572
0.0 0.0 0.0

1734546572
0.0 0.0 0.0

1734546573
0.0 0.0 0.0

1734546573
0.0 0.0 0.0

1734546574
0.0 0.0 0.0

1734546574
0.0 0.0 0.0

1734546575
0.0 0.0 0.0

1734546575
0.0 0.0 0.0

1734546576
0.0 0.0 0.0

1734546576
0.0 0.0 0.0

1734546577
0.0 0.0 0.0

1734546577
0.0 0.0 0.0

1734546578
0.0 0.0 0.0

1734546578
0.0 0.0 0.0

1734546579
0.0 0.0 0.0

1734546579
0.0 0.0 0.0

1734546580
0.0 0.0 0.0

1734546580
0.0 0.0 0.0

1734546581
0.0 0.0 0.0

1734546581
0.0 0.0 0.0

1734546582
0.0 0.0 0.0

1734546582
0.0 0.0 0.0

1734546583
0.0 0.0 0.0

1734546583
0.0 0.0 0.0

1734546584
0.0 0.0 0.0

1734546584
0.0 0.0 0.0

1734546585
0.0 0.0 0.0

1734546585
0.0 0.0 0.0

1734546585
0.0 0.0 0.0

1734546585
0.0 0.0 0.0

1734546585
0.0 0.0 0.0

1734546585
0.0 0.0 0.0

1734546586
0.0 0.0 0.0

1734546586
0.0 0.0 0.0

1734546587
0.0 0.0 0.0

1734546587
0.0 0.0 0.0

1734546587
0.0 0.0 0.0

1734546587
0.0 0.0 0.0

1734546587
0.0 0.0 0.0

1734546588
0.0 0.0 0.0

1734546588
0.0 0.0 0.0

1734546589
0.0 0.0 0.0

1734546589
0.0 0.0 0.0

1734546590
0.0 0.0 0.0

1734546590
0.0 0.0 0.0

1734546590
0.0 0.0 0.0

1734546590
0.0 0.0 0.0

1734546590
0.0 0.0 0.0

1734546591
0.0 0.0 0.0

1734546591
0.0 0.0 0.0

1734546591
0.0 0.0 0.0

1734546591
0.0 0.0 0.0

1734546592
0.0 0.0 0.0

1734546592
0.0 0.0 0.0

1734546593
0.0 0.0 0.0

1734546593
0.0 0.0 0.0

1734546593
0.0 0.0 0.0

1734546593
0.0 0.0 0.0

1734546593
0.0 0.0 0.0

1734546594
0.0 0.0 0.0

1734546594
0.0 0.0 0.0

1734546595
0.0 0.0 0.0

1734546595
0.0 0.0 0.0

1734546596
0.0 0.0 0.0

1734546596
0.0 0.0 0.0

1734546597
0.0 0.0 0.0

1734546597
0.0 0.0 0.0

1734546598
0.0 0.0 0.0

1734546598
0.0 0.0 0.0

1734546599
0.0 0.0 0.0

1734546599
0.0 0.0 0.0

1734546600
0.0 0.0 0.0

1734546600
0.0 0.0 0.0

1734546601
0.0 0.0 0.0

1734546601
0.0 0.0 0.0

1734546602
0.0 0.0 0.0

1734546602
0.0 0.0 0.0

1734546603
0.0 0.0 0.0

1734546603
0.0 0.0 0.0

1734546604
0.0 0.0 0.0

1734546604
0.0 0.0 0.0

1734546605
0.0 0.0 0.0

1734546605
0.0 0.0 0.0

1734546606
0.0 0.0 0.0

1734546606
0.0 0.0 0.0

1734546607
0.0 0.0 0.0

1734546607
0.0 0.0 0.0

1734546608
0.0 0.0 0.0

1734546608
0.0 0.0 0.0

1734546609
0.0 0.0 0.0

1734546609
0.0 0.0 0.0

1734546609
0.0 0.0 0.0

1734546609
0.0 0.0 0.0

1734546610
0.0 0.0 0.0

1734546610
0.0 0.0 0.0

1734546610
0.0 0.0 0.0

1734546610
0.0 0.0 0.0

1734546611
0.0 0.0 0.0

1734546611
0.0 0.0 0.0

1734546611
0.0 0.0 0.0

1734546612
0.0 0.0 0.0

1734546612
0.0 0.0 0.0

1734546612
0.0 0.0 0.0

