1734546293
0.7537688442211056 0.22613065326633167 0.005025125628140704

1734546293
0.0 0.0 0.0

1734546293
0.0 0.0 0.0

1734546293
0.8666666666666667 0.13333333333333333 0.0

1734546293
0.7333333333333333 0.2 0.0

1734546293
0.7777777777777778 0.2222222222222222 0.0

1734546293
0.8823529411764706 0.11764705882352941 0.0

1734546293
0.5714285714285714 0.42857142857142855 0.0

1734546294
0.9166666666666666 0.08333333333333333 0.0

1734546294
0.6363636363636364 0.2727272727272727 0.0

1734546294
0.8888888888888888 0.1111111111111111 0.0

1734546294
0.7083333333333334 0.25 0.0

1734546294
0.8333333333333334 0.16666666666666666 0.0

1734546294
0.8235294117647058 0.17647058823529413 0.0

1734546294
0.38461538461538464 0.38461538461538464 0.0

1734546294
0.7 0.3 0.0

1734546294
0.75 0.25 0.0

1734546294
0.7777777777777778 0.16666666666666666 0.0

1734546294
0.8 0.2 0.0

1734546294
0.0 0.0 0.0

1734546294
0.0 0.0 0.0

1734546294
0.8095238095238095 0.19047619047619047 0.0

1734546294
0.75 0.25 0.0

1734546294
0.85 0.15 0.0

1734546294
1.0 0.0 0.0

1734546294
0.7058823529411765 0.29411764705882354 0.0

1734546295
0.375 0.5 0.0

1734546295
0.8125 0.1875 0.0

1734546295
0.5714285714285714 0.42857142857142855 0.0

1734546295
0.7272727272727273 0.2727272727272727 0.0

1734546295
0.7272727272727273 0.2727272727272727 0.0

1734546295
0.6 0.3 0.0

1734546295
0.8181818181818182 0.18181818181818182 0.0

1734546295
0.8888888888888888 0.1111111111111111 0.0

1734546295
0.7857142857142857 0.21428571428571427 0.0

1734546295
0.5555555555555556 0.3333333333333333 0.0

1734546295
0.9285714285714286 0.07142857142857142 0.0

1734546295
0.5428571428571428 0.14285714285714285 0.0

1734546295
0.0 0.0 0.0

1734546295
0.0 0.0 0.0

1734546295
0.76 0.16 0.04

1734546296
0.8333333333333334 0.16666666666666666 0.0

1734546296
0.6818181818181818 0.3181818181818182 0.0

1734546296
0.5 0.3333333333333333 0.0

1734546296
0.7391304347826086 0.2608695652173913 0.0

1734546296
0.5 0.5 0.0

1734546296
0.7272727272727273 0.22727272727272727 0.0

1734546296
0.7142857142857143 0.2857142857142857 0.0

1734546296
0.8333333333333334 0.16666666666666666 0.0

1734546296
0.8888888888888888 0.1111111111111111 0.0

1734546296
0.8125 0.1875 0.0

1734546296
0.5 0.25 0.0

1734546296
0.0 0.0 0.0

1734546296
0.6666666666666666 0.3333333333333333 0.0

1734546296
0.9166666666666666 0.08333333333333333 0.0

1734546296
0.75 0.25 0.0

1734546296
0.7692307692307693 0.23076923076923078 0.0

1734546296
0.6363636363636364 0.2727272727272727 0.0

1734546297
0.875 0.125 0.0

1734546297
0.7142857142857143 0.2857142857142857 0.0

1734546297
0.7692307692307693 0.15384615384615385 0.0

1734546297
0.875 0.125 0.0

1734546297
0.8181818181818182 0.09090909090909091 0.0

1734546297
0.8 0.2 0.0

1734546297
0.7272727272727273 0.2727272727272727 0.0

1734546297
0.6666666666666666 0.3333333333333333 0.0

1734546297
0.6666666666666666 0.3333333333333333 0.0

1734546297
0.85 0.1 0.0

1734546297
0.75 0.25 0.0

1734546297
0.8125 0.1875 0.0

1734546297
0.5 0.5 0.0

1734546297
0.0 0.0 0.0

1734546297
0.625 0.25 0.0

1734546297
0.9285714285714286 0.07142857142857142 0.0

1734546297
0.7857142857142857 0.21428571428571427 0.0

1734546297
0.7777777777777778 0.2222222222222222 0.0

1734546297
0.7647058823529411 0.23529411764705882 0.0

1734546298
0.8 0.2 0.0

1734546298
0.8666666666666667 0.13333333333333333 0.0

1734546298
0.6666666666666666 0.3333333333333333 0.0

1734546298
0.8181818181818182 0.09090909090909091 0.0

1734546298
0.7894736842105263 0.21052631578947367 0.0

1734546298
0.6 0.3333333333333333 0.0

1734546298
0.6666666666666666 0.3333333333333333 0.0

1734546298
0.7931034482758621 0.1724137931034483 0.0

1734546298
0.5 0.5 0.0

1734546298
0.8823529411764706 0.11764705882352941 0.0

1734546298
0.0 0.0 0.0

1734546298
0.7058823529411765 0.29411764705882354 0.0

1734546298
0.0 0.0 0.0

1734546298
0.8695652173913043 0.13043478260869565 0.0

1734546298
0.0 0.0 0.0

1734546298
0.7391304347826086 0.2608695652173913 0.0

1734546298
0.0 0.5 0.0

1734546299
0.7142857142857143 0.2857142857142857 0.0

1734546299
0.0 0.0 0.0

1734546299
0.7586206896551724 0.1724137931034483 0.034482758620689655

1734546299
0.7142857142857143 0.2857142857142857 0.0

1734546299
0.7857142857142857 0.21428571428571427 0.0

1734546299
0.5833333333333334 0.3333333333333333 0.0

1734546299
0.75 0.25 0.0

1734546299
0.75 0.25 0.0

1734546299
0.0 0.0 0.0

1734546299
0.0 0.0 0.0

1734546299
0.8 0.2 0.0

1734546299
0.6666666666666666 0.3333333333333333 0.0

1734546299
0.6153846153846154 0.34615384615384615 0.0

1734546299
1.0 0.0 0.0

1734546300
0.6142857142857143 0.38571428571428573 0.0

1734546300
0.5714285714285714 0.39285714285714285 0.0

1734546300
0.0 0.0 0.0

1734546300
0.8214285714285714 0.17857142857142858 0.0

1734546300
0.6 0.4 0.0

1734546300
0.8461538461538461 0.15384615384615385 0.0

1734546300
0.0 0.0 0.0

1734546300
0.5714285714285714 0.38095238095238093 0.0

1734546300
0.5 0.5 0.0

1734546300
0.8333333333333334 0.16666666666666666 0.0

1734546301
0.4418604651162791 0.5581395348837209 0.0

1734546301
0.5 0.5 0.0

1734546301
0.75 0.2 0.0

1734546301
0.6363636363636364 0.36363636363636365 0.0

1734546301
0.8888888888888888 0.1111111111111111 0.0

1734546301
0.7692307692307693 0.23076923076923078 0.0

1734546301
0.6153846153846154 0.3076923076923077 0.0

1734546301
0.6666666666666666 0.3333333333333333 0.0

1734546301
0.75 0.1875 0.0

1734546301
0.5714285714285714 0.2857142857142857 0.0

1734546301
0.8461538461538461 0.15384615384615385 0.0

1734546301
0.5 0.5 0.0

1734546301
0.0 0.0 0.0

1734546301
0.8 0.2 0.0

1734546301
0.7857142857142857 0.21428571428571427 0.0

1734546301
0.7777777777777778 0.2222222222222222 0.0

1734546301
0.8461538461538461 0.15384615384615385 0.0

1734546301
0.8888888888888888 0.1111111111111111 0.0

1734546301
0.875 0.125 0.0

1734546302
0.7272727272727273 0.18181818181818182 0.0

1734546302
0.7692307692307693 0.23076923076923078 0.0

1734546302
0.6666666666666666 0.3333333333333333 0.0

1734546302
0.8571428571428571 0.14285714285714285 0.0

1734546302
0.6666666666666666 0.2222222222222222 0.0

1734546302
0.8333333333333334 0.16666666666666666 0.0

1734546302
0.7368421052631579 0.21052631578947367 0.05263157894736842

1734546302
0.5 0.5 0.0

1734546302
0.8571428571428571 0.14285714285714285 0.0

1734546302
0.875 0.125 0.0

1734546302
0.7727272727272727 0.18181818181818182 0.0

1734546302
0.0 0.0 0.0

1734546302
1.0 0.0 0.0

1734546302
0.875 0.125 0.0

1734546302
0.75 0.2 0.0

1734546302
0.7777777777777778 0.2222222222222222 0.0

1734546302
0.8 0.2 0.0

1734546302
1.0 0.0 0.0

1734546303
0.6470588235294118 0.3235294117647059 0.0

1734546303
0.5483870967741935 0.45161290322580644 0.0

1734546303
0.5102040816326531 0.4489795918367347 0.0

1734546303
0.5 0.5 0.0

1734546303
0.8571428571428571 0.14285714285714285 0.0

1734546303
0.0 0.0 0.0

1734546303
0.6666666666666666 0.3333333333333333 0.0

1734546303
0.5714285714285714 0.2857142857142857 0.0

1734546303
0.875 0.125 0.0

1734546303
0.7777777777777778 0.2222222222222222 0.0

1734546303
0.7 0.3 0.0

1734546303
0.9285714285714286 0.07142857142857142 0.0

1734546304
0.5714285714285714 0.42857142857142855 0.0

1734546304
0.8125 0.1875 0.0

1734546304
0.8 0.2 0.0

1734546304
0.8461538461538461 0.15384615384615385 0.0

1734546304
0.7777777777777778 0.2222222222222222 0.0

1734546304
0.7619047619047619 0.23809523809523808 0.0

1734546304
0.5714285714285714 0.35714285714285715 0.0

1734546304
0.8181818181818182 0.18181818181818182 0.0

1734546304
0.6923076923076923 0.3076923076923077 0.0

1734546304
0.7272727272727273 0.2727272727272727 0.0

1734546304
0.0 0.0 0.0

1734546304
0.0 0.0 0.0

1734546304
0.9090909090909091 0.09090909090909091 0.0

1734546304
0.8181818181818182 0.18181818181818182 0.0

1734546304
0.6666666666666666 0.25 0.0

1734546304
0.7777777777777778 0.2222222222222222 0.0

1734546304
0.9090909090909091 0.09090909090909091 0.0

1734546304
0.8 0.2 0.0

1734546305
0.6666666666666666 0.3333333333333333 0.0

1734546305
0.7857142857142857 0.21428571428571427 0.0

1734546305
0.8125 0.1875 0.0

1734546305
0.5454545454545454 0.36363636363636365 0.0

1734546305
0.7272727272727273 0.2727272727272727 0.0

1734546305
0.7777777777777778 0.2222222222222222 0.0

1734546305
0.7857142857142857 0.21428571428571427 0.0

1734546305
0.8888888888888888 0.0 0.0

1734546305
0.6923076923076923 0.3076923076923077 0.0

1734546305
0.7 0.3 0.0

1734546305
1.0 0.0 0.0

1734546305
0.8333333333333334 0.16666666666666666 0.0

1734546305
0.0 0.0 0.0

1734546305
0.7272727272727273 0.2727272727272727 0.0

1734546305
0.625 0.375 0.0

1734546305
0.8 0.2 0.0

1734546305
0.5555555555555556 0.3333333333333333 0.0

1734546305
0.75 0.25 0.0

1734546306
0.8888888888888888 0.1111111111111111 0.0

1734546306
0.8 0.2 0.0

1734546306
0.75 0.25 0.0

1734546306
0.5454545454545454 0.45454545454545453 0.0

1734546306
0.8 0.1 0.0

1734546306
0.75 0.25 0.0

1734546306
0.8 0.2 0.0

1734546306
0.9411764705882353 0.058823529411764705 0.0

1734546306
0.5476190476190477 0.4523809523809524 0.0

1734546306
0.0 1.0 0.0

1734546306
0.0 0.0 0.0

1734546306
0.47058823529411764 0.5294117647058824 0.0

1734546306
0.625 0.3125 0.0

1734546306
0.6 0.4 0.0

1734546306
0.6842105263157895 0.2631578947368421 0.0

1734546307
0.75 0.25 0.0

1734546307
0.7142857142857143 0.2857142857142857 0.0

1734546307
0.8461538461538461 0.15384615384615385 0.0

1734546307
0.75 0.16666666666666666 0.08333333333333333

1734546307
0.8235294117647058 0.17647058823529413 0.0

1734546307
0.8 0.2 0.0

1734546307
0.7837837837837838 0.1891891891891892 0.0

1734546307
0.75 0.25 0.0

1734546307
0.0 0.0 0.0

1734546307
0.3958333333333333 0.6041666666666666 0.0

1734546308
0.7142857142857143 0.2857142857142857 0.0

1734546308
0.6666666666666666 0.26666666666666666 0.0

1734546308
0.8 0.2 0.0

1734546308
0.8181818181818182 0.18181818181818182 0.0

1734546308
1.0 0.0 0.0

1734546308
0.8260869565217391 0.13043478260869565 0.0

1734546308
0.6666666666666666 0.3333333333333333 0.0

1734546308
0.7272727272727273 0.22727272727272727 0.0

1734546308
0.75 0.25 0.0

1734546308
0.7777777777777778 0.2222222222222222 0.0

1734546308
0.6153846153846154 0.38461538461538464 0.0

1734546308
0.0 0.0 0.0

1734546308
0.625 0.3125 0.0

1734546308
0.0 0.0 0.0

1734546308
0.7391304347826086 0.21739130434782608 0.0

1734546308
0.0 1.0 0.0

1734546309
0.7692307692307693 0.23076923076923078 0.0

1734546309
0.3333333333333333 0.3333333333333333 0.0

1734546309
0.9 0.1 0.0

1734546309
0.6666666666666666 0.3333333333333333 0.0

1734546309
0.8636363636363636 0.13636363636363635 0.0

1734546309
0.8666666666666667 0.13333333333333333 0.0

1734546309
0.5454545454545454 0.36363636363636365 0.0

1734546309
0.8125 0.1875 0.0

1734546309
0.7 0.2 0.0

1734546309
0.5925925925925926 0.4074074074074074 0.0

1734546309
0.42857142857142855 0.5714285714285714 0.0

1734546309
0.0 0.0 0.0

1734546309
0.8 0.2 0.0

1734546309
0.8235294117647058 0.17647058823529413 0.0

1734546309
0.6363636363636364 0.2727272727272727 0.0

1734546309
0.8 0.2 0.0

1734546309
0.8235294117647058 0.17647058823529413 0.0

1734546310
0.8 0.2 0.0

1734546310
0.8333333333333334 0.16666666666666666 0.0

1734546310
0.7333333333333333 0.26666666666666666 0.0

1734546310
0.7142857142857143 0.2857142857142857 0.0

1734546310
0.7333333333333333 0.26666666666666666 0.0

1734546310
0.7272727272727273 0.18181818181818182 0.0

1734546310
0.8888888888888888 0.1111111111111111 0.0

1734546310
0.7777777777777778 0.2222222222222222 0.0

1734546310
0.6666666666666666 0.3333333333333333 0.0

1734546310
0.8461538461538461 0.15384615384615385 0.0

1734546310
0.8 0.2 0.0

1734546310
0.0 0.0 0.0

1734546310
0.7 0.25 0.0

1734546310
0.625 0.375 0.0

1734546310
0.8333333333333334 0.16666666666666666 0.0

1734546310
0.3333333333333333 0.6666666666666666 0.0

1734546311
0.6896551724137931 0.3103448275862069 0.0

1734546311
0.7142857142857143 0.2857142857142857 0.0

1734546311
0.7142857142857143 0.21428571428571427 0.07142857142857142

1734546311
0.5925925925925926 0.37037037037037035 0.0

1734546311
0.5789473684210527 0.42105263157894735 0.0

1734546311
0.0 0.0 0.0

1734546311
0.6666666666666666 0.3333333333333333 0.0

1734546311
0.0 0.0 0.0

1734546311
0.7142857142857143 0.23809523809523808 0.0

1734546311
1.0 0.0 0.0

1734546311
0.9 0.1 0.0

1734546311
0.0 0.0 0.0

1734546311
0.8888888888888888 0.1111111111111111 0.0

1734546311
0.25 0.5 0.0

1734546311
0.8095238095238095 0.19047619047619047 0.0

1734546311
0.8 0.2 0.0

1734546311
0.8095238095238095 0.19047619047619047 0.0

1734546312
0.5277777777777778 0.4444444444444444 0.0

1734546312
0.0 0.0 0.0

1734546312
0.84 0.16 0.0

1734546312
0.5555555555555556 0.4444444444444444 0.0

1734546312
0.7058823529411765 0.29411764705882354 0.0

1734546312
0.8 0.2 0.0

1734546312
0.8333333333333334 0.16666666666666666 0.0

1734546312
0.9090909090909091 0.09090909090909091 0.0

1734546312
0.8461538461538461 0.07692307692307693 0.0

1734546312
0.8333333333333334 0.16666666666666666 0.0

1734546312
0.0 0.0 0.0

1734546312
0.5 0.5 0.0

1734546312
0.75 0.25 0.0

1734546312
0.8 0.2 0.0

1734546312
0.625 0.375 0.0

1734546312
0.7727272727272727 0.18181818181818182 0.0

1734546312
0.6666666666666666 0.3333333333333333 0.0

1734546313
0.7419354838709677 0.22580645161290322 0.0

1734546313
0.5 0.5 0.0

1734546313
0.6956521739130435 0.2608695652173913 0.0

1734546313
0.5 0.5 0.0

1734546313
0.76 0.24 0.0

1734546313
1.0 0.0 0.0

1734546313
0.7037037037037037 0.2962962962962963 0.0

1734546313
0.6666666666666666 0.3333333333333333 0.0

1734546313
0.75 0.25 0.0

1734546313
0.0 0.0 0.0

1734546313
0.5714285714285714 0.42857142857142855 0.0

1734546313
0.7647058823529411 0.23529411764705882 0.0

1734546313
0.7272727272727273 0.2727272727272727 0.0

1734546313
0.7894736842105263 0.21052631578947367 0.0

1734546314
0.6428571428571429 0.2857142857142857 0.0

1734546314
0.8125 0.1875 0.0

1734546314
0.7333333333333333 0.26666666666666666 0.0

1734546314
0.9285714285714286 0.07142857142857142 0.0

1734546314
0.7368421052631579 0.21052631578947367 0.0

1734546314
0.7777777777777778 0.2222222222222222 0.0

1734546314
0.8 0.2 0.0

1734546314
0.8 0.2 0.0

1734546314
0.6666666666666666 0.3333333333333333 0.0

1734546314
0.6666666666666666 0.3333333333333333 0.0

1734546314
0.0 0.0 0.0

1734546314
1.0 0.0 0.0

1734546314
0.6521739130434783 0.30434782608695654 0.043478260869565216

1734546314
0.6 0.4 0.0

1734546314
0.6296296296296297 0.3333333333333333 0.0

1734546314
0.7142857142857143 0.2857142857142857 0.0

1734546315
0.7 0.26666666666666666 0.0

1734546315
0.6153846153846154 0.38461538461538464 0.0

1734546315
0.85 0.15 0.0

1734546315
0.6666666666666666 0.3333333333333333 0.0

1734546315
0.6666666666666666 0.3333333333333333 0.0

1734546315
0.7333333333333333 0.2 0.0

1734546315
0.6923076923076923 0.3076923076923077 0.0

1734546315
0.7619047619047619 0.23809523809523808 0.0

1734546315
0.4 0.4 0.0

1734546315
0.0 1.0 0.0

1734546315
0.0 0.0 0.0

1734546315
0.8125 0.1875 0.0

1734546315
0.8 0.2 0.0

1734546315
0.8181818181818182 0.18181818181818182 0.0

1734546315
0.8 0.2 0.0

1734546316
0.72 0.28 0.0

1734546316
0.5555555555555556 0.4444444444444444 0.0

1734546316
0.7391304347826086 0.21739130434782608 0.0

1734546316
0.5294117647058824 0.47058823529411764 0.0

1734546316
0.7142857142857143 0.2857142857142857 0.0

1734546316
0.782608695652174 0.21739130434782608 0.0

1734546316
0.7272727272727273 0.2727272727272727 0.0

1734546316
0.7857142857142857 0.21428571428571427 0.0

1734546316
0.0 0.0 0.0

1734546316
0.7142857142857143 0.2857142857142857 0.0

1734546316
0.7692307692307693 0.23076923076923078 0.0

1734546316
0.5 0.47368421052631576 0.0

1734546316
0.0 0.0 0.0

1734546317
0.7692307692307693 0.23076923076923078 0.0

1734546317
0.8125 0.1875 0.0

1734546317
0.782608695652174 0.17391304347826086 0.0

1734546317
0.6666666666666666 0.3333333333333333 0.0

1734546317
0.8666666666666667 0.13333333333333333 0.0

1734546317
0.7 0.3 0.0

1734546317
0.7777777777777778 0.16666666666666666 0.0

1734546317
0.6666666666666666 0.3333333333333333 0.0

1734546317
0.6666666666666666 0.3333333333333333 0.0

1734546317
0.0 0.0 0.0

1734546317
0.6666666666666666 0.3333333333333333 0.0

1734546317
0.7142857142857143 0.2857142857142857 0.0

1734546317
0.9 0.1 0.0

1734546317
0.8181818181818182 0.18181818181818182 0.0

1734546317
0.8 0.2 0.0

1734546318
0.6 0.26666666666666666 0.06666666666666667

1734546318
0.75 0.25 0.0

1734546318
0.5769230769230769 0.38461538461538464 0.0

1734546318
1.0 0.0 0.0

1734546318
0.6956521739130435 0.30434782608695654 0.0

1734546318
0.5 0.3333333333333333 0.0

1734546318
0.8947368421052632 0.10526315789473684 0.0

1734546318
0.7777777777777778 0.2222222222222222 0.0

1734546318
0.7142857142857143 0.2857142857142857 0.0

1734546318
0.0 0.0 0.0

1734546318
0.0 0.0 0.0

1734546318
0.7692307692307693 0.23076923076923078 0.0

1734546318
0.7777777777777778 0.2222222222222222 0.0

1734546318
0.7692307692307693 0.23076923076923078 0.0

1734546318
0.8 0.2 0.0

1734546319
0.6842105263157895 0.2631578947368421 0.0

1734546319
0.8095238095238095 0.19047619047619047 0.0

1734546319
0.6666666666666666 0.3333333333333333 0.0

1734546319
0.7083333333333334 0.25 0.0

1734546319
0.7142857142857143 0.2857142857142857 0.0

1734546319
0.8571428571428571 0.14285714285714285 0.0

1734546319
0.6923076923076923 0.3076923076923077 0.0

1734546319
0.6875 0.3125 0.0

1734546319
0.8333333333333334 0.16666666666666666 0.0

1734546319
1.0 0.0 0.0

1734546319
0.0 0.0 0.0

1734546319
0.6666666666666666 0.26666666666666666 0.0

1734546319
0.5 0.5 0.0

1734546319
0.75 0.25 0.0

1734546319
0.7777777777777778 0.1111111111111111 0.0

1734546319
0.8 0.2 0.0

1734546320
0.6875 0.25 0.0

1734546320
0.75 0.25 0.0

1734546320
0.7142857142857143 0.2857142857142857 0.0

1734546320
0.8666666666666667 0.13333333333333333 0.0

1734546320
0.8571428571428571 0.14285714285714285 0.0

1734546320
0.9166666666666666 0.08333333333333333 0.0

1734546320
0.7 0.25 0.0

1734546320
0.8333333333333334 0.16666666666666666 0.0

1734546320
0.8823529411764706 0.11764705882352941 0.0

1734546320
0.8181818181818182 0.18181818181818182 0.0

1734546320
0.8333333333333334 0.16666666666666666 0.0

1734546320
0.0 0.0 0.0

1734546320
0.8 0.1 0.0

1734546320
0.47619047619047616 0.5 0.0

1734546320
0.4 0.6 0.0

1734546321
0.8064516129032258 0.16129032258064516 0.0

1734546321
0.49019607843137253 0.5098039215686274 0.0

1734546321
0.5128205128205128 0.4358974358974359 0.0

1734546321
1.0 0.0 0.0

1734546321
0.7619047619047619 0.23809523809523808 0.0

1734546321
0.0 0.0 0.0

1734546321
0.7142857142857143 0.2857142857142857 0.0

1734546321
0.6923076923076923 0.3076923076923077 0.0

1734546321
0.5882352941176471 0.35294117647058826 0.0

1734546321
0.6875 0.3125 0.0

1734546322
0.5882352941176471 0.35294117647058826 0.058823529411764705

1734546322
0.7894736842105263 0.21052631578947367 0.0

1734546322
0.8571428571428571 0.14285714285714285 0.0

1734546322
0.5333333333333333 0.4 0.0

1734546322
0.7777777777777778 0.2222222222222222 0.0

1734546322
0.6923076923076923 0.23076923076923078 0.0

1734546322
0.8181818181818182 0.18181818181818182 0.0

1734546322
0.7222222222222222 0.2777777777777778 0.0

1734546322
0.8 0.2 0.0

1734546322
0.6666666666666666 0.3333333333333333 0.0

1734546322
0.0 0.0 0.0

1734546322
0.7272727272727273 0.18181818181818182 0.0

1734546322
0.6666666666666666 0.3333333333333333 0.0

1734546322
0.9 0.1 0.0

1734546323
0.6285714285714286 0.37142857142857144 0.0

1734546323
0.375 0.625 0.0

1734546323
0.6785714285714286 0.2857142857142857 0.0

1734546323
0.6666666666666666 0.3333333333333333 0.0

1734546323
0.8214285714285714 0.14285714285714285 0.0

1734546323
0.6111111111111112 0.3888888888888889 0.0

1734546323
0.627906976744186 0.3488372093023256 0.0

1734546323
0.0 0.0 0.0

1734546323
0.5714285714285714 0.42857142857142855 0.0

1734546323
0.5217391304347826 0.4782608695652174 0.0

1734546323
0.47058823529411764 0.5294117647058824 0.0

1734546324
0.5714285714285714 0.4 0.0

1734546324
0.5172413793103449 0.4827586206896552 0.0

1734546324
0.6428571428571429 0.35714285714285715 0.0

1734546324
0.76 0.24 0.0

1734546324
0.5789473684210527 0.42105263157894735 0.0

1734546324
0.0 0.0 0.0

1734546324
0.5 0.3333333333333333 0.0

1734546324
0.0 1.0 0.0

1734546324
0.76 0.24 0.0

1734546324
0.6666666666666666 0.3333333333333333 0.0

1734546324
0.7777777777777778 0.2222222222222222 0.0

1734546325
0.5365853658536586 0.43902439024390244 0.0

1734546325
0.7857142857142857 0.21428571428571427 0.0

1734546325
0.75 0.25 0.0

1734546325
0.75 0.16666666666666666 0.0

1734546325
0.7272727272727273 0.2727272727272727 0.0

1734546325
0.8571428571428571 0.14285714285714285 0.0

1734546325
0.6875 0.25 0.0

1734546325
0.6 0.4 0.0

1734546325
0.7727272727272727 0.22727272727272727 0.0

1734546325
0.5 0.5 0.0

1734546325
0.8 0.2 0.0

1734546325
1.0 0.0 0.0

1734546325
0.7647058823529411 0.11764705882352941 0.0

1734546325
0.3333333333333333 0.6666666666666666 0.0

1734546325
0.9444444444444444 0.05555555555555555 0.0

1734546325
0.5 0.5 0.0

1734546326
0.7083333333333334 0.20833333333333334 0.0

1734546326
1.0 0.0 0.0

1734546326
0.7 0.25 0.0

1734546326
1.0 0.0 0.0

1734546326
0.7916666666666666 0.20833333333333334 0.0

1734546326
0.6 0.4 0.0

1734546326
0.65 0.25 0.05

1734546326
0.5 0.5 0.0

1734546326
0.6875 0.3125 0.0

1734546326
0.6470588235294118 0.35294117647058826 0.0

1734546326
0.8181818181818182 0.18181818181818182 0.0

1734546326
0.5 0.5 0.0

1734546326
0.0 0.0 0.0

1734546326
0.8 0.1 0.0

1734546326
0.6923076923076923 0.3076923076923077 0.0

1734546326
0.8181818181818182 0.18181818181818182 0.0

1734546327
0.45098039215686275 0.5294117647058824 0.0

1734546327
0.55 0.45 0.0

1734546327
0.55 0.45 0.0

1734546327
0.5 0.5 0.0

1734546327
0.5714285714285714 0.2857142857142857 0.0

1734546327
0.7666666666666667 0.23333333333333334 0.0

1734546327
0.0 0.0 0.0

1734546327
0.75 0.25 0.0

1734546327
0.5576923076923077 0.4423076923076923 0.0

1734546328
0.6341463414634146 0.34146341463414637 0.0

1734546328
0.4318181818181818 0.5227272727272727 0.0

1734546328
0.6216216216216216 0.35135135135135137 0.0

1734546328
0.75 0.25 0.0

1734546328
0.0 0.0 0.0

1734546328
0.3684210526315789 0.631578947368421 0.0

1734546328
0.39473684210526316 0.6052631578947368 0.0

1734546329
0.3870967741935484 0.5806451612903226 0.0

1734546329
0.6363636363636364 0.36363636363636365 0.0

1734546329
0.6666666666666666 0.3333333333333333 0.0

1734546329
0.7419354838709677 0.22580645161290322 0.0

1734546329
0.75 0.25 0.0

1734546329
0.6666666666666666 0.16666666666666666 0.08333333333333333

1734546329
0.7142857142857143 0.2857142857142857 0.0

1734546329
0.7272727272727273 0.2727272727272727 0.0

1734546329
0.8181818181818182 0.18181818181818182 0.0

1734546329
0.0 0.0 0.0

1734546329
1.0 0.0 0.0

1734546329
0.7333333333333333 0.2 0.0

1734546329
0.9 0.1 0.0

1734546329
0.7333333333333333 0.26666666666666666 0.0

1734546329
0.7619047619047619 0.19047619047619047 0.0

1734546330
0.5384615384615384 0.46153846153846156 0.0

1734546330
0.8181818181818182 0.18181818181818182 0.0

1734546330
0.8181818181818182 0.18181818181818182 0.0

1734546330
0.7777777777777778 0.2222222222222222 0.0

1734546330
0.75 0.25 0.0

1734546330
0.7142857142857143 0.2857142857142857 0.0

1734546330
0.7727272727272727 0.22727272727272727 0.0

1734546330
0.6363636363636364 0.2727272727272727 0.0

1734546330
1.0 0.0 0.0

1734546330
0.0 0.0 0.0

1734546330
0.8333333333333334 0.16666666666666666 0.0

1734546330
0.7142857142857143 0.2857142857142857 0.0

1734546330
0.8 0.2 0.0

1734546330
0.5 0.25 0.0

1734546331
0.7368421052631579 0.2631578947368421 0.0

1734546331
0.631578947368421 0.2631578947368421 0.0

1734546331
0.6666666666666666 0.3333333333333333 0.0

1734546331
0.75 0.25 0.0

1734546331
0.375 0.5 0.0

1734546331
0.5925925925925926 0.4074074074074074 0.0

1734546331
0.5 0.5 0.0

1734546331
0.8214285714285714 0.17857142857142858 0.0

1734546331
0.4 0.6 0.0

1734546331
1.0 0.0 0.0

1734546331
0.0 0.0 0.0

1734546331
0.6428571428571429 0.2857142857142857 0.0

1734546331
0.6666666666666666 0.3333333333333333 0.0

1734546331
0.7647058823529411 0.23529411764705882 0.0

1734546331
0.6666666666666666 0.3333333333333333 0.0

1734546332
0.7142857142857143 0.25 0.0

1734546332
0.0 0.0 0.0

1734546332
0.7272727272727273 0.22727272727272727 0.0

1734546332
0.0 0.0 0.0

1734546332
0.6666666666666666 0.25 0.041666666666666664

1734546332
0.0 0.0 0.0

1734546332
0.4090909090909091 0.13636363636363635 0.0

1734546332
0.0 0.0 0.0

1734546332
0.7083333333333334 0.20833333333333334 0.041666666666666664

1734546332
0.5 0.5 0.0

1734546332
0.75 0.25 0.0

1734546332
0.0 0.0 0.0

1734546332
0.65 0.35 0.0

1734546332
0.0 0.0 0.0

1734546332
0.75 0.25 0.0

1734546332
0.6666666666666666 0.3333333333333333 0.0

1734546333
0.6956521739130435 0.2608695652173913 0.0

1734546333
0.5 0.5 0.0

1734546333
0.782608695652174 0.21739130434782608 0.0

1734546333
0.3333333333333333 0.3333333333333333 0.0

1734546333
0.8636363636363636 0.13636363636363635 0.0

1734546333
0.3333333333333333 0.6666666666666666 0.0

1734546333
0.782608695652174 0.21739130434782608 0.0

1734546333
0.75 0.0 0.0

1734546333
0.875 0.125 0.0

1734546333
0.8461538461538461 0.15384615384615385 0.0

1734546333
0.75 0.25 0.0

1734546333
0.6666666666666666 0.3333333333333333 0.0

1734546333
0.0 0.0 0.0

1734546333
0.375 0.625 0.0

1734546333
0.36363636363636365 0.5454545454545454 0.0

1734546333
0.7391304347826086 0.2608695652173913 0.0

1734546334
0.5161290322580645 0.41935483870967744 0.03225806451612903

1734546334
0.0 0.0 0.0

1734546334
0.75 0.20833333333333334 0.0

1734546334
0.3333333333333333 0.6666666666666666 0.0

1734546334
0.75 0.21875 0.0

1734546334
0.625 0.375 0.0

1734546334
0.8461538461538461 0.15384615384615385 0.0

1734546334
0.6 0.3 0.0

1734546334
1.0 0.0 0.0

1734546334
0.0 0.0 0.0

1734546334
0.7222222222222222 0.2777777777777778 0.0

1734546334
0.6666666666666666 0.3333333333333333 0.0

1734546334
0.7916666666666666 0.20833333333333334 0.0

1734546334
0.7 0.3 0.0

1734546335
0.7142857142857143 0.2857142857142857 0.0

1734546335
0.8125 0.1875 0.0

1734546335
0.7368421052631579 0.21052631578947367 0.0

1734546335
0.625 0.375 0.0

1734546335
0.6666666666666666 0.3333333333333333 0.0

1734546335
0.9090909090909091 0.09090909090909091 0.0

1734546335
0.7142857142857143 0.21428571428571427 0.0

1734546335
0.8571428571428571 0.14285714285714285 0.0

1734546335
0.75 0.25 0.0

1734546335
0.8 0.2 0.0

1734546335
0.0 0.0 0.0

1734546335
0.0 1.0 0.0

1734546335
0.7272727272727273 0.2727272727272727 0.0

1734546335
0.782608695652174 0.21739130434782608 0.0

1734546335
0.7272727272727273 0.2727272727272727 0.0

1734546336
0.8421052631578947 0.15789473684210525 0.0

1734546336
0.625 0.3125 0.0

1734546336
0.875 0.125 0.0

1734546336
0.7857142857142857 0.21428571428571427 0.0

1734546336
0.65 0.35 0.0

1734546336
1.0 0.0 0.0

1734546336
0.7037037037037037 0.25925925925925924 0.0

1734546336
0.0 0.0 0.0

1734546336
0.85 0.15 0.0

1734546336
0.6153846153846154 0.3076923076923077 0.0

1734546336
0.8333333333333334 0.16666666666666666 0.0

1734546336
0.0 0.0 0.0

1734546336
0.6666666666666666 0.3333333333333333 0.0

1734546336
0.8461538461538461 0.15384615384615385 0.0

1734546336
0.75 0.25 0.0

1734546336
0.7647058823529411 0.23529411764705882 0.0

1734546336
0.8333333333333334 0.16666666666666666 0.0

1734546337
0.85 0.15 0.0

1734546337
0.5 0.5 0.0

1734546337
0.7619047619047619 0.23809523809523808 0.0

1734546337
0.8 0.0 0.0

1734546337
0.7647058823529411 0.23529411764705882 0.0

1734546337
0.5833333333333334 0.3333333333333333 0.0

1734546337
0.8125 0.1875 0.0

1734546337
0.8461538461538461 0.15384615384615385 0.0

1734546337
0.6666666666666666 0.16666666666666666 0.08333333333333333

1734546337
0.75 0.25 0.0

1734546337
0.75 0.25 0.0

1734546337
0.6 0.4 0.0

1734546337
0.0 0.0 0.0

1734546337
0.875 0.125 0.0

1734546337
0.7272727272727273 0.2727272727272727 0.0

1734546337
0.8421052631578947 0.15789473684210525 0.0

1734546337
0.6666666666666666 0.3333333333333333 0.0

1734546338
0.88 0.12 0.0

1734546338
0.6666666666666666 0.25 0.0

1734546338
0.85 0.15 0.0

1734546338
0.6666666666666666 0.3333333333333333 0.0

1734546338
0.7368421052631579 0.21052631578947367 0.0

1734546338
0.6666666666666666 0.3333333333333333 0.0

1734546338
0.8571428571428571 0.14285714285714285 0.0

1734546338
0.7 0.25 0.0

1734546338
0.6666666666666666 0.3333333333333333 0.0

1734546338
0.5454545454545454 0.45454545454545453 0.0

1734546338
0.0 0.0 0.0

1734546338
0.8 0.2 0.0

1734546338
0.6 0.4 0.0

1734546338
0.8 0.2 0.0

1734546338
0.7272727272727273 0.2727272727272727 0.0

1734546338
0.8333333333333334 0.16666666666666666 0.0

1734546339
0.8181818181818182 0.18181818181818182 0.0

1734546339
0.55 0.4 0.0

1734546339
1.0 0.0 0.0

1734546339
0.8 0.2 0.0

1734546339
0.6666666666666666 0.3333333333333333 0.0

1734546339
0.8 0.2 0.0

1734546339
0.6923076923076923 0.23076923076923078 0.0

1734546339
0.8888888888888888 0.1111111111111111 0.0

1734546339
0.8666666666666667 0.13333333333333333 0.0

1734546339
0.5416666666666666 0.2916666666666667 0.0

1734546339
0.0 1.0 0.0

1734546339
1.0 0.0 0.0

1734546339
0.0 0.0 0.0

1734546339
0.6111111111111112 0.3333333333333333 0.0

1734546339
0.6521739130434783 0.30434782608695654 0.0

1734546339
0.0 1.0 0.0

1734546339
0.8181818181818182 0.13636363636363635 0.0

1734546340
1.0 0.0 0.0

1734546340
0.8181818181818182 0.18181818181818182 0.0

1734546340
0.5 0.5 0.0

1734546340
0.8421052631578947 0.10526315789473684 0.0

1734546340
0.7272727272727273 0.18181818181818182 0.0

1734546340
0.5294117647058824 0.43137254901960786 0.0196078431372549

1734546340
0.5769230769230769 0.4230769230769231 0.0

1734546340
0.0 0.0 0.0

1734546340
0.42857142857142855 0.42857142857142855 0.0

1734546340
1.0 0.0 0.0

1734546340
0.7045454545454546 0.29545454545454547 0.0

1734546341
0.4444444444444444 0.5555555555555556 0.0

1734546341
0.5555555555555556 0.4365079365079365 0.0

1734546341
0.0 0.0 0.0

1734546341
0.5151515151515151 0.48484848484848486 0.0

1734546342
0.4090909090909091 0.5681818181818182 0.0

1734546342
0.0 0.0 0.0

1734546342
0.8333333333333334 0.16666666666666666 0.0

1734546342
0.5862068965517241 0.3793103448275862 0.0

1734546342
0.6111111111111112 0.3888888888888889 0.0

1734546342
0.6206896551724138 0.3793103448275862 0.0

1734546342
0.7 0.3 0.0

1734546342
0.0 0.0 0.0

1734546342
0.6428571428571429 0.35714285714285715 0.0

1734546342
0.6666666666666666 0.3333333333333333 0.0

1734546342
0.7027027027027027 0.2702702702702703 0.0

1734546343
0.75 0.25 0.0

1734546343
0.5897435897435898 0.38461538461538464 0.0

1734546343
0.5294117647058824 0.47058823529411764 0.0

1734546343
0.7894736842105263 0.21052631578947367 0.0

1734546343
0.6923076923076923 0.3076923076923077 0.0

1734546343
0.7 0.3 0.0

1734546343
0.0 0.0 0.0

1734546344
0.4666666666666667 0.5142857142857142 0.0

1734546344
0.4915254237288136 0.4745762711864407 0.0

1734546344
0.0 0.0 0.0

1734546344
0.8064516129032258 0.16129032258064516 0.03225806451612903

1734546344
0.5 0.25 0.0

1734546344
0.0 0.0 0.0

1734546344
0.6086956521739131 0.391304347826087 0.0

1734546344
0.6296296296296297 0.37037037037037035 0.0

1734546345
0.6190476190476191 0.38095238095238093 0.0

1734546345
0.7272727272727273 0.18181818181818182 0.0

1734546345
0.7241379310344828 0.27586206896551724 0.0

1734546345
0.7 0.3 0.0

1734546345
0.6875 0.25 0.0

1734546345
0.6666666666666666 0.3333333333333333 0.0

1734546345
0.6451612903225806 0.3225806451612903 0.0

1734546345
0.5 0.5 0.0

1734546345
0.0 0.0 0.0

1734546345
0.5 0.42857142857142855 0.0

1734546345
0.5333333333333333 0.4666666666666667 0.0

1734546345
0.8 0.2 0.0

1734546346
0.7058823529411765 0.29411764705882354 0.0

1734546346
0.7857142857142857 0.21428571428571427 0.0

1734546346
0.75 0.25 0.0

1734546346
0.6875 0.3125 0.0

1734546346
0.7142857142857143 0.21428571428571427 0.0

1734546346
0.3793103448275862 0.3103448275862069 0.0

1734546346
0.4583333333333333 0.125 0.0

1734546346
0.5625 0.0625 0.0

1734546346
0.5 0.5 0.0

1734546346
0.5 0.0 0.0

1734546346
0.375 0.20833333333333334 0.0

1734546346
0.42857142857142855 0.19047619047619047 0.0

1734546347
0.42857142857142855 0.14285714285714285 0.0

1734546347
0.0 0.0 0.0

1734546347
0.64 0.24 0.0

1734546347
0.48936170212765956 0.06382978723404255 0.0

1734546347
0.75 0.25 0.0

1734546347
0.75 0.20833333333333334 0.041666666666666664

1734546347
0.5 0.3333333333333333 0.0

1734546347
0.7916666666666666 0.20833333333333334 0.0

1734546347
0.0 0.0 0.0

1734546348
0.2222222222222222 0.43434343434343436 0.12121212121212122

1734546348
0.3050847457627119 0.4576271186440678 0.0847457627118644

1734546348
0.45454545454545453 0.3181818181818182 0.18181818181818182

1734546348
0.0 0.0 0.0

1734546349
0.26744186046511625 0.5 0.06976744186046512

1734546349
0.0 1.0 0.0

1734546350
0.23622047244094488 0.6692913385826772 0.015748031496062992

1734546350
0.2711864406779661 0.6271186440677966 0.01694915254237288

1734546350
0.0 0.0 0.0

1734546350
0.25 0.6666666666666666 0.0

1734546351
0.24456521739130435 0.6467391304347826 0.016304347826086956

1734546351
0.0 0.0 0.0

1734546352
0.29292929292929293 0.6414141414141414 0.015151515151515152

1734546352
0.0 0.0 0.0

1734546353
0.34673366834170855 0.592964824120603 0.005025125628140704

1734546353
0.0 0.0 0.0

1734546354
0.3877551020408163 0.5102040816326531 0.01020408163265306

1734546354
1.0 0.0 0.0

1734546355
0.21428571428571427 0.5561224489795918 0.01020408163265306

1734546355
0.0 0.0 0.0

1734546355
0.24390243902439024 0.6585365853658537 0.024390243902439025

1734546356
0.375 0.575 0.025

1734546356
0.2956521739130435 0.6434782608695652 0.008695652173913044

1734546356
0.0 0.0 0.0

1734546357
0.5051020408163265 0.4642857142857143 0.00510204081632653

1734546357
0.0 0.0 0.0

1734546358
0.6412213740458015 0.32061068702290074 0.03816793893129771

1734546358
0.49122807017543857 0.45614035087719296 0.017543859649122806

1734546358
0.0 0.0 0.0

1734546359
0.3357664233576642 0.6642335766423357 0.0

1734546359
0.5573770491803278 0.4262295081967213 0.0

1734546359
0.0 0.0 0.0

1734546359
0.5555555555555556 0.4444444444444444 0.0

1734546360
0.4479166666666667 0.4166666666666667 0.020833333333333332

1734546360
0.6896551724137931 0.20689655172413793 0.034482758620689655

1734546360
0.4528301886792453 0.4528301886792453 0.0

1734546360
0.0 0.0 0.0

1734546361
0.4947916666666667 0.22916666666666666 0.010416666666666666

1734546361
0.0 0.0 0.0

1734546362
0.3584905660377358 0.27672955974842767 0.031446540880503145

1734546362
0.6333333333333333 0.3333333333333333 0.0

1734546362
0.0 0.0 0.0

1734546363
0.6818181818181818 0.30303030303030304 0.005050505050505051

1734546363
0.0 0.0 0.0

1734546364
0.7717391304347826 0.22826086956521738 0.0

1734546364
0.6759259259259259 0.32407407407407407 0.0

1734546364
0.0 0.0 0.0

1734546365
0.5404040404040404 0.45454545454545453 0.0

1734546365
0.0 0.0 0.0

1734546366
0.5979899497487438 0.4020100502512563 0.0

1734546366
0.0 0.0 0.0

1734546367
0.58 0.42 0.0

1734546367
0.0 0.0 0.0

1734546368
0.6169154228855721 0.38308457711442784 0.0

1734546368
0.0 0.0 0.0

1734546369
0.6030150753768844 0.39195979899497485 0.0

1734546369
0.0 0.0 0.0

1734546370
0.57 0.43 0.0

1734546370
0.0 0.0 0.0

1734546370
0.5573770491803278 0.4426229508196721 0.0

1734546371
0.6896551724137931 0.3103448275862069 0.0

1734546371
0.6846846846846847 0.3153153153153153 0.0

1734546371
0.0 0.0 0.0

1734546372
0.5177664974619289 0.4619289340101523 0.0

1734546372
0.0 0.0 0.0

1734546373
0.6331658291457286 0.36683417085427134 0.0

1734546373
0.0 0.0 0.0

1734546374
0.78 0.22 0.0

1734546374
0.0 0.0 0.0

1734546375
0.5082872928176796 0.27071823204419887 0.0

1734546375
0.0 0.0 0.0

1734546376
0.7437185929648241 0.23618090452261306 0.0

1734546376
0.0 0.0 0.0

1734546377
0.8 0.2 0.0

1734546377
0.0 0.0 0.0

1734546378
0.795 0.205 0.0

1734546378
0.0 0.0 0.0

1734546379
0.775 0.225 0.0

1734546379
0.0 0.0 0.0

1734546380
0.7386934673366834 0.2613065326633166 0.0

1734546380
0.0 0.0 0.0

1734546381
0.77 0.23 0.0

1734546381
0.0 0.0 0.0

1734546382
0.815 0.185 0.0

1734546382
0.0 0.0 0.0

1734546383
0.7761194029850746 0.22388059701492538 0.0

1734546383
0.0 0.0 0.0

1734546384
0.7989949748743719 0.20100502512562815 0.0

1734546384
0.0 0.0 0.0

1734546385
0.8606965174129353 0.13930348258706468 0.0

1734546385
0.0 0.0 0.0

1734546386
0.7035175879396985 0.2964824120603015 0.0

1734546386
0.0 0.0 0.0

1734546387
0.8 0.2 0.0

1734546387
0.0 0.0 0.0

1734546388
0.8258706467661692 0.17412935323383086 0.0

1734546388
0.0 0.0 0.0

1734546389
0.83 0.17 0.0

1734546389
0.0 0.0 0.0

1734546390
0.855 0.145 0.0

1734546390
0.0 0.0 0.0

1734546391
0.835 0.165 0.0

1734546391
0.0 0.0 0.0

1734546392
0.82 0.18 0.0

1734546392
0.0 0.0 0.0

1734546393
0.864321608040201 0.135678391959799 0.0

1734546393
0.0 0.0 0.0

1734546394
0.93 0.07 0.0

1734546394
0.0 0.0 0.0

1734546395
0.85 0.15 0.0

1734546395
0.0 0.0 0.0

1734546396
0.84 0.16 0.0

1734546396
0.0 0.0 0.0

1734546397
0.7910447761194029 0.208955223880597 0.0

1734546397
0.0 0.0 0.0

1734546398
0.7889447236180904 0.21105527638190955 0.0

1734546398
0.0 0.0 0.0

1734546399
0.7860696517412935 0.21393034825870647 0.0

1734546399
0.0 0.0 0.0

1734546400
0.81 0.19 0.0

1734546400
0.0 0.0 0.0

1734546401
0.765 0.235 0.0

1734546401
0.0 0.0 0.0

1734546402
0.7788944723618091 0.22110552763819097 0.0

1734546402
0.0 0.0 0.0

1734546403
0.7761194029850746 0.22388059701492538 0.0

1734546403
0.0 0.0 0.0

1734546404
0.8442211055276382 0.15577889447236182 0.0

1734546404
0.0 0.0 0.0

1734546405
0.7960199004975125 0.19900497512437812 0.004975124378109453

1734546405
0.0 0.0 0.0

1734546406
0.7794117647058824 0.22058823529411764 0.0

1734546406
0.8947368421052632 0.10526315789473684 0.0

1734546406
0.8709677419354839 0.12903225806451613 0.0

1734546406
0.7605633802816901 0.23943661971830985 0.0

1734546406
1.0 0.0 0.0

1734546406
0.8181818181818182 0.18181818181818182 0.0

1734546406
0.0 0.0 0.0

1734546406
0.6666666666666666 0.3333333333333333 0.0

1734546406
0.8181818181818182 0.18181818181818182 0.0

1734546407
0.7450980392156863 0.24836601307189543 0.0

1734546407
1.0 0.0 0.0

1734546407
0.0 0.0 0.0

1734546407
0.6136363636363636 0.38636363636363635 0.0

1734546408
0.8571428571428571 0.14285714285714285 0.0

1734546408
0.6226415094339622 0.3584905660377358 0.0

1734546408
0.675 0.325 0.0

1734546408
0.0 0.0 0.0

1734546409
0.5151515151515151 0.4696969696969697 0.0

1734546409
0.0 0.0 0.0

1734546410
0.6751269035532995 0.3147208121827411 0.0

1734546410
0.0 0.0 0.0

1734546411
0.725 0.275 0.0

1734546411
0.0 0.0 0.0

1734546412
0.6884422110552764 0.3065326633165829 0.0

1734546412
0.0 0.0 0.0

1734546413
0.8529411764705882 0.14705882352941177 0.0

1734546413
0.6831683168316832 0.31683168316831684 0.0

1734546413
0.8125 0.1875 0.0

1734546413
0.0 0.0 0.0

1734546413
0.5454545454545454 0.36363636363636365 0.0

1734546414
0.5698924731182796 0.42473118279569894 0.0

1734546414
0.0 0.0 0.0

1734546414
0.5789473684210527 0.42105263157894735 0.0

1734546415
0.7678571428571429 0.23214285714285715 0.0

1734546415
0.6428571428571429 0.32142857142857145 0.0

1734546415
0.875 0.125 0.0

1734546415
0.813953488372093 0.18604651162790697 0.0

1734546415
0.0 0.0 0.0

1734546416
0.8208955223880597 0.1791044776119403 0.0

1734546416
0.0 0.0 0.0

1734546417
0.795 0.205 0.0

1734546417
0.0 0.0 0.0

1734546418
0.8 0.2 0.0

1734546418
0.0 0.0 0.0

1734546419
0.87 0.13 0.0

1734546419
0.0 0.0 0.0

1734546420
0.87 0.13 0.0

1734546420
0.0 0.0 0.0

1734546421
0.8592964824120602 0.1407035175879397 0.0

1734546421
0.0 0.0 0.0

1734546422
0.785 0.215 0.0

1734546422
0.0 0.0 0.0

1734546423
0.85 0.15 0.0

1734546423
0.0 0.0 0.0

1734546424
0.8855721393034826 0.11442786069651742 0.0

1734546424
0.0 0.0 0.0

1734546425
0.83 0.17 0.0

1734546425
0.0 0.0 0.0

1734546426
0.895 0.105 0.0

1734546426
0.0 0.0 0.0

1734546427
0.88 0.12 0.0

1734546427
0.0 0.0 0.0

1734546428
0.8090452261306532 0.19095477386934673 0.0

1734546428
0.0 0.0 0.0

1734546429
0.87 0.13 0.0

1734546429
0.0 0.0 0.0

1734546430
0.85 0.15 0.0

1734546430
0.0 0.0 0.0

1734546431
0.88 0.12 0.0

1734546431
0.0 0.0 0.0

1734546432
0.835 0.165 0.0

1734546432
0.0 0.0 0.0

1734546433
0.8606965174129353 0.13930348258706468 0.0

1734546433
0.0 0.0 0.0

1734546434
0.864321608040201 0.135678391959799 0.0

1734546434
0.0 0.0 0.0

1734546435
0.8706467661691543 0.12935323383084577 0.0

1734546435
0.0 0.0 0.0

1734546436
0.86 0.14 0.0

1734546436
0.0 0.0 0.0

1734546437
0.8542713567839196 0.1457286432160804 0.0

1734546437
0.0 0.0 0.0

1734546438
0.855 0.145 0.0

1734546438
0.0 0.0 0.0

1734546439
0.8756218905472637 0.12437810945273632 0.0

1734546439
0.0 0.0 0.0

1734546440
0.8592964824120602 0.1407035175879397 0.0

1734546440
0.0 0.0 0.0

1734546441
0.835 0.165 0.0

1734546441
0.0 0.0 0.0

1734546442
0.8557213930348259 0.14427860696517414 0.0

1734546442
0.0 0.0 0.0

1734546443
0.82 0.18 0.0

1734546443
0.0 0.0 0.0

1734546444
0.8190954773869347 0.18090452261306533 0.0

1734546444
0.0 0.0 0.0

1734546445
0.8905472636815921 0.10945273631840796 0.0

1734546445
0.0 0.0 0.0

1734546446
0.8165680473372781 0.1834319526627219 0.0

1734546446
0.8387096774193549 0.16129032258064516 0.0

1734546446
0.0 0.0 0.0

1734546446
1.0 0.0 0.0

1734546446
0.825 0.15 0.025

1734546447
0.8648648648648649 0.13513513513513514 0.0

1734546447
0.8050847457627118 0.19491525423728814 0.0

1734546447
0.0 0.0 0.0

1734546448
0.8407960199004975 0.15920398009950248 0.0

1734546448
0.0 0.0 0.0

1734546449
0.95 0.05 0.0

1734546449
0.0 0.0 0.0

1734546450
0.9292929292929293 0.0707070707070707 0.0

1734546450
1.0 0.0 0.0

1734546450
0.0 0.0 0.0

1734546450
0.8108108108108109 0.1891891891891892 0.0

1734546451
0.6585365853658537 0.34146341463414637 0.0

1734546451
0.0 0.0 0.0

1734546452
0.8117647058823529 0.18235294117647058 0.0

1734546452
0.8620689655172413 0.13793103448275862 0.0

1734546452
0.0 0.0 0.0

1734546452
0.0 1.0 0.0

1734546452
0.8409090909090909 0.1590909090909091 0.0

1734546453
0.8333333333333334 0.16666666666666666 0.0

1734546453
0.6605504587155964 0.3394495412844037 0.0

1734546453
0.6 0.4 0.0

1734546453
0.0 0.0 0.0

1734546453
0.7608695652173914 0.2391304347826087 0.0

1734546454
0.8607594936708861 0.13924050632911392 0.0

1734546454
0.7972972972972973 0.20270270270270271 0.0

1734546454
0.0 0.0 0.0

1734546455
0.9116022099447514 0.08839779005524862 0.0

1734546455
0.7368421052631579 0.2631578947368421 0.0

1734546455
0.0 0.0 0.0

1734546455
0.7058823529411765 0.29411764705882354 0.0

1734546455
1.0 0.0 0.0

1734546455
0.0 0.0 0.0

1734546455
0.0 0.0 0.0

1734546455
0.0 0.0 0.0

1734546455
0.0 0.0 0.0

1734546455
0.0 1.0 0.0

1734546455
0.0 0.0 0.0

1734546455
0.0 0.0 0.0

1734546455
0.0 0.0 0.0

1734546455
0.3333333333333333 0.3333333333333333 0.0

1734546455
0.0 0.0 0.0

1734546455
0.0 0.0 0.0

1734546455
0.0 0.0 0.0

1734546455
0.0 0.0 0.0

1734546455
1.0 0.0 0.0

1734546455
0.0 0.0 0.0

1734546455
0.0 0.0 0.0

1734546455
0.0 1.0 0.0

1734546455
0.0 0.0 0.0

1734546455
0.0 0.0 0.0

1734546455
1.0 0.0 0.0

1734546455
0.0 0.0 0.0

1734546455
0.0 0.0 0.0

1734546455
0.0 1.0 0.0

1734546455
0.0 0.0 0.0

1734546455
1.0 0.0 0.0

1734546455
1.0 0.0 0.0

1734546455
0.0 0.0 0.0

1734546455
0.0 0.0 0.0

1734546455
0.0 0.0 0.0

1734546455
0.0 0.0 0.0

1734546455
0.0 0.0 0.0

1734546455
0.0 0.0 0.0

1734546455
1.0 0.0 0.0

1734546455
0.0 0.0 0.0

1734546455
0.0 0.0 0.0

1734546455
0.0 0.0 0.0

1734546455
1.0 0.0 0.0

1734546455
0.5 0.5 0.0

1734546455
0.0 0.0 0.0

1734546455
0.0 0.0 0.0

1734546455
0.0 0.0 0.0

1734546455
1.0 0.0 0.0

1734546455
0.0 0.0 0.0

1734546455
0.0 0.0 0.0

1734546455
0.0 0.0 0.0

1734546455
0.0 0.0 0.0

1734546455
0.0 0.0 0.0

1734546455
1.0 0.0 0.0

1734546455
0.0 0.0 0.0

1734546455
0.0 0.0 0.0

1734546455
1.0 0.0 0.0

1734546455
0.0 0.0 0.0

1734546455
0.0 0.0 0.0

1734546455
0.6666666666666666 0.3333333333333333 0.0

1734546455
0.0 0.0 0.0

1734546455
0.0 0.0 0.0

1734546455
0.0 0.0 0.0

1734546455
0.0 0.0 0.0

1734546455
0.0 0.0 0.0

1734546455
0.0 0.0 0.0

1734546455
1.0 0.0 0.0

1734546455
0.0 0.0 0.0

1734546455
0.0 0.0 0.0

1734546455
0.0 0.0 0.0

1734546455
1.0 0.0 0.0

1734546455
1.0 0.0 0.0

1734546455
0.0 0.0 0.0

1734546455
0.0 0.0 0.0

1734546455
0.0 0.0 0.0

1734546455
0.0 0.0 0.0

1734546455
1.0 0.0 0.0

1734546455
0.0 0.0 0.0

1734546455
0.0 0.0 0.0

1734546455
0.0 1.0 0.0

1734546455
0.0 0.0 0.0

1734546456
1.0 0.0 0.0

1734546456
0.0 1.0 0.0

1734546456
0.0 0.0 0.0

1734546456
0.0 0.0 0.0

1734546456
0.0 0.0 0.0

1734546456
0.0 0.0 0.0

1734546456
0.0 0.0 0.0

1734546456
0.5 0.5 0.0

1734546456
0.0 0.0 0.0

1734546456
0.0 0.0 0.0

1734546456
1.0 0.0 0.0

1734546456
0.0 0.0 0.0

1734546456
0.0 0.0 0.0

1734546456
0.0 0.0 0.0

1734546456
0.0 0.0 0.0

1734546456
0.0 0.0 0.0

1734546456
1.0 0.0 0.0

1734546456
0.0 0.0 0.0

1734546456
0.0 0.0 0.0

1734546456
1.0 0.0 0.0

1734546456
0.0 0.0 0.0

1734546456
0.0 0.0 0.0

1734546456
0.0 1.0 0.0

1734546456
0.0 0.0 0.0

1734546456
0.0 0.0 0.0

1734546456
1.0 0.0 0.0

1734546456
0.0 0.0 0.0

1734546456
0.0 0.0 0.0

1734546456
1.0 0.0 0.0

1734546456
0.0 0.0 0.0

1734546456
0.0 0.0 0.0

1734546456
0.0 1.0 0.0

1734546456
0.0 0.0 0.0

1734546456
0.0 0.0 0.0

1734546456
1.0 0.0 0.0

1734546456
1.0 0.0 0.0

1734546456
0.0 0.0 0.0

1734546456
0.0 0.0 0.0

1734546456
1.0 0.0 0.0

1734546456
0.0 0.0 0.0

1734546456
0.0 0.0 0.0

1734546456
0.0 0.0 0.0

1734546456
0.0 0.0 0.0

1734546456
0.3333333333333333 0.6666666666666666 0.0

1734546456
0.0 0.0 0.0

1734546456
0.0 0.0 0.0

1734546456
0.0 0.0 0.0

1734546456
0.0 0.0 0.0

1734546456
0.0 0.0 0.0

1734546456
0.0 1.0 0.0

1734546456
1.0 0.0 0.0

1734546456
0.0 0.0 0.0

1734546456
0.0 0.0 0.0

1734546456
0.0 0.0 0.0

1734546456
1.0 0.0 0.0

1734546456
0.0 0.0 0.0

1734546456
0.0 0.0 0.0

1734546456
1.0 0.0 0.0

1734546456
0.0 0.0 0.0

1734546456
0.0 0.0 0.0

1734546456
1.0 0.0 0.0

1734546456
0.0 0.0 0.0

1734546456
0.0 0.0 0.0

1734546456
0.5 0.5 0.0

1734546456
0.0 0.0 0.0

1734546456
0.0 0.0 0.0

1734546456
0.0 0.0 0.0

1734546456
1.0 0.0 0.0

1734546456
0.0 0.0 0.0

1734546456
0.0 0.0 0.0

1734546456
0.0 0.0 0.0

1734546456
0.0 0.0 0.0

1734546456
0.0 0.0 0.0

1734546456
0.5 0.5 0.0

1734546456
1.0 0.0 0.0

1734546456
0.0 0.0 0.0

1734546456
0.0 0.0 0.0

1734546456
0.0 0.0 0.0

1734546456
0.0 0.0 0.0

1734546456
0.0 0.0 0.0

1734546456
1.0 0.0 0.0

1734546456
0.0 0.0 0.0

1734546456
0.0 0.0 0.0

1734546456
0.0 0.0 0.0

1734546456
0.0 0.0 0.0

1734546456
1.0 0.0 0.0

1734546456
0.0 0.0 0.0

1734546456
0.0 0.0 0.0

1734546456
0.0 0.0 0.0

1734546456
1.0 0.0 0.0

1734546456
0.0 0.0 0.0

1734546456
0.0 0.0 0.0

1734546456
1.0 0.0 0.0

1734546456
0.0 0.0 0.0

1734546456
0.0 0.0 0.0

1734546456
0.0 0.0 0.0

1734546456
0.5 0.5 0.0

1734546456
0.0 0.0 0.0

1734546456
0.0 0.0 0.0

1734546456
0.0 1.0 0.0

1734546456
1.0 0.0 0.0

1734546456
0.0 0.0 0.0

1734546456
0.0 0.0 0.0

1734546456
0.0 0.0 0.0

1734546456
0.0 0.0 0.0

1734546456
0.0 0.0 0.0

1734546456
0.0 0.0 0.0

1734546456
0.0 0.0 0.0

1734546456
1.0 0.0 0.0

1734546456
0.0 0.0 0.0

1734546456
0.0 0.0 0.0

1734546456
0.0 0.0 0.0

1734546456
0.0 1.0 0.0

1734546456
0.0 0.0 0.0

1734546456
0.0 0.0 0.0

1734546456
1.0 0.0 0.0

1734546456
0.0 0.0 0.0

1734546456
0.0 0.0 0.0

1734546456
1.0 0.0 0.0

1734546456
0.0 0.0 0.0

1734546456
0.0 0.0 0.0

1734546456
1.0 0.0 0.0

1734546456
0.0 0.0 0.0

1734546456
0.0 0.0 0.0

1734546456
0.0 1.0 0.0

1734546456
0.0 0.0 0.0

1734546456
0.8777777777777778 0.12222222222222222 0.0

1734546456
0.0 0.0 0.0

1734546457
0.8686868686868687 0.12121212121212122 0.0

1734546457
0.0 0.0 0.0

1734546458
0.8492462311557789 0.1507537688442211 0.0

1734546458
0.0 0.0 0.0

1734546459
0.855 0.135 0.0

1734546459
0.0 0.0 0.0

1734546460
0.8944723618090452 0.10050251256281408 0.0

1734546460
0.0 0.0 0.0

1734546461
0.8442211055276382 0.1507537688442211 0.0

1734546461
0.0 0.0 0.0

1734546462
0.89 0.105 0.0

1734546462
0.0 0.0 0.0

1734546463
0.8333333333333334 0.16161616161616163 0.0

1734546463
0.0 0.0 0.0

1734546464
0.803030303030303 0.18686868686868688 0.0

1734546464
0.0 0.0 0.0

1734546465
0.8324873096446701 0.15228426395939088 0.0

1734546465
0.0 0.0 0.0

1734546466
0.8442211055276382 0.1507537688442211 0.0

1734546466
0.0 0.0 0.0

1734546467
0.8391959798994975 0.15577889447236182 0.0

1734546467
0.0 0.0 0.0

1734546468
0.8241206030150754 0.1658291457286432 0.0

1734546468
0.0 0.0 0.0

1734546469
0.86 0.135 0.0

1734546469
0.0 0.0 0.0

1734546470
0.8592964824120602 0.135678391959799 0.0

1734546470
0.0 0.0 0.0

1734546471
0.8492462311557789 0.1407035175879397 0.005025125628140704

1734546471
0.0 0.0 0.0

1734546472
0.8492462311557789 0.1507537688442211 0.0

1734546472
0.0 0.0 0.0

1734546473
0.8542713567839196 0.1407035175879397 0.0

1734546473
0.0 0.0 0.0

1734546474
0.82 0.17 0.0

1734546474
0.0 0.0 0.0

1734546475
0.8274111675126904 0.16751269035532995 0.0

1734546475
0.0 0.0 0.0

1734546476
0.8291457286432161 0.1658291457286432 0.0

1734546476
0.0 0.0 0.0

1734546477
0.7929292929292929 0.19696969696969696 0.0

1734546477
0.0 0.0 0.0

1734546478
0.8121827411167513 0.17766497461928935 0.0

1734546478
0.0 0.0 0.0

1734546479
0.8542713567839196 0.135678391959799 0.0

1734546479
0.0 0.0 0.0

1734546480
0.8080808080808081 0.18686868686868688 0.0

1734546480
0.0 0.0 0.0

1734546481
0.8636363636363636 0.13131313131313133 0.0

1734546481
0.0 0.0 0.0

1734546482
0.8426395939086294 0.14720812182741116 0.0

1734546482
0.0 0.0 0.0

1734546483
0.855 0.135 0.0

1734546483
0.0 0.0 0.0

1734546484
0.8492462311557789 0.1407035175879397 0.005025125628140704

1734546484
0.0 0.0 0.0

1734546485
0.8383838383838383 0.15151515151515152 0.0

1734546485
0.0 0.0 0.0

1734546486
0.8426395939086294 0.14720812182741116 0.0

1734546486
0.0 0.0 0.0

1734546487
0.8426395939086294 0.14213197969543148 0.0

1734546487
0.0 0.0 0.0

1734546488
0.8939393939393939 0.10101010101010101 0.0

1734546488
0.0 0.0 0.0

1734546489
0.8578680203045685 0.1319796954314721 0.0

1734546489
0.0 0.0 0.0

1734546490
0.8210526315789474 0.14736842105263157 0.0

1734546490
0.0 0.0 0.0

1734546491
0.8706467661691543 0.12437810945273632 0.0

1734546491
0.0 0.0 0.0

1734546492
0.8693467336683417 0.1306532663316583 0.0

1734546492
0.0 0.0 0.0

1734546493
0.8492462311557789 0.1457286432160804 0.0

1734546493
0.0 0.0 0.0

1734546494
0.8092783505154639 0.16494845360824742 0.0

1734546494
0.0 0.0 0.0

1734546495
0.815 0.175 0.0

1734546495
0.0 0.0 0.0

1734546496
0.8557213930348259 0.13930348258706468 0.0

1734546496
0.0 0.0 0.0

1734546497
0.8793969849246231 0.11557788944723618 0.0

1734546497
0.0 0.0 0.0

1734546498
0.9045226130653267 0.09547738693467336 0.0

1734546498
0.0 0.0 0.0

1734546499
0.8656716417910447 0.12935323383084577 0.0

1734546499
0.0 0.0 0.0

1734546500
0.8333333333333334 0.15656565656565657 0.005050505050505051

1734546500
0.0 0.0 0.0

1734546501
0.8994974874371859 0.09547738693467336 0.0

1734546501
0.0 0.0 0.0

1734546502
0.8888888888888888 0.1111111111111111 0.0

1734546502
0.0 0.0 0.0

1734546503
0.8492462311557789 0.1457286432160804 0.0

1734546503
0.0 0.0 0.0

1734546504
0.8693467336683417 0.12562814070351758 0.0

1734546504
0.0 0.0 0.0

1734546505
0.8461538461538461 0.14358974358974358 0.0

1734546505
0.0 0.0 0.0

1734546506
0.8888888888888888 0.10606060606060606 0.0

1734546506
0.0 0.0 0.0

1734546507
0.8656716417910447 0.12935323383084577 0.0

1734546507
0.0 0.0 0.0

1734546508
0.8686868686868687 0.12626262626262627 0.0

1734546508
0.0 0.0 0.0

1734546509
0.8477157360406091 0.14213197969543148 0.0

1734546509
0.0 0.0 0.0

1734546510
0.8492462311557789 0.1407035175879397 0.0

1734546510
0.0 0.0 0.0

1734546511
0.8542713567839196 0.1407035175879397 0.0

1734546511
0.0 0.0 0.0

1734546512
0.8636363636363636 0.13131313131313133 0.0

1734546512
0.0 0.0 0.0

1734546513
0.8223350253807107 0.14720812182741116 0.0

1734546513
0.0 0.0 0.0

1734546514
0.815 0.175 0.0

1734546514
0.0 0.0 0.0

1734546515
0.8826530612244898 0.10714285714285714 0.0

1734546515
0.0 0.0 0.0

1734546516
0.898989898989899 0.10101010101010101 0.0

1734546516
0.0 0.0 0.0

1734546517
0.84 0.155 0.0

1734546517
0.0 0.0 0.0

1734546518
0.803030303030303 0.18181818181818182 0.0

1734546518
0.0 0.0 0.0

1734546519
0.8181818181818182 0.16161616161616163 0.005050505050505051

1734546519
0.0 0.0 0.0

1734546520
0.8578680203045685 0.1218274111675127 0.0

1734546520
0.0 0.0 0.0

1734546521
0.8484848484848485 0.14646464646464646 0.0

1734546521
0.0 0.0 0.0

1734546522
0.8434343434343434 0.13636363636363635 0.0

1734546522
0.0 0.0 0.0

1734546523
0.89 0.11 0.0

1734546523
0.0 0.0 0.0

1734546524
0.8542713567839196 0.135678391959799 0.0

1734546524
0.0 0.0 0.0

1734546525
0.8743718592964824 0.12562814070351758 0.0

1734546525
0.0 0.0 0.0

1734546526
0.8737373737373737 0.12121212121212122 0.0

1734546526
0.0 0.0 0.0

1734546527
0.8341708542713567 0.15577889447236182 0.0

1734546527
0.0 0.0 0.0

1734546528
0.8375634517766497 0.15228426395939088 0.0

1734546528
0.0 0.0 0.0

1734546529
0.8743718592964824 0.12060301507537688 0.0

1734546529
0.0 0.0 0.0

1734546530
0.8542713567839196 0.1407035175879397 0.0

1734546530
0.0 0.0 0.0

1734546531
0.8535353535353535 0.12626262626262627 0.005050505050505051

1734546531
0.0 0.0 0.0

1734546532
0.8592964824120602 0.1407035175879397 0.0

1734546532
0.0 0.0 0.0

1734546533
0.8939393939393939 0.09595959595959595 0.0

1734546533
0.0 0.0 0.0

1734546534
0.9045226130653267 0.09547738693467336 0.0

1734546534
0.0 0.0 0.0

1734546535
0.8939393939393939 0.10101010101010101 0.0

1734546535
0.0 0.0 0.0

1734546536
0.8542713567839196 0.1407035175879397 0.0

1734546536
0.0 0.0 0.0

1734546537
0.87 0.12 0.0

1734546537
0.0 0.0 0.0

1734546538
0.8622448979591837 0.1326530612244898 0.0

1734546538
0.0 0.0 0.0

1734546539
0.8888888888888888 0.10606060606060606 0.0

1734546539
0.0 0.0 0.0

1734546540
0.8469387755102041 0.1377551020408163 0.0

1734546540
0.0 0.0 0.0

1734546541
0.8686868686868687 0.12121212121212122 0.0

1734546541
0.0 0.0 0.0

1734546542
0.86 0.135 0.0

1734546542
0.0 0.0 0.0

1734546543
0.8844221105527639 0.11557788944723618 0.0

1734546543
0.0 0.0 0.0

1734546544
0.8316326530612245 0.14795918367346939 0.0

1734546544
0.0 0.0 0.0

1734546545
0.8787878787878788 0.1111111111111111 0.0

1734546545
0.0 0.0 0.0

1734546546
0.8693467336683417 0.12562814070351758 0.0

1734546546
0.0 0.0 0.0

1734546547
0.898989898989899 0.09090909090909091 0.0

1734546547
0.0 0.0 0.0

1734546548
0.88 0.11 0.005

1734546548
0.0 0.0 0.0

1734546549
0.8282828282828283 0.14646464646464646 0.0

1734546549
0.0 0.0 0.0

1734546550
0.8730964467005076 0.12690355329949238 0.0

1734546550
0.0 0.0 0.0

1734546551
0.84 0.155 0.0

1734546551
0.0 0.0 0.0

1734546552
0.8407960199004975 0.15422885572139303 0.0

1734546552
0.0 0.0 0.0

1734546553
0.8743718592964824 0.12060301507537688 0.0

1734546553
0.0 0.0 0.0

1734546554
0.895 0.105 0.0

1734546554
0.0 0.0 0.0

1734546555
0.87 0.125 0.0

1734546555
0.0 0.0 0.0

1734546556
0.8629441624365483 0.13705583756345177 0.0

1734546556
0.0 0.0 0.0

1734546557
0.895 0.1 0.0

1734546557
0.0 0.0 0.0

1734546558
0.8484848484848485 0.1414141414141414 0.0

1734546558
0.0 0.0 0.0

1734546559
0.8391959798994975 0.1507537688442211 0.0

1734546559
0.0 0.0 0.0

1734546560
0.7106598984771574 0.25380710659898476 0.0

1734546560
0.0 0.0 0.0

1734546561
0.7537688442211056 0.23115577889447236 0.0

1734546561
0.0 0.0 0.0

1734546562
0.8585858585858586 0.1414141414141414 0.0

1734546562
0.0 0.0 0.0

1734546563
0.7939698492462312 0.18592964824120603 0.0

1734546563
0.0 0.0 0.0

1734546564
0.8442211055276382 0.1457286432160804 0.0

1734546564
0.0 0.0 0.0

1734546565
0.797979797979798 0.1919191919191919 0.0

1734546565
0.0 0.0 0.0

1734546566
0.8686868686868687 0.11616161616161616 0.005050505050505051

1734546566
0.0 0.0 0.0

1734546567
0.8181818181818182 0.1717171717171717 0.0

1734546567
0.0 0.0 0.0

1734546568
0.875 0.12 0.0

1734546568
0.0 0.0 0.0

1734546569
0.8393782383419689 0.13989637305699482 0.0

1734546569
0.0 0.0 0.0

1734546570
0.7959183673469388 0.1836734693877551 0.0

1734546570
0.0 0.0 0.0

1734546571
0.8256410256410256 0.15897435897435896 0.0

1734546571
0.0 0.0 0.0

1734546572
0.868020304568528 0.1218274111675127 0.0

1734546572
0.0 0.0 0.0

1734546573
0.8190954773869347 0.17587939698492464 0.0

1734546573
0.0 0.0 0.0

1734546574
0.8535353535353535 0.13131313131313133 0.0

1734546574
0.0 0.0 0.0

1734546575
0.8391959798994975 0.1507537688442211 0.0

1734546575
0.0 0.0 0.0

1734546576
0.8383838383838383 0.1414141414141414 0.0

1734546576
0.0 0.0 0.0

1734546577
0.8686868686868687 0.12626262626262627 0.0

1734546577
0.0 0.0 0.0

1734546578
0.8426395939086294 0.15228426395939088 0.0

1734546578
0.0 0.0 0.0

1734546579
0.8838383838383839 0.10606060606060606 0.0

1734546579
0.0 0.0 0.0

1734546580
0.8190954773869347 0.18090452261306533 0.0

1734546580
0.0 0.0 0.0

1734546581
0.8636363636363636 0.1111111111111111 0.005050505050505051

1734546581
0.0 0.0 0.0

1734546582
0.8341708542713567 0.16080402010050251 0.0

1734546582
0.0 0.0 0.0

1734546583
0.6275510204081632 0.1989795918367347 0.0

1734546583
0.0 0.0 0.0

1734546584
0.4153846153846154 0.1076923076923077 0.0

1734546584
0.0 0.0 0.0

1734546585
0.5380434782608695 0.15760869565217392 0.005434782608695652

1734546585
0.5 0.125 0.0

1734546585
0.0 0.0 0.0

1734546585
0.4117647058823529 0.11764705882352941 0.0

1734546585
1.0 0.0 0.0

1734546585
0.4 0.2 0.0

1734546586
0.08333333333333333 0.125 0.008333333333333333

1734546586
0.0 0.0 0.0

1734546587
0.06557377049180328 0.13114754098360656 0.0

1734546587
0.0 0.0 0.0

1734546587
0.6428571428571429 0.2857142857142857 0.0

1734546587
0.19047619047619047 0.14285714285714285 0.0

1734546587
0.0 0.0 0.0

1734546588
0.0364963503649635 0.11678832116788321 0.0

1734546588
0.0 0.0 0.0

1734546589
0.051094890510948905 0.0948905109489051 0.0

1734546589
0.0 0.0 0.0

1734546590
0.1056338028169014 0.14084507042253522 0.0

1734546590
0.0 0.0 0.0

1734546590
0.25 0.0 0.0

1734546590
0.4 0.2 0.0

1734546590
1.0 0.0 0.0

1734546591
0.5245901639344263 0.3770491803278688 0.0

1734546591
0.4857142857142857 0.42857142857142855 0.0

1734546591
0.28846153846153844 0.17307692307692307 0.0

1734546591
0.0 0.0 0.0

1734546592
0.022556390977443608 0.09774436090225563 0.0

1734546592
0.0 0.0 0.0

1734546593
0.14925373134328357 0.20149253731343283 0.0

1734546593
0.15384615384615385 0.23076923076923078 0.0

1734546593
0.6666666666666666 0.0 0.0

1734546593
0.25 0.25 0.0

1734546593
0.0 0.0 0.0

1734546594
0.17333333333333334 0.06666666666666667 0.0

1734546594
0.0 0.0 0.0

1734546595
0.037037037037037035 0.08888888888888889 0.007407407407407408

1734546595
0.0 0.0 0.0

1734546596
0.10344827586206896 0.2 0.006896551724137931

1734546596
0.0 0.0 0.0

1734546597
0.1103448275862069 0.3103448275862069 0.2482758620689655

1734546597
0.0 0.0 0.0

1734546598
0.14375 0.3625 0.15625

1734546598
0.0 0.0 0.0

1734546599
0.33540372670807456 0.2236024844720497 0.049689440993788817

1734546599
0.0 0.0 0.0

1734546600
0.1870967741935484 0.14193548387096774 0.0064516129032258064

1734546600
0.0 0.0 0.0

1734546601
0.15584415584415584 0.2662337662337662 0.0

1734546601
0.0 0.0 0.0

1734546602
0.1935483870967742 0.25161290322580643 0.0

1734546602
0.0 0.0 0.0

1734546603
0.18064516129032257 0.2709677419354839 0.0

1734546603
0.0 0.0 0.0

1734546604
0.1958041958041958 0.20279720279720279 0.0

1734546604
0.0 0.0 0.0

1734546605
0.17105263157894737 0.23684210526315788 0.006578947368421052

1734546605
0.0 0.0 0.0

1734546606
0.14666666666666667 0.18 0.0

1734546606
0.0 0.0 0.0

1734546607
0.13793103448275862 0.0896551724137931 0.006896551724137931

1734546607
0.0 0.0 0.0

1734546608
0.16666666666666666 0.11333333333333333 0.0

1734546608
0.0 0.0 0.0

1734546609
0.1276595744680851 0.07801418439716312 0.0070921985815602835

1734546609
0.0 0.0 0.0

1734546609
0.0 0.14285714285714285 0.0

1734546609
0.3888888888888889 0.1111111111111111 0.0

1734546610
0.22666666666666666 0.09333333333333334 0.02666666666666667

1734546610
0.5 0.0 0.0

1734546610
0.5869565217391305 0.2608695652173913 0.0

1734546610
0.0 0.0 0.0

1734546611
0.8111888111888111 0.09090909090909091 0.0

1734546611
0.4888888888888889 0.06666666666666667 0.0

1734546611
0.0 0.0 0.0

1734546612
0.08391608391608392 0.0979020979020979 0.006993006993006993

1734546612
0.0 0.0 0.0

1734546612
0.05405405405405406 0.16216216216216217 0.0

1734546613
0.48095238095238096 0.0761904761904762 0.004761904761904762

