1734546292
1999388 472996 25632 207144 969960 673584

1734546293
1999388 426060 26760 244980 969960 673584

1734546293
1999388 426060 26760 244980 969960 673584

1734546293
1999388 426312 26760 244980 969960 673584

1734546293
1999388 424532 26804 245184 969960 673584

1734546293
1999388 423776 26980 246000 969960 673584

1734546293
1999388 425012 27000 246104 969960 673584

1734546293
1999388 422704 27180 246544 969960 673584

1734546293
1999388 425164 27200 246648 969960 673584

1734546294
1999388 423116 27268 246952 969960 673584

1734546294
1999388 422484 27416 247216 969960 673584

1734546294
1999388 423232 27436 247320 969960 673584

1734546294
1999388 419356 27612 248296 969960 673584

1734546294
1999388 423112 27616 248292 969960 673584

1734546294
1999388 420568 27728 248552 969960 673584

1734546294
1999388 419728 27772 248756 969960 673584

1734546294
1999388 421256 27868 248784 969960 673584

1734546294
1999388 421256 27908 248868 969960 673584

1734546294
1999388 418696 27920 249088 969960 673584

1734546294
1999388 424232 27928 249080 969960 673584

1734546294
1999388 423760 27928 249080 969960 673584

1734546294
1999388 423508 27928 249080 969960 673584

1734546294
1999388 418152 28000 249256 969960 673584

1734546294
1999388 423948 28012 249244 969960 673584

1734546294
1999388 418568 28064 249440 969960 673584

1734546294
1999388 425144 28064 249440 969960 673584

1734546294
1999388 418112 28100 249652 969960 673584

1734546295
1999388 421356 28108 249644 969960 673584

1734546295
1999388 419032 28152 249724 969960 673584

1734546295
1999388 421016 28160 249716 969960 673584

1734546295
1999388 419700 28232 249892 969960 673584

1734546295
1999388 418860 28284 249964 969960 673584

1734546295
1999388 419332 28336 250036 969960 673584

1734546295
1999388 418180 28352 250144 969960 673584

1734546295
1999388 419440 28368 250252 969960 673584

1734546295
1999388 418124 28400 250220 969960 673584

1734546295
1999388 419580 28444 250424 969960 673584

1734546295
1999388 418532 28488 250504 969960 673584

1734546295
1999388 420236 28508 250580 969960 673584

1734546295
1999388 420236 28508 250580 969960 673584

1734546295
1999388 420236 28508 250580 969960 673584

1734546295
1999388 406264 28588 250624 969960 673584

1734546296
1999388 369348 28600 250736 969960 673584

1734546296
1999388 364364 28732 251472 969960 673584

1734546296
1999388 367600 28736 251468 969960 673584

1734546296
1999388 364160 28800 251776 969960 673584

1734546296
1999388 371520 28808 251768 969960 673584

1734546296
1999388 363292 28848 251852 969960 673584

1734546296
1999388 366828 28860 251840 969960 673584

1734546296
1999388 362748 28888 253300 969960 673584

1734546296
1999388 363124 28904 253284 969960 673584

1734546296
1999388 363092 28988 253588 969960 673584

1734546296
1999388 355492 28996 253704 969960 673584

1734546296
1999388 355492 28996 253704 969960 673584

1734546296
1999388 364060 29012 253688 969960 673584

1734546296
1999388 363212 29028 253672 969960 673584

1734546296
1999388 364240 29044 253780 969960 673584

1734546296
1999388 362696 29076 253872 969960 673584

1734546296
1999388 361412 29108 253964 969960 673584

1734546297
1999388 357244 29188 254380 969960 673584

1734546297
1999388 362924 29192 254376 969960 673584

1734546297
1999388 362168 29236 254456 969960 673584

1734546297
1999388 361536 29276 254540 969960 673584

1734546297
1999388 361480 29336 254728 969960 673584

1734546297
1999388 360464 29388 255172 969960 673584

1734546297
1999388 360400 29404 255280 969960 673584

1734546297
1999388 359360 29484 255448 969960 673584

1734546297
1999388 363376 29492 255440 969960 673584

1734546297
1999388 357500 29560 255868 969960 673584

1734546297
1999388 360028 29584 255968 969960 673584

1734546297
1999388 358676 29660 256224 969960 673584

1734546297
1999388 350036 29660 256224 969960 673584

1734546297
1999388 350036 29660 256224 969960 673584

1734546297
1999388 359856 29676 256332 969960 673584

1734546297
1999388 359176 29720 256536 969960 673584

1734546297
1999388 357632 29784 256720 969960 673584

1734546297
1999388 358828 29804 256700 969960 673584

1734546297
1999388 357744 29848 256780 969960 673584

1734546298
1999388 358504 29888 256988 969960 673584

1734546298
1999388 357416 29932 257316 969960 673584

1734546298
1999388 357132 29992 257380 969960 673584

1734546298
1999388 357896 30016 257604 969960 673584

1734546298
1999388 356848 30056 257688 969960 673584

1734546298
1999388 355792 30132 257860 969960 673584

1734546298
1999388 359824 30144 257972 969960 673584

1734546298
1999388 353720 30228 258136 969960 673584

1734546298
1999388 362548 30228 258136 969960 673584

1734546298
1999388 344280 30248 258192 969960 673584

1734546298
1999388 344280 30248 258192 969960 673584

1734546298
1999388 365960 30496 259184 969960 673584

1734546298
1999388 362264 30496 259184 969960 673584

1734546298
1999388 364520 30692 259980 969960 673584

1734546298
1999388 363568 30692 259980 969960 673584

1734546298
1999388 364544 30760 260160 969960 673584

1734546298
1999388 360820 30760 260160 969960 673584

1734546299
1999388 363092 30948 260964 969960 673584

1734546299
1999388 362904 30948 260964 969960 673584

1734546299
1999388 349728 31128 261280 969960 673584

1734546299
1999388 355400 31132 261276 969960 673584

1734546299
1999388 348548 31196 261584 969960 673584

1734546299
1999388 352556 31216 261688 969960 673584

1734546299
1999388 349696 31272 261772 969960 673584

1734546299
1999388 351208 31272 261772 969960 673584

1734546299
1999388 351208 31272 261772 969960 673584

1734546299
1999388 351208 31272 261772 969960 673584

1734546299
1999388 350152 31280 261888 969960 673584

1734546299
1999388 351160 31284 262008 969960 673584

1734546299
1999388 346740 31364 263788 969960 673584

1734546299
1999388 353204 31368 263784 969960 673584

1734546300
1999388 264684 32216 340820 969960 673584

1734546300
1999388 260164 32664 343468 969960 673584

1734546300
1999388 273048 32664 343468 969960 673584

1734546300
1999388 258524 32752 345240 969960 673584

1734546300
1999388 264248 32852 345220 969960 673584

1734546300
1999388 249476 32856 345204 969960 673584

1734546300
1999388 249476 32856 345204 969960 673584

1734546300
1999388 239504 32904 363136 969960 673584

1734546300
1999388 247624 32904 363136 969960 673584

1734546300
1999388 239756 32940 363472 969960 673584

1734546301
1999388 190660 33028 410860 969960 673584

1734546301
1999388 197180 33028 410860 969960 673584

1734546301
1999388 192104 33220 411040 969960 673584

1734546301
1999388 193124 33268 411240 969960 673584

1734546301
1999388 193652 33272 411236 969960 673584

1734546301
1999388 190212 33292 413200 969960 673584

1734546301
1999388 189808 33344 413272 969960 673584

1734546301
1999388 194620 33344 413272 969960 673584

1734546301
1999388 189524 33376 413488 969960 673584

1734546301
1999388 192580 33388 413476 969960 673584

1734546301
1999388 189980 33420 413564 969960 673584

1734546301
1999388 180584 33428 414424 969960 673584

1734546301
1999388 180584 33428 414424 969960 673584

1734546301
1999388 189372 33436 414540 969960 673584

1734546301
1999388 189112 33476 414624 969960 673584

1734546301
1999388 190080 33480 414744 969960 673584

1734546301
1999388 188056 33504 414720 969960 673584

1734546301
1999388 188608 33540 415056 969960 673584

1734546301
1999388 189008 33548 415048 969960 673584

1734546302
1999388 188164 33568 415276 969960 673584

1734546302
1999388 187928 33616 415228 969960 673584

1734546302
1999388 188920 33876 415340 969960 673584

1734546302
1999388 187044 33904 415560 969960 673584

1734546302
1999388 187296 33924 415664 969960 673584

1734546302
1999388 187384 33948 415764 969960 673584

1734546302
1999388 180484 33996 420056 969960 673584

1734546302
1999388 185980 34004 420048 969960 673584

1734546302
1999388 180900 34068 420316 969960 673584

1734546302
1999388 182892 34092 420416 969960 673584

1734546302
1999388 180560 34160 420572 969960 673584

1734546302
1999388 180560 34160 420572 969960 673584

1734546302
1999388 180560 34160 420572 969960 673584

1734546302
1999388 181820 34176 420804 969960 673584

1734546302
1999388 179780 34240 420988 969960 673584

1734546302
1999388 181924 34264 421088 969960 673584

1734546302
1999388 178228 34328 421396 969960 673584

1734546302
1999388 184656 34328 421396 969960 673584

1734546303
1999388 152716 34520 446252 969960 673584

1734546303
1999388 113016 35584 482884 969960 673584

1734546303
1999388 81532 27224 521124 969960 673584

1734546303
1999388 89092 27224 521124 969960 673584

1734546303
1999388 69916 27256 521104 969960 673584

1734546303
1999388 69916 27256 521104 969960 673584

1734546303
1999388 80444 27276 521456 969960 673584

1734546303
1999388 87004 27280 521452 969960 673584

1734546303
1999388 82560 27304 521552 969960 673584

1734546303
1999388 82584 27340 521640 969960 673584

1734546303
1999388 82736 27368 521736 969960 673584

1734546303
1999388 81740 27384 521720 969960 673584

1734546304
1999388 82432 27396 521832 969960 673584

1734546304
1999388 81888 27420 521932 969960 673584

1734546304
1999388 82332 27456 522020 969960 673584

1734546304
1999388 80708 27560 522492 969960 673584

1734546304
1999388 80888 27704 522760 969960 673584

1734546304
1999388 79200 27816 523144 969960 673584

1734546304
1999388 79128 27936 523272 969960 673584

1734546304
1999388 79732 27980 523352 969960 673584

1734546304
1999388 79836 28020 523312 969960 673584

1734546304
1999388 79480 28028 523576 969960 673584

1734546304
1999388 76984 28028 523576 969960 673584

1734546304
1999388 76984 28028 523576 969960 673584

1734546304
1999388 79152 28028 523700 969960 673584

1734546304
1999388 79292 28040 523688 969960 673584

1734546304
1999388 78968 28052 523800 969960 673584

1734546304
1999388 79196 28056 523920 969960 673584

1734546304
1999388 77848 28060 524040 969960 673584

1734546304
1999388 78280 28072 524276 969960 673584

1734546305
1999388 78792 28164 524680 969960 673584

1734546305
1999388 77824 28192 524776 969960 673584

1734546305
1999388 93536 26260 508684 969960 673064

1734546305
1999388 95772 26280 508788 969960 673064

1734546305
1999388 95112 26352 508840 969960 673064

1734546305
1999388 95812 26360 508832 969960 673064

1734546305
1999388 92960 26388 509548 969960 673064

1734546305
1999388 95252 26404 509532 969960 673064

1734546305
1999388 93920 26464 509720 969960 673064

1734546305
1999388 94244 26492 509816 969960 673064

1734546305
1999388 94936 26496 509852 969960 673064

1734546305
1999388 82572 26504 509896 969960 673064

1734546305
1999388 82572 26504 509896 969960 673064

1734546305
1999388 92376 26524 510000 969960 673064

1734546305
1999388 94976 26540 509984 969960 673064

1734546305
1999388 91576 26600 510172 969960 673064

1734546305
1999388 94004 26640 510256 969960 673064

1734546305
1999388 93224 26648 510248 969960 673064

1734546306
1999388 93696 26668 510476 969960 673064

1734546306
1999388 92600 26700 510568 969960 673064

1734546306
1999388 92324 26756 510636 969960 673064

1734546306
1999388 92544 26780 510736 969960 673064

1734546306
1999388 93032 26784 510732 969960 673064

1734546306
1999388 92064 26820 510904 969960 673064

1734546306
1999388 93508 26840 511132 969960 673064

1734546306
1999388 89268 26868 511228 969960 673064

1734546306
1999388 94464 26868 505324 969960 672552

1734546306
1999388 93228 26868 505324 969960 672552

1734546306
1999388 92724 26868 505324 969960 672552

1734546306
1999388 95400 26916 507756 969960 672552

1734546306
1999388 95904 26948 507848 969960 672552

1734546306
1999388 96352 27080 508088 969960 672552

1734546306
1999388 93840 27112 508180 969960 672552

1734546307
1999388 91932 27404 511484 969960 672552

1734546307
1999388 91436 27468 511668 969960 672552

1734546307
1999388 91436 27520 511616 969960 672552

1734546307
1999388 91932 27528 511732 969960 672552

1734546307
1999388 87204 27568 513676 969960 672552

1734546307
1999388 91268 27584 514156 969960 672552

1734546307
1999388 92024 28104 504672 969960 672296

1734546307
1999388 65656 28520 517412 969960 672296

1734546307
1999388 65656 28520 517412 969960 672296

1734546307
1999388 80880 30484 511288 969960 672296

1734546308
1999388 87876 30724 506056 969960 672040

1734546308
1999388 90144 30772 506256 969960 672040

1734546308
1999388 92900 30788 506240 969960 672040

1734546308
1999388 88392 30876 506400 969960 672040

1734546308
1999388 96488 30876 506400 969960 672040

1734546308
1999388 87524 30952 506820 969960 672040

1734546308
1999388 94084 30960 506812 969960 672040

1734546308
1999388 87492 31024 506996 969960 672040

1734546308
1999388 90460 31052 507216 969960 672040

1734546308
1999388 86672 31120 507520 969960 672040

1734546308
1999388 71776 31240 510936 969960 672040

1734546308
1999388 71776 31240 510936 969960 672040

1734546308
1999388 99832 31452 506620 969960 672040

1734546308
1999388 99832 31452 506620 969960 672040

1734546308
1999388 86240 31640 506928 969960 672040

1734546308
1999388 94556 31640 506928 969960 672040

1734546309
1999388 82600 31964 509580 969960 672040

1734546309
1999388 88952 32068 509600 969960 672040

1734546309
1999388 82304 32140 509652 969960 672040

1734546309
1999388 86936 32160 509964 969960 672040

1734546309
1999388 84124 32200 510048 969960 672040

1734546309
1999388 84068 32272 510224 969960 672040

1734546309
1999388 84436 32296 510324 969960 672040

1734546309
1999388 82900 32360 510632 969960 672040

1734546309
1999388 83608 32380 510860 969960 672040

1734546309
1999388 80228 32464 511100 969960 672040

1734546309
1999388 73652 32464 511100 969960 672040

1734546309
1999388 73652 32464 511100 969960 672040

1734546309
1999388 83148 32472 511092 969960 672040

1734546309
1999388 81432 32568 511244 969960 672040

1734546309
1999388 82132 32568 511244 969960 672040

1734546309
1999388 82544 32572 511364 969960 672040

1734546309
1999388 80232 32584 512840 969960 672040

1734546310
1999388 80484 32588 513084 969960 672040

1734546310
1999388 80176 32592 513080 969960 672040

1734546310
1999388 78852 32596 513944 969960 672040

1734546310
1999388 79088 32604 514060 969960 672040

1734546310
1999388 77244 32724 514596 969960 672040

1734546310
1999388 77944 32744 514700 969960 672040

1734546310
1999388 78164 32768 514800 969960 672040

1734546310
1999388 89756 32800 502244 969960 672040

1734546310
1999388 89384 32816 502476 969960 672040

1734546310
1999388 89384 32840 502576 969960 672040

1734546310
1999388 81068 32844 502572 969960 672040

1734546310
1999388 81068 32844 502572 969960 672040

1734546310
1999388 85956 32888 503180 969960 672040

1734546310
1999388 90956 32908 503284 969960 672040

1734546310
1999388 87872 32972 503468 969960 672040

1734546310
1999388 95268 32976 503464 969960 672040

1734546311
1999388 80096 33048 510800 969960 672040

1734546311
1999388 81868 33060 512772 969960 672040

1734546311
1999388 86152 33088 506148 969960 672040

1734546311
1999388 81048 33124 509472 969960 672040

1734546311
1999388 97616 33156 505372 969960 672040

1734546311
1999388 97616 33156 505372 969960 672040

1734546311
1999388 96216 33200 507436 969960 672040

1734546311
1999388 95972 33200 507436 969960 672040

1734546311
1999388 83024 33248 507760 969960 672040

1734546311
1999388 89820 33248 507760 969960 672040

1734546311
1999388 73628 33252 507836 969960 672040

1734546311
1999388 73628 33252 507836 969960 672040

1734546311
1999388 83448 33292 507920 969960 672040

1734546311
1999388 89008 33292 508004 969960 672040

1734546311
1999388 81608 33340 509072 969960 672040

1734546311
1999388 87240 33344 509192 969960 672040

1734546311
1999388 82396 33380 509280 969960 672040

1734546312
1999388 94024 33416 495252 969960 672040

1734546312
1999388 107632 33416 495252 969960 672040

1734546312
1999388 88284 33460 502772 969960 672040

1734546312
1999388 89812 33464 503388 969960 672040

1734546312
1999388 88536 33488 503364 969960 672040

1734546312
1999388 87528 33552 503672 969960 672040

1734546312
1999388 89528 33588 503760 969960 672040

1734546312
1999388 89300 33592 503756 969960 672040

1734546312
1999388 88324 33620 503808 969960 672040

1734546312
1999388 89316 33636 503956 969960 672040

1734546312
1999388 89316 33636 503956 969960 672040

1734546312
1999388 89316 33636 503956 969960 672040

1734546312
1999388 88072 33676 504040 969960 672040

1734546312
1999388 87016 33760 504080 969960 672040

1734546312
1999388 89804 33760 504080 969960 672040

1734546312
1999388 83448 33816 506464 969960 672040

1734546312
1999388 88764 33820 506460 969960 672040

1734546313
1999388 83024 34272 506876 969960 672040

1734546313
1999388 92348 34272 506876 969960 672040

1734546313
1999388 82164 34320 507448 969960 672040

1734546313
1999388 93324 34320 507448 969960 672040

1734546313
1999388 81708 34392 507500 969960 672040

1734546313
1999388 94072 34392 507500 969960 672040

1734546313
1999388 79832 34448 509800 969960 672040

1734546313
1999388 85620 34448 509800 969960 672040

1734546313
1999388 68168 34492 509892 969960 672040

1734546313
1999388 67916 34492 509892 969960 672040

1734546313
1999388 78468 34516 509868 969960 672040

1734546313
1999388 80112 34824 510180 969960 672040

1734546313
1999388 80428 34832 510172 969960 672040

1734546313
1999388 79388 34860 510392 969960 672040

1734546314
1999388 80144 34880 510496 969960 672040

1734546314
1999388 78632 34932 510692 969960 672040

1734546314
1999388 78504 35056 511560 969960 672040

1734546314
1999388 78188 35068 511548 969960 672040

1734546314
1999388 86960 35092 502372 969960 672040

1734546314
1999388 87448 35112 502476 969960 672040

1734546314
1999388 86684 35196 502516 969960 672040

1734546314
1999388 87504 35200 502636 969960 672040

1734546314
1999388 87864 35264 500592 969960 672040

1734546314
1999388 89896 35268 500784 969960 672040

1734546314
1999388 89896 35268 500784 969960 672040

1734546314
1999388 89896 35268 500784 969960 672040

1734546314
1999388 86976 35284 501512 969960 672040

1734546314
1999388 93016 35292 501504 969960 672040

1734546314
1999388 80548 35296 507452 969960 672040

1734546314
1999388 86040 35296 507452 969960 672040

1734546315
1999388 83712 36048 501268 969960 672040

1734546315
1999388 85268 36336 501476 969960 672040

1734546315
1999388 81968 36504 502548 969960 672040

1734546315
1999388 85164 36528 502524 969960 672040

1734546315
1999388 83320 36536 502640 969960 672040

1734546315
1999388 82644 36660 502888 969960 672040

1734546315
1999388 83516 36736 502936 969960 672040

1734546315
1999388 78720 36940 504752 969960 672040

1734546315
1999388 84128 36940 504752 969960 672040

1734546315
1999388 80364 36940 504752 969960 672040

1734546315
1999388 80112 36940 504752 969960 672040

1734546315
1999388 80488 36972 504844 969960 672040

1734546315
1999388 80384 37112 505076 969960 672040

1734546315
1999388 79320 37188 505124 969960 672040

1734546315
1999388 83612 37192 505120 969960 672040

1734546316
1999388 77604 37232 505576 969960 672040

1734546316
1999388 81140 37236 505572 969960 672040

1734546316
1999388 78256 37296 505884 969960 672040

1734546316
1999388 85564 38848 494868 969960 672040

1734546316
1999388 87908 38884 495080 969960 672040

1734546316
1999388 84356 38912 496416 969960 672040

1734546316
1999388 85364 38932 496604 969960 672040

1734546316
1999388 74732 38968 496692 969960 672040

1734546316
1999388 74732 38968 496692 969960 672040

1734546316
1999388 84008 38968 496692 969960 672040

1734546316
1999388 84200 38996 496788 969960 672040

1734546316
1999388 93504 39148 484876 969960 672040

1734546316
1999388 105380 39148 484876 969960 672040

1734546317
1999388 94316 39180 485092 969960 672040

1734546317
1999388 92040 39388 488768 969960 672040

1734546317
1999388 90340 39536 489116 969960 672040

1734546317
1999388 91576 39596 489180 969960 672040

1734546317
1999388 90056 39608 489292 969960 672040

1734546317
1999388 88788 39628 491628 969960 672040

1734546317
1999388 87788 39656 491848 969960 672040

1734546317
1999388 87268 39916 492132 969960 672040

1734546317
1999388 75652 39944 492144 969960 672040

1734546317
1999388 75652 39948 492140 969960 672040

1734546317
1999388 87472 39960 492128 969960 672040

1734546317
1999388 90424 39964 492248 969960 672040

1734546317
1999388 85336 39996 492712 969960 672040

1734546317
1999388 87408 40016 492940 969960 672040

1734546317
1999388 86132 40072 493008 969960 672040

1734546318
1999388 85508 40280 493792 969960 672040

1734546318
1999388 84184 40324 493872 969960 672040

1734546318
1999388 89216 40912 486640 969960 672040

1734546318
1999388 96516 40912 486640 969960 672040

1734546318
1999388 87876 41028 487144 969960 672040

1734546318
1999388 91504 41124 487048 969960 672040

1734546318
1999388 87584 41156 487388 969960 672040

1734546318
1999388 89780 41308 487732 969960 672040

1734546318
1999388 87956 41372 487804 969960 672040

1734546318
1999388 87736 41372 487804 969960 672040

1734546318
1999388 87736 41372 487804 969960 672040

1734546318
1999388 89208 41392 487908 969960 672040

1734546318
1999388 87664 41460 488088 969960 672040

1734546318
1999388 88648 41476 488072 969960 672040

1734546318
1999388 88080 41520 488276 969960 672040

1734546319
1999388 88272 41564 488356 969960 672040

1734546319
1999388 87276 41632 488412 969960 672040

1734546319
1999388 88544 41632 488536 969960 672040

1734546319
1999388 84228 41660 491112 969960 672040

1734546319
1999388 85748 41676 491220 969960 672040

1734546319
1999388 84984 41704 491316 969960 672040

1734546319
1999388 84764 41724 491792 969960 672040

1734546319
1999388 83944 41772 492044 969960 672040

1734546319
1999388 85320 41772 492044 969960 672040

1734546319
1999388 77768 41772 492044 969960 672040

1734546319
1999388 77768 41772 492044 969960 672040

1734546319
1999388 82508 41816 492248 969960 672040

1734546319
1999388 87776 41828 492236 969960 672040

1734546319
1999388 80348 42012 492672 969960 672040

1734546319
1999388 84128 42020 492664 969960 672040

1734546319
1999388 82280 42048 492884 969960 672040

1734546320
1999388 80008 42068 495096 969960 672040

1734546320
1999388 80992 42092 495320 969960 672040

1734546320
1999388 80748 42116 495296 969960 672040

1734546320
1999388 77896 42148 495760 969960 672040

1734546320
1999388 80424 42168 495740 969960 672040

1734546320
1999388 79880 42192 495840 969960 672040

1734546320
1999388 77052 42220 496556 969960 672040

1734546320
1999388 81256 42240 496660 969960 672040

1734546320
1999388 77124 42272 496752 969960 672040

1734546320
1999388 77836 42292 497232 969960 672040

1734546320
1999388 68008 42296 497264 969960 672040

1734546320
1999388 68008 42296 497264 969960 672040

1734546320
1999388 77316 42316 497368 969960 672040

1734546320
1999388 103144 42720 466616 969960 672040

1734546320
1999388 109984 42780 466556 969960 672040

1734546321
1999388 90984 43240 478932 969960 672040

1734546321
1999388 93024 43836 475016 969960 672040

1734546321
1999388 103040 45892 476060 969960 672040

1734546321
1999388 103040 45892 476060 969960 672040

1734546321
1999388 78280 45928 476924 969960 672040

1734546321
1999388 78280 45928 476924 969960 672040

1734546321
1999388 89596 45968 476884 969960 672040

1734546321
1999388 90596 46096 477376 969960 672040

1734546321
1999388 90360 46204 477392 969960 672040

1734546321
1999388 90532 46292 477676 969960 672040

1734546322
1999388 90588 46348 477744 969960 672040

1734546322
1999388 89588 46444 478144 969960 672040

1734546322
1999388 88136 46548 478288 969960 672040

1734546322
1999388 87152 46756 478700 969960 672040

1734546322
1999388 87348 46808 478896 969960 672040

1734546322
1999388 87764 46896 479304 969960 672040

1734546322
1999388 87528 46900 479424 969960 672040

1734546322
1999388 85956 46928 480140 969960 672040

1734546322
1999388 86704 46948 480276 969960 672040

1734546322
1999388 76648 46960 480248 969960 672040

1734546322
1999388 76648 46960 480248 969960 672040

1734546322
1999388 85024 47084 480496 969960 672040

1734546322
1999388 86528 47176 480652 969960 672040

1734546322
1999388 85740 47200 480752 969960 672040

1734546323
1999388 100280 47432 463700 969960 672040

1734546323
1999388 106376 47432 463700 969960 672040

1734546323
1999388 85624 47468 478296 969960 672040

1734546323
1999388 91184 47472 478416 969960 672040

1734546323
1999388 82196 47580 481448 969960 672040

1734546323
1999388 82188 47684 481460 969960 672040

1734546323
1999388 69868 48056 474488 969960 672040

1734546323
1999388 69868 48056 474612 969960 672040

1734546323
1999388 79844 48140 479984 969960 672040

1734546323
1999388 88140 48412 470504 969960 672040

1734546323
1999388 84248 49008 473668 969960 672040

1734546324
1999388 88224 49636 468524 969960 672040

1734546324
1999388 80156 49944 476112 969960 672040

1734546324
1999388 76088 50580 478888 969960 672040

1734546324
1999388 82724 50856 471256 969960 672040

1734546324
1999388 66604 51828 472548 969960 672040

1734546324
1999388 66352 51828 472548 969960 672040

1734546324
1999388 81308 51904 472596 969960 672040

1734546324
1999388 89372 51908 472592 969960 672040

1734546324
1999388 77680 52032 476516 969960 672040

1734546324
1999388 82528 52068 476604 969960 672040

1734546324
1999388 89968 52156 463784 969960 672040

1734546325
1999388 91228 52304 464124 969960 672040

1734546325
1999388 82908 52380 472232 969960 672040

1734546325
1999388 84736 52432 472428 969960 672040

1734546325
1999388 83792 52484 472500 969960 672040

1734546325
1999388 83312 52496 472488 969960 672040

1734546325
1999388 84492 52504 472480 969960 672040

1734546325
1999388 82436 52556 472676 969960 672040

1734546325
1999388 86492 52556 472676 969960 672040

1734546325
1999388 88452 52600 465056 969960 672040

1734546325
1999388 95272 52600 465056 969960 672040

1734546325
1999388 83948 52600 465056 969960 672040

1734546325
1999388 83948 52600 465056 969960 672040

1734546325
1999388 85328 52652 468848 969960 672040

1734546325
1999388 89848 52656 468844 969960 672040

1734546325
1999388 84832 52704 469044 969960 672040

1734546325
1999388 96472 52704 469044 969960 672040

1734546326
1999388 97060 52752 469368 969960 672040

1734546326
1999388 92816 52752 469368 969960 672040

1734546326
1999388 96572 52952 469540 969960 672040

1734546326
1999388 96124 52952 469540 969960 672040

1734546326
1999388 79916 53136 474440 969960 672040

1734546326
1999388 85060 53144 474432 969960 672040

1734546326
1999388 80508 53220 474480 969960 672040

1734546326
1999388 80832 53440 474632 969960 672040

1734546326
1999388 81328 53444 474752 969960 672040

1734546326
1999388 78280 53452 477100 969960 672040

1734546326
1999388 79276 53452 477664 969960 672040

1734546326
1999388 70276 53544 477820 969960 672040

1734546326
1999388 70276 53544 477820 969960 672040

1734546326
1999388 78852 53568 477920 969960 672040

1734546326
1999388 78828 53608 478128 969960 672040

1734546326
1999388 79088 53748 478232 969960 672040

1734546327
1999388 88872 54856 463420 969960 672040

1734546327
1999388 78416 59528 461444 969960 672040

1734546327
1999388 86088 62664 450048 969960 672040

1734546327
1999388 89280 64488 445144 969960 672040

1734546327
1999388 93268 64572 445344 969960 672040

1734546327
1999388 80444 64712 438672 969960 672040

1734546327
1999388 80444 64712 438920 969960 672040

1734546327
1999388 88988 64776 443816 969960 672040

1734546327
1999388 91220 65104 443184 969960 672040

1734546328
1999388 80392 65188 454496 969960 672040

1734546328
1999388 82616 65244 453164 969960 672040

1734546328
1999388 83968 65560 451736 969960 672040

1734546328
1999388 67984 65604 456620 969960 672040

1734546328
1999388 67984 65604 456620 969960 672040

1734546328
1999388 90972 65636 444744 969960 672040

1734546328
1999388 89980 65924 445884 969960 672040

1734546329
1999388 89288 66004 446060 969960 672040

1734546329
1999388 92736 66104 446112 969960 672040

1734546329
1999388 92468 66128 446216 969960 672040

1734546329
1999388 79852 66596 455052 969960 672040

1734546329
1999388 83404 66788 455232 969960 672040

1734546329
1999388 82948 66828 455316 969960 672040

1734546329
1999388 81932 66860 455412 969960 672040

1734546329
1999388 81464 66900 455484 969960 672040

1734546329
1999388 69620 67024 455524 969960 672040

1734546329
1999388 69620 67024 455524 969960 672040

1734546329
1999388 81716 67024 455524 969960 672040

1734546329
1999388 81504 67128 455668 969960 672040

1734546329
1999388 81244 67156 455768 969960 672040

1734546329
1999388 80960 67196 455852 969960 672040

1734546329
1999388 78824 67392 456800 969960 672040

1734546330
1999388 79936 67520 456920 969960 672040

1734546330
1999388 90436 67668 444336 969960 672040

1734546330
1999388 91184 67832 445664 969960 672040

1734546330
1999388 89412 67952 446784 969960 672040

1734546330
1999388 85340 68364 449816 969960 672040

1734546330
1999388 86080 68496 449932 969960 672040

1734546330
1999388 83796 68652 450648 969960 672040

1734546330
1999388 84896 68796 450908 969960 672040

1734546330
1999388 74060 68804 450900 969960 672040

1734546330
1999388 73808 68804 450900 969960 672040

1734546330
1999388 82084 68940 451140 969960 672040

1734546330
1999388 85572 69036 451664 969960 672040

1734546330
1999388 100580 69820 432484 969960 672040

1734546330
1999388 105324 69848 432456 969960 672040

1734546331
1999388 102056 69932 432964 969960 672040

1734546331
1999388 101316 70024 433616 969960 672040

1734546331
1999388 103672 70128 433760 969960 672040

1734546331
1999388 98896 70208 433956 969960 672040

1734546331
1999388 104472 70256 434032 969960 672040

1734546331
1999388 98840 70424 434240 969960 672040

1734546331
1999388 109992 70424 434240 969960 672040

1734546331
1999388 93996 70716 438664 969960 672040

1734546331
1999388 99244 71020 438608 969960 672040

1734546331
1999388 84124 71024 438636 969960 672040

1734546331
1999388 84124 71024 438636 969960 672040

1734546331
1999388 92920 71308 438852 969960 672040

1734546331
1999388 95432 71332 439076 969960 672040

1734546331
1999388 92604 71428 439232 969960 672040

1734546331
1999388 97800 71512 439396 969960 672040

1734546332
1999388 104904 71680 439604 969960 672040

1734546332
1999388 104684 71680 439604 969960 672040

1734546332
1999388 104344 71784 440000 969960 672040

1734546332
1999388 104344 71784 440000 969960 672040

1734546332
1999388 102344 71836 441904 969960 672040

1734546332
1999388 98304 71836 441904 969960 672040

1734546332
1999388 102268 71956 442104 969960 672040

1734546332
1999388 102268 71956 442104 969960 672040

1734546332
1999388 89360 71984 442200 969960 672040

1734546332
1999388 101740 71984 442204 969960 672040

1734546332
1999388 82752 71984 442272 969960 672040

1734546332
1999388 82500 71984 442272 969960 672040

1734546332
1999388 101588 72048 442332 969960 672040

1734546332
1999388 101148 72048 442332 969960 672040

1734546332
1999388 88744 72100 442532 969960 672296

1734546332
1999388 93044 72120 442636 969960 672296

1734546333
1999388 87068 72168 443956 969960 672296

1734546333
1999388 94872 72168 443960 969960 672296

1734546333
1999388 86524 72312 444440 969960 672296

1734546333
1999388 93344 72312 444440 969960 672296

1734546333
1999388 82460 72344 448628 969960 672296

1734546333
1999388 89012 72344 448628 969960 672296

1734546333
1999388 81640 72476 448964 969960 672296

1734546333
1999388 87216 72476 448964 969960 672296

1734546333
1999388 82504 72516 449052 969960 672296

1734546333
1999388 83164 72656 449288 969960 672296

1734546333
1999388 81872 72816 449668 969960 672296

1734546333
1999388 72768 72832 450148 969960 672296

1734546333
1999388 72768 72832 450148 969960 672296

1734546333
1999388 77448 72948 452268 969960 672296

1734546333
1999388 81808 72984 452232 969960 672296

1734546333
1999388 95180 73240 433412 969960 672296

1734546334
1999388 99196 74168 439924 969960 672296

1734546334
1999388 99012 74168 439924 969960 672296

1734546334
1999388 87588 74260 440148 969960 672296

1734546334
1999388 93524 74272 440136 969960 672296

1734546334
1999388 85616 74444 440340 969960 672296

1734546334
1999388 91168 74452 440336 969960 672296

1734546334
1999388 84480 74616 440640 969960 672296

1734546334
1999388 88096 74644 440796 969960 672296

1734546334
1999388 78992 74644 440796 969960 672296

1734546334
1999388 78992 74656 440784 969960 672296

1734546334
1999388 81752 74824 444216 969960 672296

1734546334
1999388 85452 74844 444196 969960 672296

1734546334
1999388 79928 74996 444540 969960 672296

1734546334
1999388 82708 75028 444508 969960 672296

1734546335
1999388 81660 75492 444916 969960 672296

1734546335
1999388 81652 75516 444896 969960 672296

1734546335
1999388 79516 75676 445108 969960 672296

1734546335
1999388 81396 75700 445088 969960 672296

1734546335
1999388 80804 75724 445188 969960 672296

1734546335
1999388 80104 75748 445416 969960 672296

1734546335
1999388 79884 75788 445500 969960 672296

1734546335
1999388 79496 75880 445784 969960 672296

1734546335
1999388 80740 75884 445780 969960 672296

1734546335
1999388 78408 75912 446072 969960 672296

1734546335
1999388 78408 75912 446072 969960 672296

1734546335
1999388 78408 75912 446072 969960 672296

1734546335
1999388 79204 75928 446180 969960 672296

1734546335
1999388 76816 76028 446424 969960 672296

1734546335
1999388 80100 76068 446512 969960 672296

1734546336
1999388 78320 76076 446628 969960 672296

1734546336
1999388 78052 76092 446740 969960 672296

1734546336
1999388 77484 76124 446708 969960 672296

1734546336
1999388 77776 76168 446912 969960 672296

1734546336
1999388 96944 76284 426588 969960 672296

1734546336
1999388 103260 76288 426584 969960 672296

1734546336
1999388 107788 76348 428512 969960 672296

1734546336
1999388 104064 76348 428512 969960 672296

1734546336
1999388 94944 76352 428760 969960 672296

1734546336
1999388 95644 76532 429156 969960 672296

1734546336
1999388 86816 76544 429276 969960 672296

1734546336
1999388 86816 76544 429276 969960 672296

1734546336
1999388 96108 76552 429268 969960 672296

1734546336
1999388 95248 76596 429472 969960 672296

1734546336
1999388 96012 76600 429468 969960 672296

1734546336
1999388 94848 76624 429572 969960 672296

1734546336
1999388 97360 76652 429668 969960 672296

1734546337
1999388 93580 76728 430020 969960 672296

1734546337
1999388 98352 76728 430020 969960 672296

1734546337
1999388 93060 76768 430232 969960 672296

1734546337
1999388 97304 76776 430228 969960 672296

1734546337
1999388 93596 76832 430300 969960 672296

1734546337
1999388 94596 76884 430496 969960 672296

1734546337
1999388 94068 76888 430620 969960 672296

1734546337
1999388 92816 76920 431088 969960 672296

1734546337
1999388 94124 76936 431196 969960 672296

1734546337
1999388 92248 77004 431256 969960 672296

1734546337
1999388 93280 77108 431384 969960 672296

1734546337
1999388 84932 77112 431380 969960 672296

1734546337
1999388 84932 77112 431380 969960 672296

1734546337
1999388 92468 77196 431668 969960 672296

1734546337
1999388 92696 77228 431764 969960 672296

1734546337
1999388 90900 77276 431964 969960 672296

1734546337
1999388 94600 77400 431964 969960 672296

1734546338
1999388 90536 77452 432132 969960 672296

1734546338
1999388 91960 77576 432132 969960 672296

1734546338
1999388 88816 77624 432336 969960 672296

1734546338
1999388 89728 77780 433544 969960 672296

1734546338
1999388 89160 77824 433628 969960 672296

1734546338
1999388 87868 77936 435004 969960 672296

1734546338
1999388 88372 77940 435000 969960 672296

1734546338
1999388 85820 77964 435352 969960 672296

1734546338
1999388 91064 77988 435332 969960 672296

1734546338
1999388 76732 77992 435420 969960 672296

1734546338
1999388 76732 77992 435420 969960 672296

1734546338
1999388 85960 78044 435496 969960 672296

1734546338
1999388 87172 78120 435544 969960 672296

1734546338
1999388 87196 78128 435664 969960 672552

1734546338
1999388 86888 78152 435764 969960 672552

1734546338
1999388 86880 78176 435868 969960 672552

1734546339
1999388 86280 78228 435912 969960 672552

1734546339
1999388 84240 78304 436208 969960 672552

1734546339
1999388 89380 78308 436204 969960 672552

1734546339
1999388 84048 78340 436300 969960 672552

1734546339
1999388 87340 78352 436416 969960 672552

1734546339
1999388 84944 78404 436488 969960 672552

1734546339
1999388 84676 78488 436528 969960 672552

1734546339
1999388 85284 78496 436644 969960 672552

1734546339
1999388 83964 78520 436872 969960 672552

1734546339
1999388 95276 78600 437016 969960 672552

1734546339
1999388 95276 78600 437016 969960 672552

1734546339
1999388 74304 78600 437020 969960 672552

1734546339
1999388 74304 78600 437020 969960 672552

1734546339
1999388 95768 78780 423556 969960 672552

1734546339
1999388 103296 78968 429528 969960 672552

1734546339
1999388 103100 78968 429528 969960 672552

1734546339
1999388 88612 79076 429916 969960 672552

1734546340
1999388 96484 79076 429916 969960 672552

1734546340
1999388 86900 79236 432052 969960 672552

1734546340
1999388 92712 79276 432012 969960 672552

1734546340
1999388 86404 79304 432080 969960 672552

1734546340
1999388 88216 79364 432148 969960 672552

1734546340
1999388 85712 79728 432764 969960 672552

1734546340
1999388 69456 80128 436548 969960 672552

1734546340
1999388 69456 80128 436548 969960 672552

1734546340
1999388 80268 80404 436768 969960 672552

1734546340
1999388 88828 80404 436768 969960 672552

1734546340
1999388 92932 81256 426796 969960 672552

1734546341
1999388 91776 81296 429856 969960 672552

1734546341
1999388 75460 82828 435028 969960 672552

1734546341
1999388 75460 82828 435152 969960 672552

1734546341
1999388 76248 83632 429484 969960 672552

1734546342
1999388 126300 83952 411688 969960 672552

1734546342
1999388 125624 83952 411688 969960 672552

1734546342
1999388 90140 84176 434900 969960 672552

1734546342
1999388 88872 84300 435672 969960 672552

1734546342
1999388 89660 84392 435672 969960 672552

1734546342
1999388 79580 85136 444432 969960 672552

1734546342
1999388 64252 85172 448220 969960 672552

1734546342
1999388 64252 85172 448220 969960 672552

1734546342
1999388 97296 85288 425972 969960 672296

1734546342
1999388 99776 85392 426404 969960 672296

1734546342
1999388 92732 85600 430660 969960 672296

1734546343
1999388 95520 85688 430776 969960 672296

1734546343
1999388 78004 85928 445168 969960 672296

1734546343
1999388 80060 86060 445400 969960 672296

1734546343
1999388 78044 86164 445544 969960 672296

1734546343
1999388 93524 86316 432740 969960 672296

1734546343
1999388 74132 86332 442728 969960 672296

1734546343
1999388 73628 86332 442976 969960 672296

1734546344
1999388 95192 86740 433388 969960 672296

1734546344
1999388 112032 87344 428508 969960 672296

1734546344
1999388 112032 87344 428508 969960 672296

1734546344
1999388 97672 87656 428940 969960 672296

1734546344
1999388 89600 87656 428940 969960 672296

1734546344
1999388 89096 87656 428940 969960 672296

1734546344
1999388 88916 87904 436296 969960 672296

1734546344
1999388 87876 88012 436536 969960 672296

1734546345
1999388 91056 88160 436792 969960 672296

1734546345
1999388 92504 88256 436944 969960 672296

1734546345
1999388 77564 89176 447792 969960 672296

1734546345
1999388 99944 89656 426264 969960 672296

1734546345
1999388 95696 90188 432180 969960 672296

1734546345
1999388 94704 90300 432440 969960 672296

1734546345
1999388 96096 90468 429256 969960 672040

1734546345
1999388 86516 90468 431684 969960 672040

1734546345
1999388 86516 90468 431684 969960 672040

1734546345
1999388 100108 90580 420276 969960 672040

1734546345
1999388 105896 90684 420704 969960 672040

1734546345
1999388 107652 90780 420732 969960 672040

1734546346
1999388 105244 90904 421376 969960 672040

1734546346
1999388 104716 91056 422584 969960 672040

1734546346
1999388 103912 91184 423360 969960 672040

1734546346
1999388 101872 91332 424204 969960 672040

1734546346
1999388 100784 91464 424816 969960 672040

1734546346
1999388 112252 91664 425288 969960 672040

1734546346
1999388 111992 91744 426208 969960 672040

1734546346
1999388 96172 91816 429056 969960 672040

1734546346
1999388 96172 91816 429056 969960 672040

1734546346
1999388 108252 91924 429072 969960 672040

1734546346
1999388 106308 92108 431424 969960 672040

1734546346
1999388 103072 92280 433996 969960 672040

1734546347
1999388 103560 92380 434236 969960 672040

1734546347
1999388 103088 92380 434236 969960 672040

1734546347
1999388 101968 92608 434628 969960 672040

1734546347
1999388 101696 92768 435096 969960 672040

1734546347
1999388 94884 92768 435220 969960 672040

1734546347
1999388 83992 93248 437368 969960 672040

1734546347
1999388 89912 93268 438340 969960 672040

1734546347
1999388 85840 93964 417632 969960 671976

1734546347
1999388 85840 93968 417752 969960 671976

1734546348
1999388 89660 93924 431940 969960 671976

1734546348
1999388 94244 94788 428380 969960 668696

1734546348
1999388 69328 94848 438028 969960 668696

1734546348
1999388 69328 94848 438152 969960 668696

1734546349
1999388 67796 74920 427968 969960 663296

1734546349
1999388 67796 74924 428088 969960 663296

1734546350
1999388 77468 23308 432556 969960 654568

1734546350
1999388 75156 19880 423612 969960 648680

1734546350
1999388 75156 19884 423732 969960 648680

1734546350
1999388 83628 20080 430728 969960 648680

1734546351
1999388 78364 28172 425664 969960 629736

1734546351
1999388 77860 28176 425908 969960 629736

1734546352
1999388 84380 22440 433492 969960 613864

1734546352
1999388 84380 22440 433616 969960 613864

1734546353
1999388 67144 18624 474740 969960 596968

1734546353
1999388 66136 18632 474732 969960 596968

1734546354
1999388 71912 12796 486268 969960 587496

1734546354
1999388 71912 12800 486388 969960 587496

1734546355
1999388 71196 18472 498812 969960 575976

1734546355
1999388 71196 18472 498936 969960 575976

1734546355
1999388 88716 20496 500324 969960 572136

1734546356
1999388 89344 21348 497868 969960 569576

1734546356
1999388 70964 23936 499968 969960 564200

1734546356
1999388 73988 23936 499968 969960 564200

1734546357
1999388 79324 25020 506948 969960 553704

1734546357
1999388 79324 25028 507064 969960 553704

1734546358
1999388 196720 21292 530980 969960 547304

1734546358
1999388 166424 24776 534128 969960 547304

1734546358
1999388 166424 24776 534128 969960 547304

1734546359
1999388 119524 39916 534440 969960 547304

1734546359
1999388 81180 40536 535468 969960 547304

1734546359
1999388 81180 40536 535468 969960 547304

1734546359
1999388 118232 40556 535112 969960 547304

1734546360
1999388 102764 42048 544900 969960 547304

1734546360
1999388 103216 42052 545268 969960 547304

1734546360
1999388 77312 42188 552336 969960 547304

1734546360
1999388 77312 42188 552336 969960 547304

1734546361
1999388 73760 44964 525112 969960 538600

1734546361
1999388 73760 44964 525112 969960 538600

1734546362
1999388 113916 47200 529840 969960 538088

1734546362
1999388 100028 47640 531644 969960 538088

1734546362
1999388 100280 47640 531644 969960 538088

1734546363
1999388 101416 46904 480960 969960 532968

1734546363
1999388 101164 46904 480960 969960 532968

1734546364
1999388 127712 46912 482272 969960 532968

1734546364
1999388 126968 46932 488004 969960 532968

1734546364
1999388 126968 46932 488004 969960 532968

1734546365
1999388 127972 46952 491128 969960 532968

1734546365
1999388 127972 46952 491128 969960 532968

1734546366
1999388 112460 47008 492140 969960 532968

1734546366
1999388 112184 47008 492140 969960 532968

1734546367
1999388 123980 47016 493272 969960 532968

1734546367
1999388 123980 47016 493272 969960 532968

1734546368
1999388 108552 47024 494280 969960 532968

1734546368
1999388 108552 47024 494280 969960 532968

1734546369
1999388 111756 47036 495404 969960 532968

1734546369
1999388 111756 47036 495404 969960 532968

1734546370
1999388 124568 47052 496664 969960 532968

1734546370
1999388 124568 47052 496664 969960 532968

1734546370
1999388 143384 47064 496900 969960 532968

1734546371
1999388 127304 47068 497020 969960 532968

1734546371
1999388 123380 47084 497760 969960 532968

1734546371
1999388 123112 47084 497760 969960 532968

1734546372
1999388 102244 50060 501572 969960 532968

1734546372
1999388 102244 50060 501572 969960 532968

1734546373
1999388 116860 50196 504724 969960 532968

1734546373
1999388 116608 50196 504724 969960 532968

1734546374
1999388 97056 50208 506120 969960 532968

1734546374
1999388 96804 50208 506120 969960 532968

1734546375
1999388 131280 50188 483108 969960 530664

1734546375
1999388 131280 50192 483104 969960 530664

1734546376
1999388 89480 50224 485924 969960 530664

1734546376
1999388 88220 50224 485924 969960 530664

1734546377
1999388 137136 50240 466308 969960 529896

1734546377
1999388 137136 50240 466308 969960 529896

1734546378
1999388 101032 49104 450864 969960 529128

1734546378
1999388 101032 49104 450864 969960 529128

1734546379
1999388 143832 49112 452544 969960 529128

1734546379
1999388 143580 49112 452544 969960 529128

1734546380
1999388 123460 49124 453732 969960 529128

1734546380
1999388 123208 49124 453732 969960 529128

1734546381
1999388 123072 49140 455688 969960 529128

1734546381
1999388 122820 49140 455688 969960 529128

1734546382
1999388 99496 49148 457328 969960 529128

1734546382
1999388 99496 49148 457328 969960 529128

1734546383
1999388 102520 49164 458800 969960 529128

1734546383
1999388 102520 49164 458800 969960 529128

1734546384
1999388 96552 49184 460548 969960 529128

1734546384
1999388 96552 49184 460548 969960 529128

1734546385
1999388 98072 49212 462552 969960 529128

1734546385
1999388 97820 49212 462552 969960 529128

1734546386
1999388 140872 49248 464856 969960 529128

1734546386
1999388 140620 49248 464856 969960 529128

1734546387
1999388 80520 48060 452272 969960 528360

1734546387
1999388 80520 48060 452272 969960 528360

1734546388
1999388 105048 48068 454152 969960 528360

1734546388
1999388 105048 48068 454152 969960 528360

1734546389
1999388 371404 48076 198808 969960 528360

1734546389
1999388 371152 48076 198808 969960 528360

1734546390
1999388 349804 48092 200204 969960 528360

1734546390
1999388 349804 48092 200204 969960 528360

1734546391
1999388 321964 48108 202268 969960 528360

1734546391
1999388 320452 48108 202268 969960 528360

1734546392
1999388 350072 48116 203908 969960 528360

1734546392
1999388 349820 48116 203908 969960 528360

1734546393
1999388 303128 48124 205352 969960 528360

1734546393
1999388 303128 48124 205352 969960 528360

1734546394
1999388 274976 48124 206208 969960 528360

1734546394
1999388 272708 48124 206208 969960 528360

1734546395
1999388 353852 48132 207732 969960 528360

1734546395
1999388 353600 48132 207732 969960 528360

1734546396
1999388 335708 48148 210124 969960 528360

1734546396
1999388 335456 48148 210124 969960 528360

1734546397
1999388 362284 48148 211020 969960 528360

1734546397
1999388 361276 48148 211020 969960 528360

1734546398
1999388 369776 48156 211840 969960 528360

1734546398
1999388 369776 48156 211840 969960 528360

1734546399
1999388 361836 48160 213512 969960 528360

1734546399
1999388 361836 48160 213512 969960 528360

1734546400
1999388 375452 48164 214388 969960 528360

1734546400
1999388 374948 48164 214388 969960 528360

1734546401
1999388 331456 48176 215012 969960 528360

1734546401
1999388 331204 48176 215012 969960 528360

1734546402
1999388 307548 48180 215824 969960 528360

1734546402
1999388 307296 48180 215824 969960 528360

1734546403
1999388 330000 48184 216576 969960 528360

1734546403
1999388 330000 48184 216576 969960 528360

1734546404
1999388 256652 48184 216992 969960 528360

1734546404
1999388 255896 48184 216992 969960 528360

1734546405
1999388 375856 48188 222004 969960 528360

1734546405
1999388 375588 48188 222004 969960 528360

1734546406
1999388 394584 48468 222220 969960 528360

1734546406
1999388 385740 48724 222252 969960 528360

1734546406
1999388 387756 49016 222704 969960 528360

1734546406
1999388 377896 49152 228560 969960 528360

1734546406
1999388 376132 49152 228560 969960 528360

1734546406
1999388 389212 49152 228600 969960 528360

1734546406
1999388 388952 49152 228600 969960 528360

1734546406
1999388 390952 49168 228584 969960 528360

1734546406
1999388 385376 49400 228972 969960 528360

1734546407
1999388 374612 52140 244548 969960 528360

1734546407
1999388 367280 52140 244548 969960 528360

1734546407
1999388 367280 52140 244548 969960 528360

1734546407
1999388 386660 52936 247348 969960 528360

1734546408
1999388 364352 52944 247464 969960 528360

1734546408
1999388 388844 53224 249912 969960 528360

1734546408
1999388 329732 56060 253952 969960 528360

1734546408
1999388 329732 56060 253952 969960 528360

1734546409
1999388 323648 58640 255884 969960 528360

1734546409
1999388 323648 58640 255884 969960 528360

1734546410
1999388 272740 59884 273136 969960 528360

1734546410
1999388 272740 59884 273136 969960 528360

1734546411
1999388 285396 60388 282828 969960 528360

1734546411
1999388 284900 60388 282828 969960 528360

1734546412
1999388 278420 64644 286068 969960 528360

1734546412
1999388 278420 64644 286068 969960 528360

1734546413
1999388 319732 64680 288676 969960 528360

1734546413
1999388 295276 68376 293040 969960 528360

1734546413
1999388 258080 68384 293076 969960 528360

1734546413
1999388 258080 68384 293076 969960 528360

1734546413
1999388 316536 68528 293304 969960 528360

1734546414
1999388 104968 49332 361920 969960 517352

1734546414
1999388 104464 49340 362036 969960 517352

1734546414
1999388 232320 49536 367504 969960 517352

1734546415
1999388 246944 49976 368428 969960 517352

1734546415
1999388 223964 52036 370956 969960 517352

1734546415
1999388 202308 52040 370952 969960 517352

1734546415
1999388 231632 52056 373356 969960 517352

1734546415
1999388 231632 52056 373356 969960 517352

1734546416
1999388 168072 52400 374520 969960 517352

1734546416
1999388 168072 52400 374520 969960 517352

1734546417
1999388 221220 52804 375880 969960 517352

1734546417
1999388 221220 52804 375880 969960 517352

1734546418
1999388 139580 52988 378068 969960 517352

1734546418
1999388 139328 52988 378068 969960 517352

1734546419
1999388 177396 52996 379276 969960 517352

1734546419
1999388 177396 52996 379276 969960 517352

1734546420
1999388 138556 53080 380604 969960 517352

1734546420
1999388 138556 53080 380604 969960 517352

1734546421
1999388 198540 53116 381828 969960 517352

1734546421
1999388 198540 53116 381828 969960 517352

1734546422
1999388 160512 53336 385120 969960 517352

1734546422
1999388 160512 53336 385120 969960 517352

1734546423
1999388 105796 53372 388064 969960 517352

1734546423
1999388 105544 53372 388064 969960 517352

1734546424
1999388 171560 53396 390612 969960 517352

1734546424
1999388 171560 53396 390612 969960 517352

1734546425
1999388 190216 53412 393324 969960 517352

1734546425
1999388 189964 53412 393324 969960 517352

1734546426
1999388 152936 53432 395552 969960 517352

1734546426
1999388 152936 53432 395552 969960 517352

1734546427
1999388 142880 53532 398188 969960 517352

1734546427
1999388 142880 53532 398188 969960 517352

1734546428
1999388 202400 53548 401504 969960 517352

1734546428
1999388 202400 53548 401504 969960 517352

1734546429
1999388 139416 53668 403728 969960 517352

1734546429
1999388 139416 53668 403728 969960 517352

1734546430
1999388 172088 53712 407896 969960 517352

1734546430
1999388 172088 53712 407896 969960 517352

1734546431
1999388 183720 53744 410508 969960 517352

1734546431
1999388 183468 53744 410508 969960 517352

1734546432
1999388 169608 53812 414132 969960 517352

1734546432
1999388 169104 53812 414132 969960 517352

1734546433
1999388 120680 53884 421864 969960 517352

1734546433
1999388 120680 53884 421864 969960 517352

1734546434
1999388 135068 53956 424620 969960 517352

1734546434
1999388 135068 53956 424620 969960 517352

1734546435
1999388 112664 53976 426892 969960 517352

1734546435
1999388 112664 53976 426892 969960 517352

1734546436
1999388 149692 54012 430124 969960 517352

1734546436
1999388 149692 54012 430124 969960 517352

1734546437
1999388 111584 54048 432744 969960 517352

1734546437
1999388 111584 54048 432744 969960 517352

1734546438
1999388 116468 54088 435784 969960 517352

1734546438
1999388 116468 54088 435784 969960 517352

1734546439
1999388 116648 54120 438036 969960 517352

1734546439
1999388 116396 54120 438036 969960 517352

1734546440
1999388 99912 54168 427644 969960 516072

1734546440
1999388 99912 54168 427644 969960 516072

1734546441
1999388 143944 54192 418024 969960 516072

1734546441
1999388 143944 54192 418024 969960 516072

1734546442
1999388 129712 54320 421180 969960 516072

1734546442
1999388 129712 54320 421180 969960 516072

1734546443
1999388 138776 54356 425980 969960 516072

1734546443
1999388 138776 54356 425980 969960 516072

1734546444
1999388 128208 54372 428116 969960 516072

1734546444
1999388 127956 54372 428116 969960 516072

1734546445
1999388 129296 54392 431532 969960 516072

1734546445
1999388 129296 54392 431532 969960 516072

1734546446
1999388 159380 54440 444956 969960 516072

1734546446
1999388 151140 54472 445172 969960 516072

1734546446
1999388 150904 54472 445172 969960 516072

1734546446
1999388 157700 54620 445272 969960 516072

1734546446
1999388 138548 54648 445676 969960 516072

1734546447
1999388 142352 54660 445828 969960 516072

1734546447
1999388 114584 54764 447068 969960 516072

1734546447
1999388 114332 54764 447068 969960 516072

1734546448
1999388 87168 54768 379732 969960 514280

1734546448
1999388 87168 54768 379732 969960 514280

1734546449
1999388 93148 54832 380304 969960 514280

1734546449
1999388 92896 54832 380304 969960 514280

1734546450
1999388 209320 54896 384516 969960 514280

1734546450
1999388 212604 54900 384636 969960 514280

1734546450
1999388 212344 54900 384636 969960 514280

1734546450
1999388 204852 54924 388828 969960 514280

1734546451
1999388 191564 56260 390048 969960 514280

1734546451
1999388 191564 56260 390048 969960 514280

1734546452
1999388 163040 56484 399784 969960 514280

1734546452
1999388 143668 56516 399960 969960 514280

1734546452
1999388 143668 56516 399960 969960 514280

1734546452
1999388 155260 56516 399960 969960 514280

1734546452
1999388 136140 56580 400268 969960 514280

1734546453
1999388 219552 56612 400732 969960 514280

1734546453
1999388 197508 56636 402116 969960 514280

1734546453
1999388 185664 56636 402116 969960 514280

1734546453
1999388 185664 56636 402116 969960 514280

1734546453
1999388 208240 56904 402592 969960 514280

1734546454
1999388 165708 56940 408508 969960 514280

1734546454
1999388 163432 56964 409196 969960 514280

1734546454
1999388 163432 56964 409196 969960 514280

1734546455
1999388 157140 56988 411528 969960 514280

1734546455
1999388 201028 56988 411652 969960 514280

1734546455
1999388 201028 56988 411652 969960 514280

1734546455
1999388 212084 57008 412004 969960 514280

1734546455
1999388 211328 57012 412000 969960 514280

1734546455
1999388 211076 57016 411996 969960 514280

1734546455
1999388 210336 57020 411992 969960 514280

1734546455
1999388 210084 57028 411984 969960 514280

1734546455
1999388 209580 57032 411980 969960 514280

1734546455
1999388 209328 57036 411976 969960 514280

1734546455
1999388 208824 57040 411972 969960 514280

1734546455
1999388 208572 57044 411968 969960 514280

1734546455
1999388 208068 57048 411964 969960 514280

1734546455
1999388 207060 57052 411960 969960 514280

1734546455
1999388 205800 57060 411952 969960 514280

1734546455
1999388 205548 57064 411948 969960 514280

1734546455
1999388 205296 57068 412068 969960 514280

1734546455
1999388 204792 57072 412064 969960 514280

1734546455
1999388 203028 57076 412060 969960 514280

1734546455
1999388 202776 57080 412056 969960 514280

1734546455
1999388 202524 57084 412052 969960 514280

1734546455
1999388 202020 57088 412048 969960 514280

1734546455
1999388 201768 57092 412044 969960 514280

1734546455
1999388 201516 57096 412040 969960 514280

1734546455
1999388 198760 57100 412036 969960 514280

1734546455
1999388 198256 57104 412032 969960 514280

1734546455
1999388 198004 57108 412028 969960 514280

1734546455
1999388 196492 57112 412024 969960 514280

1734546455
1999388 196240 57116 412020 969960 514280

1734546455
1999388 195736 57120 412016 969960 514280

1734546455
1999388 194224 57128 412008 969960 514280

1734546455
1999388 193972 57132 412004 969960 514280

1734546455
1999388 193720 57136 412000 969960 514280

1734546455
1999388 193468 57140 411996 969960 514280

1734546455
1999388 193468 57144 411992 969960 514280

1734546455
1999388 192964 57148 411988 969960 514280

1734546455
1999388 192208 57152 411984 969960 514280

1734546455
1999388 190696 57156 411980 969960 514280

1734546455
1999388 190444 57160 411976 969960 514280

1734546455
1999388 190444 57164 411972 969960 514280

1734546455
1999388 189940 57168 411968 969960 514280

1734546455
1999388 188428 57172 411964 969960 514280

1734546455
1999388 188176 57176 411960 969960 514280

1734546455
1999388 187672 57180 411956 969960 514280

1734546455
1999388 187420 57184 412076 969960 514280

1734546455
1999388 187168 57304 412080 969960 514280

1734546455
1999388 184144 57312 412072 969960 514280

1734546455
1999388 183892 57316 412068 969960 514280

1734546455
1999388 183388 57320 412064 969960 514280

1734546455
1999388 183136 57324 412060 969960 514280

1734546455
1999388 182884 57328 412056 969960 514280

1734546455
1999388 182632 57332 412052 969960 514280

1734546455
1999388 180616 57336 412048 969960 514280

1734546455
1999388 180364 57340 412044 969960 514280

1734546455
1999388 180364 57344 412040 969960 514280

1734546455
1999388 180112 57348 412036 969960 514280

1734546455
1999388 178600 57352 412032 969960 514280

1734546455
1999388 178348 57356 412028 969960 514280

1734546455
1999388 176836 57360 412024 969960 514280

1734546455
1999388 176584 57364 412020 969960 514280

1734546455
1999388 176080 57368 412016 969960 514280

1734546455
1999388 175828 57372 412136 969960 514280

1734546455
1999388 175576 57380 412128 969960 514280

1734546455
1999388 175072 57384 412124 969960 514280

1734546455
1999388 174820 57388 412120 969960 514280

1734546455
1999388 203044 57396 412112 969960 514280

1734546455
1999388 202792 57400 412108 969960 514280

1734546455
1999388 202036 57404 412104 969960 514280

1734546455
1999388 202036 57408 412100 969960 514280

1734546455
1999388 201028 57412 412096 969960 514280

1734546455
1999388 200028 57416 412092 969960 514280

1734546455
1999388 199776 57420 412088 969960 514280

1734546455
1999388 199524 57424 412084 969960 514280

1734546455
1999388 198516 57428 412080 969960 514280

1734546455
1999388 198516 57432 412076 969960 514280

1734546455
1999388 198768 57436 412072 969960 514280

1734546455
1999388 198508 57440 412068 969960 514280

1734546455
1999388 198508 57444 412064 969960 514280

1734546455
1999388 198004 57452 412056 969960 514280

1734546455
1999388 197752 57456 412052 969960 514280

1734546456
1999388 224708 57460 412172 969960 514280

1734546456
1999388 228244 57464 412168 969960 514280

1734546456
1999388 228496 57468 412164 969960 514280

1734546456
1999388 228496 57472 412160 969960 514280

1734546456
1999388 228244 57476 412156 969960 514280

1734546456
1999388 228496 57480 412152 969960 514280

1734546456
1999388 228496 57484 412148 969960 514280

1734546456
1999388 228748 57488 412144 969960 514280

1734546456
1999388 228748 57492 412140 969960 514280

1734546456
1999388 228748 57496 412136 969960 514280

1734546456
1999388 228488 57500 412132 969960 514280

1734546456
1999388 227724 57504 412128 969960 514280

1734546456
1999388 226716 57508 412124 969960 514280

1734546456
1999388 225724 57512 412120 969960 514280

1734546456
1999388 224968 57520 412112 969960 514280

1734546456
1999388 224464 57524 412108 969960 514280

1734546456
1999388 220260 57528 412104 969960 514280

1734546456
1999388 219504 57532 412100 969960 514280

1734546456
1999388 219252 57536 412220 969960 514280

1734546456
1999388 218748 57540 412216 969960 514280

1734546456
1999388 218496 57544 412212 969960 514280

1734546456
1999388 218244 57548 412208 969960 514280

1734546456
1999388 217992 57552 412204 969960 514280

1734546456
1999388 217488 57556 412200 969960 514280

1734546456
1999388 216480 57560 412196 969960 514280

1734546456
1999388 214968 57564 412192 969960 514280

1734546456
1999388 214716 57568 412188 969960 514280

1734546456
1999388 214464 57572 412184 969960 514280

1734546456
1999388 214212 57576 412180 969960 514280

1734546456
1999388 213960 57580 412176 969960 514280

1734546456
1999388 213456 57584 412172 969960 514280

1734546456
1999388 213204 57592 412164 969960 514280

1734546456
1999388 212952 57596 412160 969960 514280

1734546456
1999388 212196 57600 412156 969960 514280

1734546456
1999388 211944 57604 412152 969960 514280

1734546456
1999388 209928 57608 412148 969960 514280

1734546456
1999388 209424 57612 412144 969960 514280

1734546456
1999388 208164 57616 412140 969960 514280

1734546456
1999388 207912 57620 412136 969960 514280

1734546456
1999388 207660 57620 412136 969960 514280

1734546456
1999388 207156 57624 412132 969960 514280

1734546456
1999388 206904 57628 412128 969960 514280

1734546456
1999388 205140 57632 412124 969960 514280

1734546456
1999388 204132 57636 412120 969960 514280

1734546456
1999388 203628 57640 412116 969960 514280

1734546456
1999388 203376 57644 412112 969960 514280

1734546456
1999388 203124 57648 412232 969960 514280

1734546456
1999388 202620 57656 412224 969960 514280

1734546456
1999388 202620 57660 412220 969960 514280

1734546456
1999388 202368 57664 412216 969960 514280

1734546456
1999388 199848 57668 412212 969960 514280

1734546456
1999388 199344 57672 412208 969960 514280

1734546456
1999388 198588 57676 412204 969960 514280

1734546456
1999388 198336 57680 412200 969960 514280

1734546456
1999388 198336 57684 412196 969960 514280

1734546456
1999388 198084 57688 412192 969960 514280

1734546456
1999388 197832 57692 412188 969960 514280

1734546456
1999388 195564 57696 412184 969960 514280

1734546456
1999388 195312 57700 412180 969960 514280

1734546456
1999388 195060 57704 412176 969960 514280

1734546456
1999388 193800 57708 412172 969960 514280

1734546456
1999388 193548 57712 412168 969960 514280

1734546456
1999388 193296 57716 412164 969960 514280

1734546456
1999388 191028 57724 412156 969960 514280

1734546456
1999388 191028 57728 412152 969960 514280

1734546456
1999388 190776 57732 412148 969960 514280

1734546456
1999388 190524 57736 412144 969960 514280

1734546456
1999388 190020 57740 412140 969960 514280

1734546456
1999388 190020 57744 412136 969960 514280

1734546456
1999388 189768 57748 412132 969960 514280

1734546456
1999388 189012 57752 412128 969960 514280

1734546456
1999388 189012 57756 412248 969960 514280

1734546456
1999388 188760 57760 412244 969960 514280

1734546456
1999388 188508 57764 412240 969960 514280

1734546456
1999388 186492 57768 412236 969960 514280

1734546456
1999388 186492 57772 412232 969960 514280

1734546456
1999388 186492 57776 412228 969960 514280

1734546456
1999388 186492 57780 412224 969960 514280

1734546456
1999388 186492 57784 412220 969960 514280

1734546456
1999388 185988 57792 412212 969960 514280

1734546456
1999388 185232 57796 412208 969960 514280

1734546456
1999388 184980 57800 412204 969960 514280

1734546456
1999388 184728 57804 412200 969960 514280

1734546456
1999388 183720 57808 412196 969960 514280

1734546456
1999388 183468 57812 412192 969960 514280

1734546456
1999388 181452 57816 412188 969960 514280

1734546456
1999388 181200 57820 412184 969960 514280

1734546456
1999388 180948 57824 412180 969960 514280

1734546456
1999388 180696 57828 412176 969960 514280

1734546456
1999388 180696 57832 412172 969960 514280

1734546456
1999388 180444 57836 412168 969960 514280

1734546456
1999388 180192 57840 412164 969960 514280

1734546456
1999388 180192 57844 412160 969960 514280

1734546456
1999388 178680 57848 412156 969960 514280

1734546456
1999388 178680 57852 412152 969960 514280

1734546456
1999388 178428 57860 412144 969960 514280

1734546456
1999388 178428 57864 412140 969960 514280

1734546456
1999388 178428 57868 412136 969960 514280

1734546456
1999388 178176 57872 412132 969960 514280

1734546456
1999388 178176 57876 412252 969960 514280

1734546456
1999388 177672 57880 412248 969960 514280

1734546456
1999388 177420 57884 412244 969960 514280

1734546456
1999388 177168 57888 412240 969960 514280

1734546456
1999388 176916 57892 412236 969960 514280

1734546456
1999388 176916 57896 412232 969960 514280

1734546456
1999388 176160 57900 412228 969960 514280

1734546456
1999388 175908 57904 412224 969960 514280

1734546456
1999388 175908 57908 412220 969960 514280

1734546456
1999388 174144 57912 412216 969960 514280

1734546456
1999388 173892 57916 412212 969960 514280

1734546456
1999388 173892 57916 412212 969960 514280

1734546456
1999388 173640 57924 412204 969960 514280

1734546456
1999388 173388 57928 412200 969960 514280

1734546456
1999388 173136 57932 412196 969960 514280

1734546456
1999388 172884 57936 412192 969960 514280

1734546456
1999388 172632 57940 412188 969960 514280

1734546456
1999388 172632 57944 412184 969960 514280

1734546456
1999388 171876 57948 412180 969960 514280

1734546456
1999388 171624 57952 412176 969960 514280

1734546456
1999388 171624 57956 412172 969960 514280

1734546456
1999388 171372 57960 412168 969960 514280

1734546456
1999388 170112 57964 412164 969960 514280

1734546456
1999388 169860 57968 412160 969960 514280

1734546456
1999388 169860 57972 412280 969960 514280

1734546456
1999388 195312 57976 412400 969960 514280

1734546456
1999388 202116 57980 412396 969960 514280

1734546456
1999388 217780 58024 413108 969960 514280

1734546456
1999388 217496 58024 413108 969960 514280

1734546457
1999388 191524 58032 414956 969960 514280

1734546457
1999388 191524 58032 414956 969960 514280

1734546458
1999388 172396 58032 416220 969960 514280

1734546458
1999388 172144 58032 416220 969960 514280

1734546459
1999388 165104 58120 417648 969960 514280

1734546459
1999388 165104 58120 417648 969960 514280

1734546460
1999388 193492 58128 419000 969960 514280

1734546460
1999388 193240 58128 419000 969960 514280

1734546461
1999388 181768 58212 420460 969960 514280

1734546461
1999388 181516 58212 420460 969960 514280

1734546462
1999388 197896 58224 421700 969960 514280

1734546462
1999388 197644 58224 421700 969960 514280

1734546463
1999388 179720 58228 423120 969960 514280

1734546463
1999388 179720 58228 423120 969960 514280

1734546464
1999388 167356 58240 424540 969960 514280

1734546464
1999388 167356 58240 424540 969960 514280

1734546465
1999388 176040 58608 426324 969960 514280

1734546465
1999388 176040 58608 426324 969960 514280

1734546466
1999388 138068 58620 427536 969960 514280

1734546466
1999388 138068 58620 427536 969960 514280

1734546467
1999388 175112 58636 428972 969960 514280

1734546467
1999388 174860 58636 428972 969960 514280

1734546468
1999388 179804 58648 430468 969960 514280

1734546468
1999388 179300 58648 430468 969960 514280

1734546469
1999388 161164 58652 431912 969960 514280

1734546469
1999388 161164 58652 431912 969960 514280

1734546470
1999388 171440 58656 433132 969960 514280

1734546470
1999388 171440 58656 433132 969960 514280

1734546471
1999388 142564 58676 434544 969960 514280

1734546471
1999388 142564 58676 434544 969960 514280

1734546472
1999388 150588 58716 435912 969960 514280

1734546472
1999388 150588 58716 435912 969960 514280

1734546473
1999388 183836 58724 437292 969960 514280

1734546473
1999388 183836 58724 437292 969960 514280

1734546474
1999388 149160 58748 438980 969960 514280

1734546474
1999388 149160 58748 438980 969960 514280

1734546475
1999388 136200 58920 440344 969960 514280

1734546475
1999388 136200 58920 440344 969960 514280

1734546476
1999388 169424 58940 446184 969960 514280

1734546476
1999388 169424 58940 446184 969960 514280

1734546477
1999388 156848 59112 447800 969960 514280

1734546477
1999388 156848 59112 447800 969960 514280

1734546478
1999388 151956 59148 449520 969960 514280

1734546478
1999388 151704 59148 449520 969960 514280

1734546479
1999388 159784 59168 451048 969960 514280

1734546479
1999388 159028 59168 451048 969960 514280

1734546480
1999388 176708 59180 452640 969960 514280

1734546480
1999388 176440 59180 452640 969960 514280

1734546481
1999388 130820 59216 454288 969960 514280

1734546481
1999388 130568 59216 454288 969960 514280

1734546482
1999388 104172 59376 455756 969960 514280

1734546482
1999388 104172 59376 455756 969960 514280

1734546483
1999388 134404 59396 457448 969960 514280

1734546483
1999388 134404 59396 457448 969960 514280

1734546484
1999388 110176 59408 459644 969960 514280

1734546484
1999388 110176 59408 459644 969960 514280

1734546485
1999388 156180 59536 463144 969960 514280

1734546485
1999388 155928 59536 463144 969960 514280

1734546486
1999388 183940 59556 464740 969960 514280

1734546486
1999388 183940 59556 464740 969960 514280

1734546487
1999388 181168 59732 466444 969960 514280

1734546487
1999388 181168 59732 466444 969960 514280

1734546488
1999388 136296 59736 467640 969960 514280

1734546488
1999388 136296 59736 467640 969960 514280

1734546489
1999388 162020 59916 469540 969960 514280

1734546489
1999388 161768 59916 469540 969960 514280

1734546490
1999388 92068 60392 472008 969960 514280

1734546490
1999388 92068 60392 472008 969960 514280

1734546491
1999388 141524 60404 473176 969960 514280

1734546491
1999388 141524 60404 473176 969960 514280

1734546492
1999388 145580 60412 474460 969960 514280

1734546492
1999388 144824 60412 474460 969960 514280

1734546493
1999388 140256 60416 475680 969960 514280

1734546493
1999388 140256 60416 475680 969960 514280

1734546494
1999388 141744 60744 478568 969960 514280

1734546494
1999388 141744 60744 478568 969960 514280

1734546495
1999388 126308 60760 479788 969960 514280

1734546495
1999388 126056 60760 479788 969960 514280

1734546496
1999388 106344 60768 481332 969960 514280

1734546496
1999388 105840 60768 481332 969960 514280

1734546497
1999388 84428 60772 482684 969960 514280

1734546497
1999388 84428 60772 482684 969960 514280

1734546498
1999388 171128 60776 468344 969960 513256

1734546498
1999388 170876 60776 468344 969960 513256

1734546499
1999388 143944 60792 469452 969960 513256

1734546499
1999388 141928 60792 469452 969960 513256

1734546500
1999388 142676 60800 470980 969960 513256

1734546500
1999388 142676 60800 470980 969960 513256

1734546501
1999388 107284 60804 451464 969960 513256

1734546501
1999388 107032 60804 451464 969960 513256

1734546502
1999388 186264 60808 452604 969960 513256

1734546502
1999388 186012 60808 452604 969960 513256

1734546503
1999388 165300 60820 453776 969960 513256

1734546503
1999388 165300 60820 453776 969960 513256

1734546504
1999388 119020 60836 454952 969960 513256

1734546504
1999388 119020 60836 454952 969960 513256

1734546505
1999388 154268 61148 456412 969960 513256

1734546505
1999388 154268 61148 456412 969960 513256

1734546506
1999388 150008 61152 457764 969960 513256

1734546506
1999388 150008 61152 457764 969960 513256

1734546507
1999388 142456 61172 461448 969960 513256

1734546507
1999388 142456 61172 461448 969960 513256

1734546508
1999388 152952 61324 463028 969960 513256

1734546508
1999388 150936 61324 463028 969960 513256

1734546509
1999388 158976 61408 465324 969960 513256

1734546509
1999388 156960 61408 465324 969960 513256

1734546510
1999388 171568 61428 466644 969960 513256

1734546510
1999388 171064 61428 466644 969960 513256

1734546511
1999388 125200 61660 468000 969960 513256

1734546511
1999388 124696 61660 468000 969960 513256

1734546512
1999388 123428 61680 469192 969960 513256

1734546512
1999388 122924 61680 469192 969960 513256

1734546513
1999388 154644 62004 470816 969960 513256

1734546513
1999388 154392 62004 470816 969960 513256

1734546514
1999388 76556 62332 479508 969960 513256

1734546514
1999388 76556 62332 479508 969960 513256

1734546515
1999388 114716 59760 465516 969960 512488

1734546515
1999388 114464 59760 465516 969960 512488

1734546516
1999388 117488 59764 466608 969960 512488

1734546516
1999388 117236 59764 466608 969960 512488

1734546517
1999388 180740 59784 468376 969960 512488

1734546517
1999388 180488 59784 468376 969960 512488

1734546518
1999388 157540 59928 469692 969960 512488

1734546518
1999388 157288 59928 469692 969960 512488

1734546519
1999388 129220 60168 471116 969960 512488

1734546519
1999388 129220 60168 471116 969960 512488

1734546520
1999388 120424 60596 472864 969960 512488

1734546520
1999388 120172 60596 472864 969960 512488

1734546521
1999388 132504 60604 474312 969960 512488

1734546521
1999388 132252 60604 474312 969960 512488

1734546522
1999388 84632 60988 475788 969960 512488

1734546522
1999388 84632 60988 475788 969960 512488

1734546523
1999388 123676 60996 476976 969960 512488

1734546523
1999388 123676 60996 476976 969960 512488

1734546524
1999388 121928 61008 478032 969960 512488

1734546524
1999388 121676 61008 478032 969960 512488

1734546525
1999388 136016 61012 479208 969960 512488

1734546525
1999388 136016 61012 479208 969960 512488

1734546526
1999388 86088 61016 480776 969960 512488

1734546526
1999388 86088 61016 480776 969960 512488

1734546527
1999388 146308 61168 482712 969960 512488

1734546527
1999388 146308 61168 482712 969960 512488

1734546528
1999388 105956 61256 484144 969960 512488

1734546528
1999388 105956 61256 484144 969960 512488

1734546529
1999388 115492 61268 485444 969960 512488

1734546529
1999388 115492 61268 485444 969960 512488

1734546530
1999388 157080 61276 487028 969960 512488

1734546530
1999388 157080 61276 487028 969960 512488

1734546531
1999388 81732 61280 488460 969960 512488

1734546531
1999388 81732 61280 488460 969960 512488

1734546532
1999388 81416 61288 489868 969960 512488

1734546532
1999388 81164 61288 489868 969960 512488

1734546533
1999388 149228 55320 466916 969960 511976

1734546533
1999388 149228 55320 466916 969960 511976

1734546534
1999388 131132 55364 467800 969960 511976

1734546534
1999388 131132 55364 467800 969960 511976

1734546535
1999388 121036 55372 468872 969960 511976

1734546535
1999388 121036 55372 468872 969960 511976

1734546536
1999388 145000 55376 470128 969960 511976

1734546536
1999388 144748 55376 470128 969960 511976

1734546537
1999388 165192 55396 471248 969960 511976

1734546537
1999388 164940 55396 471248 969960 511976

1734546538
1999388 127604 55412 472556 969960 511976

1734546538
1999388 127604 55412 472556 969960 511976

1734546539
1999388 92348 55616 474040 969960 511976

1734546539
1999388 92348 55616 474040 969960 511976

1734546540
1999388 95664 56000 475688 969960 511976

1734546540
1999388 95664 56000 475688 969960 511976

1734546541
1999388 153356 56216 477180 969960 511976

1734546541
1999388 153104 56216 477180 969960 511976

1734546542
1999388 132936 56220 478464 969960 511976

1734546542
1999388 132936 56220 478464 969960 511976

1734546543
1999388 103208 56224 479568 969960 511976

1734546543
1999388 103208 56224 479568 969960 511976

1734546544
1999388 132636 56420 481500 969960 511976

1734546544
1999388 132384 56420 481500 969960 511976

1734546545
1999388 153876 56368 470636 969960 511976

1734546545
1999388 153876 56368 470636 969960 511976

1734546546
1999388 179664 56504 473136 969960 511976

1734546546
1999388 179412 56504 473136 969960 511976

1734546547
1999388 165396 56508 474308 969960 511976

1734546547
1999388 165144 56508 474308 969960 511976

1734546548
1999388 160396 56640 475704 969960 511976

1734546548
1999388 160396 56640 475704 969960 511976

1734546549
1999388 132936 57340 477868 969960 511976

1734546549
1999388 132936 57340 477868 969960 511976

1734546550
1999388 158600 57352 479208 969960 511976

1734546550
1999388 158348 57352 479208 969960 511976

1734546551
1999388 161356 57356 480388 969960 511976

1734546551
1999388 161356 57356 480388 969960 511976

1734546552
1999388 165420 57364 481688 969960 511976

1734546552
1999388 165168 57364 481688 969960 511976

1734546553
1999388 164664 57376 483192 969960 511976

1734546553
1999388 164412 57376 483192 969960 511976

1734546554
1999388 167908 57388 484420 969960 511976

1734546554
1999388 167908 57388 484420 969960 511976

1734546555
1999388 114028 57392 485396 969960 511976

1734546555
1999388 113776 57392 485396 969960 511976

1734546556
1999388 101712 57404 487288 969960 511976

1734546556
1999388 101712 57404 487288 969960 511976

1734546557
1999388 69912 57408 488672 969960 511976

1734546557
1999388 69912 57408 488672 969960 511976

1734546558
1999388 162956 57424 490196 969960 511976

1734546558
1999388 163208 57424 490196 969960 511976

1734546559
1999388 148732 57588 491684 969960 511976

1734546559
1999388 148732 57588 491684 969960 511976

1734546560
1999388 164704 57740 496028 969960 511976

1734546560
1999388 164452 57740 496028 969960 511976

1734546561
1999388 110272 57936 497836 969960 511976

1734546561
1999388 110272 57936 497836 969960 511976

1734546562
1999388 150228 57948 499160 969960 511976

1734546562
1999388 149976 57948 499160 969960 511976

1734546563
1999388 156120 57996 500752 969960 511976

1734546563
1999388 156120 57996 500752 969960 511976

1734546564
1999388 143064 58284 502308 969960 511976

1734546564
1999388 143064 58284 502308 969960 511976

1734546565
1999388 153308 58376 504116 969960 511976

1734546565
1999388 152804 58376 504116 969960 511976

1734546566
1999388 110948 58388 505540 969960 511976

1734546566
1999388 110948 58388 505540 969960 511976

1734546567
1999388 124760 58396 506992 969960 511976

1734546567
1999388 124760 58396 506992 969960 511976

1734546568
1999388 86480 58408 508292 969960 511976

1734546568
1999388 85220 58408 508292 969960 511976

1734546569
1999388 138580 58604 510164 969960 511976

1734546569
1999388 138832 58604 510164 969960 511976

1734546570
1999388 140572 58752 511804 969960 511976

1734546570
1999388 140572 58752 511804 969960 511976

1734546571
1999388 106300 58784 513332 969960 511976

1734546571
1999388 106048 58784 513332 969960 511976

1734546572
1999388 118672 58792 514456 969960 511976

1734546572
1999388 118420 58792 514456 969960 511976

1734546573
1999388 123092 58812 498316 969960 511720

1734546573
1999388 122840 58812 498316 969960 511720

1734546574
1999388 121316 59016 500460 969960 511720

1734546574
1999388 121064 59016 500460 969960 511720

1734546575
1999388 127144 59028 502008 969960 511720

1734546575
1999388 126892 59028 502008 969960 511720

1734546576
1999388 144508 59320 504028 969960 511720

1734546576
1999388 144508 59320 504028 969960 511720

1734546577
1999388 119000 59340 505088 969960 511720

1734546577
1999388 119000 59340 505088 969960 511720

1734546578
1999388 117324 59348 506536 969960 511720

1734546578
1999388 117324 59348 506536 969960 511720

1734546579
1999388 83996 59360 507916 969960 511720

1734546579
1999388 83744 59360 507916 969960 511720

1734546580
1999388 123332 59368 509424 969960 511720

1734546580
1999388 123080 59368 509424 969960 511720

1734546581
1999388 87604 59452 511844 969960 511720

1734546581
1999388 87352 59452 511844 969960 511720

1734546582
1999388 129924 59464 513388 969960 511720

1734546582
1999388 129672 59464 513388 969960 511720

1734546583
1999388 140628 59700 522256 969960 511208

1734546583
1999388 140628 59700 522256 969960 511208

1734546584
1999388 66800 59708 539056 969960 510184

1734546584
1999388 66800 59708 539056 969960 510184

1734546585
1999388 119620 60156 566924 969960 510184

1734546585
1999388 110080 60192 567208 969960 510184

1734546585
1999388 110080 60192 567208 969960 510184

1734546585
1999388 116096 60400 571012 969960 510184

1734546585
1999388 116112 60400 571012 969960 510184

1734546585
1999388 115348 60564 571220 969960 510184

1734546586
1999388 99644 61308 572000 969960 510184

1734546586
1999388 99644 61308 572000 969960 510184

1734546587
1999388 109708 61516 573156 969960 510184

1734546587
1999388 109960 61516 573156 969960 510184

1734546587
1999388 96588 61856 573436 969960 510184

1734546587
1999388 80892 62144 573496 969960 510184

1734546587
1999388 80892 62144 573496 969960 510184

1734546588
1999388 79128 62536 573496 969960 510184

1734546588
1999388 79128 62536 573496 969960 510184

1734546589
1999388 75852 62788 573828 969960 510184

1734546589
1999388 75852 62788 573828 969960 510184

1734546590
1999388 86824 63176 575416 969960 510184

1734546590
1999388 86824 63176 575416 969960 510184

1734546590
1999388 101180 63176 575540 969960 510184

1734546590
1999388 101188 63208 575772 969960 510184

1734546590
1999388 101440 63212 575768 969960 510184

1734546591
1999388 100100 59840 562204 969960 508904

1734546591
1999388 97940 60232 562368 969960 508904

1734546591
1999388 83220 60564 562488 969960 508904

1734546591
1999388 83220 60564 562488 969960 508904

1734546592
1999388 79936 60820 562948 969960 508904

1734546592
1999388 79936 60820 562948 969960 508904

1734546593
1999388 108764 59612 548896 969960 508904

1734546593
1999388 126112 59624 549168 969960 508904

1734546593
1999388 124128 59624 549160 969960 508904

1734546593
1999388 112324 59624 549284 969960 508904

1734546593
1999388 112324 59624 549284 969960 508904

1734546594
1999388 86092 62288 550420 969960 508904

1734546594
1999388 86092 62288 550420 969960 508904

1734546595
1999388 82944 63800 550556 969960 508904

1734546595
1999388 82944 63800 550556 969960 508904

1734546596
1999388 67992 65912 560988 969960 506344

1734546596
1999388 67488 65916 561356 969960 506344

1734546597
1999388 72024 59544 564932 969960 505576

1734546597
1999388 72024 59544 564932 969960 505576

1734546598
1999388 77464 49652 567316 969960 504808

1734546598
1999388 77464 49652 567316 969960 504808

1734546599
1999388 90896 45812 570724 969960 504552

1734546599
1999388 90644 45812 570724 969960 504552

1734546600
1999388 91008 45956 559808 969960 503528

1734546600
1999388 91008 45956 559808 969960 503528

1734546601
1999388 86688 46024 561456 969960 503528

1734546601
1999388 86688 46024 561456 969960 503528

1734546602
1999388 86768 46048 561616 969960 503528

1734546602
1999388 86768 46048 561616 969960 503528

1734546603
1999388 86556 46072 561780 969960 503528

1734546603
1999388 86556 46072 561780 969960 503528

1734546604
1999388 85924 46092 561936 969960 503528

1734546604
1999388 85924 46092 561936 969960 503528

1734546605
1999388 80988 46340 565132 969960 503528

1734546605
1999388 80988 46340 565132 969960 503528

1734546606
1999388 78108 46652 567804 969960 503528

1734546606
1999388 78108 46652 567804 969960 503528

1734546607
1999388 86772 46980 566348 969960 503528

1734546607
1999388 86772 46980 566348 969960 503528

1734546608
1999388 83992 48984 568408 969960 503528

1734546608
1999388 83992 48984 568408 969960 503528

1734546609
1999388 100144 49000 565988 969960 503528

1734546609
1999388 100144 49000 565988 969960 503528

1734546609
1999388 129376 49004 566232 969960 503528

1734546609
1999388 130504 49020 566240 969960 503528

1734546610
1999388 129788 49160 566864 969960 503528

1734546610
1999388 128536 49160 566864 969960 503528

1734546610
1999388 84456 49180 572060 969960 503528

1734546610
1999388 84456 49180 572060 969960 503528

1734546611
1999388 121524 49192 569916 969960 503272

1734546611
1999388 104092 49192 569944 969960 503272

1734546611
1999388 104092 49192 569944 969960 503272

1734546612
1999388 102328 49584 570100 969960 503272

1734546612
1999388 102328 49584 570100 969960 503272

1734546612
1999388 119708 49816 570236 969960 503272

1734546613
1999388 228384 49816 576020 969960 503272

