debug_logfile: fd 2
pid 66231 [parent 66230], doing new pid setup and server start
Setup complete, sending SIGUSR1 to pid 66230.
path mismatch [2 links]: ino 22 db '/dev/shm/sem.mp-o1feh9hi' req '/dev/shm/MVAEVo'.
path mismatch [13 links]: ino 1480497 db '/home/student/Desktop/yocto_pynq/Yocto_project_pynq_board/build/tmp/work/pynq-poky-linux-gnueabi/core-image-minimal/1.0-r0/recipe-sysroot-native/usr/include/com_err.h' req '/home/student/Desktop/yocto_pynq/Yocto_project_pynq_board/build/tmp/sysroots-components/x86_64/e2fsprogs-native/usr/include/et/com_err.h'.
path mismatch [14 links]: ino 1480497 db '/home/student/Desktop/yocto_pynq/Yocto_project_pynq_board/build/tmp/work/pynq-poky-linux-gnueabi/core-image-minimal/1.0-r0/recipe-sysroot-native/usr/include/com_err.h' req '/home/student/Desktop/yocto_pynq/Yocto_project_pynq_board/build/tmp/sysroots-components/x86_64/e2fsprogs-native/usr/include/et/com_err.h'.
path mismatch [25 links]: ino 1480470 db '/home/student/Desktop/yocto_pynq/Yocto_project_pynq_board/build/tmp/work/pynq-poky-linux-gnueabi/core-image-minimal/1.0-r0/recipe-sysroot-native/sbin/mkfs.ext3.real' req '/home/student/Desktop/yocto_pynq/Yocto_project_pynq_board/build/tmp/sysroots-components/x86_64/e2fsprogs-native/sbin/mke2fs.real'.
path mismatch [26 links]: ino 1480470 db '/home/student/Desktop/yocto_pynq/Yocto_project_pynq_board/build/tmp/work/pynq-poky-linux-gnueabi/core-image-minimal/1.0-r0/recipe-sysroot-native/sbin/mkfs.ext3.real' req '/home/student/Desktop/yocto_pynq/Yocto_project_pynq_board/build/tmp/sysroots-components/x86_64/e2fsprogs-native/sbin/mke2fs.real'.
path mismatch [25 links]: ino 1480464 db '/home/student/Desktop/yocto_pynq/Yocto_project_pynq_board/build/tmp/work/pynq-poky-linux-gnueabi/core-image-minimal/1.0-r0/recipe-sysroot-native/sbin/fsck.ext3' req '/home/student/Desktop/yocto_pynq/Yocto_project_pynq_board/build/tmp/sysroots-components/x86_64/e2fsprogs-native/sbin/fsck.ext4'.
path mismatch [26 links]: ino 1480464 db '/home/student/Desktop/yocto_pynq/Yocto_project_pynq_board/build/tmp/work/pynq-poky-linux-gnueabi/core-image-minimal/1.0-r0/recipe-sysroot-native/sbin/fsck.ext3' req '/home/student/Desktop/yocto_pynq/Yocto_project_pynq_board/build/tmp/sysroots-components/x86_64/e2fsprogs-native/sbin/fsck.ext4'.
path mismatch [13 links]: ino 1480466 db '/home/student/Desktop/yocto_pynq/Yocto_project_pynq_board/build/tmp/work/pynq-poky-linux-gnueabi/core-image-minimal/1.0-r0/recipe-sysroot-native/sbin/e2label' req '/home/student/Desktop/yocto_pynq/Yocto_project_pynq_board/build/tmp/sysroots-components/x86_64/e2fsprogs-native/sbin/tune2fs'.
path mismatch [14 links]: ino 1480466 db '/home/student/Desktop/yocto_pynq/Yocto_project_pynq_board/build/tmp/work/pynq-poky-linux-gnueabi/core-image-minimal/1.0-r0/recipe-sysroot-native/sbin/e2label' req '/home/student/Desktop/yocto_pynq/Yocto_project_pynq_board/build/tmp/sysroots-components/x86_64/e2fsprogs-native/sbin/tune2fs'.
path mismatch [26 links]: ino 1480470 db '/home/student/Desktop/yocto_pynq/Yocto_project_pynq_board/build/tmp/work/pynq-poky-linux-gnueabi/core-image-minimal/1.0-r0/recipe-sysroot-native/sbin/mkfs.ext3.real' req '/home/student/Desktop/yocto_pynq/Yocto_project_pynq_board/build/tmp/sysroots-components/x86_64/e2fsprogs-native/sbin/mkfs.ext2.real'.
path mismatch [27 links]: ino 1480470 db '/home/student/Desktop/yocto_pynq/Yocto_project_pynq_board/build/tmp/work/pynq-poky-linux-gnueabi/core-image-minimal/1.0-r0/recipe-sysroot-native/sbin/mkfs.ext3.real' req '/home/student/Desktop/yocto_pynq/Yocto_project_pynq_board/build/tmp/sysroots-components/x86_64/e2fsprogs-native/sbin/mkfs.ext2.real'.
path mismatch [27 links]: ino 1480470 db '/home/student/Desktop/yocto_pynq/Yocto_project_pynq_board/build/tmp/work/pynq-poky-linux-gnueabi/core-image-minimal/1.0-r0/recipe-sysroot-native/sbin/mkfs.ext3.real' req '/home/student/Desktop/yocto_pynq/Yocto_project_pynq_board/build/tmp/sysroots-components/x86_64/e2fsprogs-native/sbin/mkfs.ext4.real'.
path mismatch [28 links]: ino 1480470 db '/home/student/Desktop/yocto_pynq/Yocto_project_pynq_board/build/tmp/work/pynq-poky-linux-gnueabi/core-image-minimal/1.0-r0/recipe-sysroot-native/sbin/mkfs.ext3.real' req '/home/student/Desktop/yocto_pynq/Yocto_project_pynq_board/build/tmp/sysroots-components/x86_64/e2fsprogs-native/sbin/mkfs.ext4.real'.
path mismatch [26 links]: ino 1480464 db '/home/student/Desktop/yocto_pynq/Yocto_project_pynq_board/build/tmp/work/pynq-poky-linux-gnueabi/core-image-minimal/1.0-r0/recipe-sysroot-native/sbin/fsck.ext3' req '/home/student/Desktop/yocto_pynq/Yocto_project_pynq_board/build/tmp/sysroots-components/x86_64/e2fsprogs-native/sbin/fsck.ext2'.
path mismatch [27 links]: ino 1480464 db '/home/student/Desktop/yocto_pynq/Yocto_project_pynq_board/build/tmp/work/pynq-poky-linux-gnueabi/core-image-minimal/1.0-r0/recipe-sysroot-native/sbin/fsck.ext3' req '/home/student/Desktop/yocto_pynq/Yocto_project_pynq_board/build/tmp/sysroots-components/x86_64/e2fsprogs-native/sbin/fsck.ext2'.
path mismatch [27 links]: ino 1480464 db '/home/student/Desktop/yocto_pynq/Yocto_project_pynq_board/build/tmp/work/pynq-poky-linux-gnueabi/core-image-minimal/1.0-r0/recipe-sysroot-native/sbin/fsck.ext3' req '/home/student/Desktop/yocto_pynq/Yocto_project_pynq_board/build/tmp/sysroots-components/x86_64/e2fsprogs-native/sbin/e2fsck'.
path mismatch [28 links]: ino 1480464 db '/home/student/Desktop/yocto_pynq/Yocto_project_pynq_board/build/tmp/work/pynq-poky-linux-gnueabi/core-image-minimal/1.0-r0/recipe-sysroot-native/sbin/fsck.ext3' req '/home/student/Desktop/yocto_pynq/Yocto_project_pynq_board/build/tmp/sysroots-components/x86_64/e2fsprogs-native/sbin/e2fsck'.
path mismatch [5 links]: ino 1220025 db '/home/student/Desktop/yocto_pynq/Yocto_project_pynq_board/build/tmp/work/pynq-poky-linux-gnueabi/core-image-minimal/1.0-r0/recipe-sysroot-native/usr/bin/zipinfo' req '/home/student/Desktop/yocto_pynq/Yocto_project_pynq_board/build/tmp/sysroots-components/x86_64/unzip-native/usr/bin/unzip'.
path mismatch [6 links]: ino 1220025 db '/home/student/Desktop/yocto_pynq/Yocto_project_pynq_board/build/tmp/work/pynq-poky-linux-gnueabi/core-image-minimal/1.0-r0/recipe-sysroot-native/usr/bin/zipinfo' req '/home/student/Desktop/yocto_pynq/Yocto_project_pynq_board/build/tmp/sysroots-components/x86_64/unzip-native/usr/bin/unzip'.
path mismatch [1 link]: ino 1643443 db 'NAMELESS FILE' req '/home/student/Desktop/yocto_pynq/Yocto_project_pynq_board/build/tmp/work/pynq-poky-linux-gnueabi/core-image-minimal/1.0-r0/recipe-sysroot-native/usr/lib/rpm/sedHwDbDh'.
path mismatch [1 link]: ino 1643443 db 'NAMELESS FILE' req '/home/student/Desktop/yocto_pynq/Yocto_project_pynq_board/build/tmp/work/pynq-poky-linux-gnueabi/core-image-minimal/1.0-r0/recipe-sysroot-native/usr/lib/rpm/rpmrc'.
path mismatch [1 link]: ino 1643444 db 'NAMELESS FILE' req '/home/student/Desktop/yocto_pynq/Yocto_project_pynq_board/build/tmp/work/pynq-poky-linux-gnueabi/core-image-minimal/1.0-r0/recipe-sysroot-native/usr/lib/rpm/sedjHJLBy'.
path mismatch [1 link]: ino 1643444 db 'NAMELESS FILE' req '/home/student/Desktop/yocto_pynq/Yocto_project_pynq_board/build/tmp/work/pynq-poky-linux-gnueabi/core-image-minimal/1.0-r0/recipe-sysroot-native/usr/lib/rpm/macros'.
path mismatch [1 link]: ino 1738193 db 'NAMELESS FILE' req '/home/student/Desktop/yocto_pynq/Yocto_project_pynq_board/build/tmp/work/pynq-poky-linux-gnueabi/core-image-minimal/1.0-r0/recipe-sysroot-native/usr/lib/rpm/platform/x86_64-linux/sedrRw0AP'.
path mismatch [1 link]: ino 1738193 db 'NAMELESS FILE' req '/home/student/Desktop/yocto_pynq/Yocto_project_pynq_board/build/tmp/work/pynq-poky-linux-gnueabi/core-image-minimal/1.0-r0/recipe-sysroot-native/usr/lib/rpm/platform/x86_64-linux/macros'.
path mismatch [1 link]: ino 1738194 db 'NAMELESS FILE' req '/home/student/Desktop/yocto_pynq/Yocto_project_pynq_board/build/tmp/work/pynq-poky-linux-gnueabi/core-image-minimal/1.0-r0/recipe-sysroot-native/usr/lib/rpm/platform/s390-linux/sedhVazA6'.
path mismatch [1 link]: ino 1738194 db 'NAMELESS FILE' req '/home/student/Desktop/yocto_pynq/Yocto_project_pynq_board/build/tmp/work/pynq-poky-linux-gnueabi/core-image-minimal/1.0-r0/recipe-sysroot-native/usr/lib/rpm/platform/s390-linux/macros'.
path mismatch [1 link]: ino 1738195 db 'NAMELESS FILE' req '/home/student/Desktop/yocto_pynq/Yocto_project_pynq_board/build/tmp/work/pynq-poky-linux-gnueabi/core-image-minimal/1.0-r0/recipe-sysroot-native/usr/lib/rpm/platform/armv7l-linux/sed17zpAn'.
path mismatch [1 link]: ino 1738195 db 'NAMELESS FILE' req '/home/student/Desktop/yocto_pynq/Yocto_project_pynq_board/build/tmp/work/pynq-poky-linux-gnueabi/core-image-minimal/1.0-r0/recipe-sysroot-native/usr/lib/rpm/platform/armv7l-linux/macros'.
path mismatch [1 link]: ino 1738196 db 'NAMELESS FILE' req '/home/student/Desktop/yocto_pynq/Yocto_project_pynq_board/build/tmp/work/pynq-poky-linux-gnueabi/core-image-minimal/1.0-r0/recipe-sysroot-native/usr/lib/rpm/platform/sh4-linux/sedOzMzAE'.
path mismatch [1 link]: ino 1738196 db 'NAMELESS FILE' req '/home/student/Desktop/yocto_pynq/Yocto_project_pynq_board/build/tmp/work/pynq-poky-linux-gnueabi/core-image-minimal/1.0-r0/recipe-sysroot-native/usr/lib/rpm/platform/sh4-linux/macros'.
path mismatch [1 link]: ino 1738197 db 'NAMELESS FILE' req '/home/student/Desktop/yocto_pynq/Yocto_project_pynq_board/build/tmp/work/pynq-poky-linux-gnueabi/core-image-minimal/1.0-r0/recipe-sysroot-native/usr/lib/rpm/platform/sparcv9-linux/sedwiO1AV'.
path mismatch [1 link]: ino 1738197 db 'NAMELESS FILE' req '/home/student/Desktop/yocto_pynq/Yocto_project_pynq_board/build/tmp/work/pynq-poky-linux-gnueabi/core-image-minimal/1.0-r0/recipe-sysroot-native/usr/lib/rpm/platform/sparcv9-linux/macros'.
path mismatch [1 link]: ino 1738198 db 'NAMELESS FILE' req '/home/student/Desktop/yocto_pynq/Yocto_project_pynq_board/build/tmp/work/pynq-poky-linux-gnueabi/core-image-minimal/1.0-r0/recipe-sysroot-native/usr/lib/rpm/platform/pentium4-linux/sedGDLNBc'.
path mismatch [1 link]: ino 1738198 db 'NAMELESS FILE' req '/home/student/Desktop/yocto_pynq/Yocto_project_pynq_board/build/tmp/work/pynq-poky-linux-gnueabi/core-image-minimal/1.0-r0/recipe-sysroot-native/usr/lib/rpm/platform/pentium4-linux/macros'.
path mismatch [1 link]: ino 1738199 db 'NAMELESS FILE' req '/home/student/Desktop/yocto_pynq/Yocto_project_pynq_board/build/tmp/work/pynq-poky-linux-gnueabi/core-image-minimal/1.0-r0/recipe-sysroot-native/usr/lib/rpm/platform/i486-linux/sedFZQOCt'.
path mismatch [1 link]: ino 1738199 db 'NAMELESS FILE' req '/home/student/Desktop/yocto_pynq/Yocto_project_pynq_board/build/tmp/work/pynq-poky-linux-gnueabi/core-image-minimal/1.0-r0/recipe-sysroot-native/usr/lib/rpm/platform/i486-linux/macros'.
path mismatch [1 link]: ino 1738200 db 'NAMELESS FILE' req '/home/student/Desktop/yocto_pynq/Yocto_project_pynq_board/build/tmp/work/pynq-poky-linux-gnueabi/core-image-minimal/1.0-r0/recipe-sysroot-native/usr/lib/rpm/platform/s390x-linux/sedQdK8DK'.
path mismatch [1 link]: ino 1738200 db 'NAMELESS FILE' req '/home/student/Desktop/yocto_pynq/Yocto_project_pynq_board/build/tmp/work/pynq-poky-linux-gnueabi/core-image-minimal/1.0-r0/recipe-sysroot-native/usr/lib/rpm/platform/s390x-linux/macros'.
path mismatch [1 link]: ino 1738201 db 'NAMELESS FILE' req '/home/student/Desktop/yocto_pynq/Yocto_project_pynq_board/build/tmp/work/pynq-poky-linux-gnueabi/core-image-minimal/1.0-r0/recipe-sysroot-native/usr/lib/rpm/platform/sparcv8-linux/sedxGxOF1'.
path mismatch [1 link]: ino 1738201 db 'NAMELESS FILE' req '/home/student/Desktop/yocto_pynq/Yocto_project_pynq_board/build/tmp/work/pynq-poky-linux-gnueabi/core-image-minimal/1.0-r0/recipe-sysroot-native/usr/lib/rpm/platform/sparcv8-linux/macros'.
path mismatch [1 link]: ino 1738202 db 'NAMELESS FILE' req '/home/student/Desktop/yocto_pynq/Yocto_project_pynq_board/build/tmp/work/pynq-poky-linux-gnueabi/core-image-minimal/1.0-r0/recipe-sysroot-native/usr/lib/rpm/platform/mipsr6el-linux/sedmxeNHi'.
path mismatch [1 link]: ino 1738202 db 'NAMELESS FILE' req '/home/student/Desktop/yocto_pynq/Yocto_project_pynq_board/build/tmp/work/pynq-poky-linux-gnueabi/core-image-minimal/1.0-r0/recipe-sysroot-native/usr/lib/rpm/platform/mipsr6el-linux/macros'.
path mismatch [1 link]: ino 1738203 db 'NAMELESS FILE' req '/home/student/Desktop/yocto_pynq/Yocto_project_pynq_board/build/tmp/work/pynq-poky-linux-gnueabi/core-image-minimal/1.0-r0/recipe-sysroot-native/usr/lib/rpm/platform/ppc32dy4-linux/sed9yz3Jz'.
path mismatch [1 link]: ino 1738203 db 'NAMELESS FILE' req '/home/student/Desktop/yocto_pynq/Yocto_project_pynq_board/build/tmp/work/pynq-poky-linux-gnueabi/core-image-minimal/1.0-r0/recipe-sysroot-native/usr/lib/rpm/platform/ppc32dy4-linux/macros'.
path mismatch [1 link]: ino 1738204 db 'NAMELESS FILE' req '/home/student/Desktop/yocto_pynq/Yocto_project_pynq_board/build/tmp/work/pynq-poky-linux-gnueabi/core-image-minimal/1.0-r0/recipe-sysroot-native/usr/lib/rpm/platform/alphapca56-linux/sedh8jAMQ'.
path mismatch [1 link]: ino 1738204 db 'NAMELESS FILE' req '/home/student/Desktop/yocto_pynq/Yocto_project_pynq_board/build/tmp/work/pynq-poky-linux-gnueabi/core-image-minimal/1.0-r0/recipe-sysroot-native/usr/lib/rpm/platform/alphapca56-linux/macros'.
path mismatch [1 link]: ino 1738205 db 'NAMELESS FILE' req '/home/student/Desktop/yocto_pynq/Yocto_project_pynq_board/build/tmp/work/pynq-poky-linux-gnueabi/core-image-minimal/1.0-r0/recipe-sysroot-native/usr/lib/rpm/platform/aarch64-linux/seduXKqP7'.
path mismatch [1 link]: ino 1738205 db 'NAMELESS FILE' req '/home/student/Desktop/yocto_pynq/Yocto_project_pynq_board/build/tmp/work/pynq-poky-linux-gnueabi/core-image-minimal/1.0-r0/recipe-sysroot-native/usr/lib/rpm/platform/aarch64-linux/macros'.
path mismatch [1 link]: ino 1738206 db 'NAMELESS FILE' req '/home/student/Desktop/yocto_pynq/Yocto_project_pynq_board/build/tmp/work/pynq-poky-linux-gnueabi/core-image-minimal/1.0-r0/recipe-sysroot-native/usr/lib/rpm/platform/ia64-linux/sedFytASo'.
path mismatch [1 link]: ino 1738206 db 'NAMELESS FILE' req '/home/student/Desktop/yocto_pynq/Yocto_project_pynq_board/build/tmp/work/pynq-poky-linux-gnueabi/core-image-minimal/1.0-r0/recipe-sysroot-native/usr/lib/rpm/platform/ia64-linux/macros'.
path mismatch [1 link]: ino 1738207 db 'NAMELESS FILE' req '/home/student/Desktop/yocto_pynq/Yocto_project_pynq_board/build/tmp/work/pynq-poky-linux-gnueabi/core-image-minimal/1.0-r0/recipe-sysroot-native/usr/lib/rpm/platform/pentium3-linux/sedah82VF'.
path mismatch [1 link]: ino 1738207 db 'NAMELESS FILE' req '/home/student/Desktop/yocto_pynq/Yocto_project_pynq_board/build/tmp/work/pynq-poky-linux-gnueabi/core-image-minimal/1.0-r0/recipe-sysroot-native/usr/lib/rpm/platform/pentium3-linux/macros'.
path mismatch [1 link]: ino 1738208 db 'NAMELESS FILE' req '/home/student/Desktop/yocto_pynq/Yocto_project_pynq_board/build/tmp/work/pynq-poky-linux-gnueabi/core-image-minimal/1.0-r0/recipe-sysroot-native/usr/lib/rpm/platform/geode-linux/sed5gGPZW'.
path mismatch [1 link]: ino 1738208 db 'NAMELESS FILE' req '/home/student/Desktop/yocto_pynq/Yocto_project_pynq_board/build/tmp/work/pynq-poky-linux-gnueabi/core-image-minimal/1.0-r0/recipe-sysroot-native/usr/lib/rpm/platform/geode-linux/macros'.
path mismatch [1 link]: ino 1738209 db 'NAMELESS FILE' req '/home/student/Desktop/yocto_pynq/Yocto_project_pynq_board/build/tmp/work/pynq-poky-linux-gnueabi/core-image-minimal/1.0-r0/recipe-sysroot-native/usr/lib/rpm/platform/sparc64v-linux/seddcQT3d'.
path mismatch [1 link]: ino 1738209 db 'NAMELESS FILE' req '/home/student/Desktop/yocto_pynq/Yocto_project_pynq_board/build/tmp/work/pynq-poky-linux-gnueabi/core-image-minimal/1.0-r0/recipe-sysroot-native/usr/lib/rpm/platform/sparc64v-linux/macros'.
path mismatch [1 link]: ino 1738210 db 'NAMELESS FILE' req '/home/student/Desktop/yocto_pynq/Yocto_project_pynq_board/build/tmp/work/pynq-poky-linux-gnueabi/core-image-minimal/1.0-r0/recipe-sysroot-native/usr/lib/rpm/platform/armv4b-linux/sed5H8c8u'.
path mismatch [1 link]: ino 1738210 db 'NAMELESS FILE' req '/home/student/Desktop/yocto_pynq/Yocto_project_pynq_board/build/tmp/work/pynq-poky-linux-gnueabi/core-image-minimal/1.0-r0/recipe-sysroot-native/usr/lib/rpm/platform/armv4b-linux/macros'.
path mismatch [1 link]: ino 1738211 db 'NAMELESS FILE' req '/home/student/Desktop/yocto_pynq/Yocto_project_pynq_board/build/tmp/work/pynq-poky-linux-gnueabi/core-image-minimal/1.0-r0/recipe-sysroot-native/usr/lib/rpm/platform/armv6l-linux/sed8YXMcM'.
path mismatch [1 link]: ino 1738211 db 'NAMELESS FILE' req '/home/student/Desktop/yocto_pynq/Yocto_project_pynq_board/build/tmp/work/pynq-poky-linux-gnueabi/core-image-minimal/1.0-r0/recipe-sysroot-native/usr/lib/rpm/platform/armv6l-linux/macros'.
path mismatch [1 link]: ino 1738212 db 'NAMELESS FILE' req '/home/student/Desktop/yocto_pynq/Yocto_project_pynq_board/build/tmp/work/pynq-poky-linux-gnueabi/core-image-minimal/1.0-r0/recipe-sysroot-native/usr/lib/rpm/platform/mips64el-linux/sedsExEh3'.
path mismatch [1 link]: ino 1738212 db 'NAMELESS FILE' req '/home/student/Desktop/yocto_pynq/Yocto_project_pynq_board/build/tmp/work/pynq-poky-linux-gnueabi/core-image-minimal/1.0-r0/recipe-sysroot-native/usr/lib/rpm/platform/mips64el-linux/macros'.
path mismatch [1 link]: ino 1738213 db 'NAMELESS FILE' req '/home/student/Desktop/yocto_pynq/Yocto_project_pynq_board/build/tmp/work/pynq-poky-linux-gnueabi/core-image-minimal/1.0-r0/recipe-sysroot-native/usr/lib/rpm/platform/armv6hl-linux/sedZNtPmk'.
path mismatch [1 link]: ino 1738213 db 'NAMELESS FILE' req '/home/student/Desktop/yocto_pynq/Yocto_project_pynq_board/build/tmp/work/pynq-poky-linux-gnueabi/core-image-minimal/1.0-r0/recipe-sysroot-native/usr/lib/rpm/platform/armv6hl-linux/macros'.
path mismatch [1 link]: ino 1738214 db 'NAMELESS FILE' req '/home/student/Desktop/yocto_pynq/Yocto_project_pynq_board/build/tmp/work/pynq-poky-linux-gnueabi/core-image-minimal/1.0-r0/recipe-sysroot-native/usr/lib/rpm/platform/alphaev5-linux/sedjUvisB'.
path mismatch [1 link]: ino 1738214 db 'NAMELESS FILE' req '/home/student/Desktop/yocto_pynq/Yocto_project_pynq_board/build/tmp/work/pynq-poky-linux-gnueabi/core-image-minimal/1.0-r0/recipe-sysroot-native/usr/lib/rpm/platform/alphaev5-linux/macros'.
path mismatch [1 link]: ino 1738215 db 'NAMELESS FILE' req '/home/student/Desktop/yocto_pynq/Yocto_project_pynq_board/build/tmp/work/pynq-poky-linux-gnueabi/core-image-minimal/1.0-r0/recipe-sysroot-native/usr/lib/rpm/platform/sh-linux/seds8u2xS'.
path mismatch [1 link]: ino 1738215 db 'NAMELESS FILE' req '/home/student/Desktop/yocto_pynq/Yocto_project_pynq_board/build/tmp/work/pynq-poky-linux-gnueabi/core-image-minimal/1.0-r0/recipe-sysroot-native/usr/lib/rpm/platform/sh-linux/macros'.
path mismatch [1 link]: ino 1738216 db 'NAMELESS FILE' req '/home/student/Desktop/yocto_pynq/Yocto_project_pynq_board/build/tmp/work/pynq-poky-linux-gnueabi/core-image-minimal/1.0-r0/recipe-sysroot-native/usr/lib/rpm/platform/ppc8260-linux/sedd3J2D9'.
path mismatch [1 link]: ino 1738216 db 'NAMELESS FILE' req '/home/student/Desktop/yocto_pynq/Yocto_project_pynq_board/build/tmp/work/pynq-poky-linux-gnueabi/core-image-minimal/1.0-r0/recipe-sysroot-native/usr/lib/rpm/platform/ppc8260-linux/macros'.
path mismatch [1 link]: ino 1738217 db 'NAMELESS FILE' req '/home/student/Desktop/yocto_pynq/Yocto_project_pynq_board/build/tmp/work/pynq-poky-linux-gnueabi/core-image-minimal/1.0-r0/recipe-sysroot-native/usr/lib/rpm/platform/armv3l-linux/sedI4GmKq'.
path mismatch [1 link]: ino 1738217 db 'NAMELESS FILE' req '/home/student/Desktop/yocto_pynq/Yocto_project_pynq_board/build/tmp/work/pynq-poky-linux-gnueabi/core-image-minimal/1.0-r0/recipe-sysroot-native/usr/lib/rpm/platform/armv3l-linux/macros'.
path mismatch [1 link]: ino 1738218 db 'NAMELESS FILE' req '/home/student/Desktop/yocto_pynq/Yocto_project_pynq_board/build/tmp/work/pynq-poky-linux-gnueabi/core-image-minimal/1.0-r0/recipe-sysroot-native/usr/lib/rpm/platform/m68k-linux/sedyy4ZQH'.
path mismatch [1 link]: ino 1738218 db 'NAMELESS FILE' req '/home/student/Desktop/yocto_pynq/Yocto_project_pynq_board/build/tmp/work/pynq-poky-linux-gnueabi/core-image-minimal/1.0-r0/recipe-sysroot-native/usr/lib/rpm/platform/m68k-linux/macros'.
path mismatch [1 link]: ino 1738219 db 'NAMELESS FILE' req '/home/student/Desktop/yocto_pynq/Yocto_project_pynq_board/build/tmp/work/pynq-poky-linux-gnueabi/core-image-minimal/1.0-r0/recipe-sysroot-native/usr/lib/rpm/platform/ppc64-linux/seddm8ZXY'.
path mismatch [1 link]: ino 1738219 db 'NAMELESS FILE' req '/home/student/Desktop/yocto_pynq/Yocto_project_pynq_board/build/tmp/work/pynq-poky-linux-gnueabi/core-image-minimal/1.0-r0/recipe-sysroot-native/usr/lib/rpm/platform/ppc64-linux/macros'.
path mismatch [1 link]: ino 1738220 db 'NAMELESS FILE' req '/home/student/Desktop/yocto_pynq/Yocto_project_pynq_board/build/tmp/work/pynq-poky-linux-gnueabi/core-image-minimal/1.0-r0/recipe-sysroot-native/usr/lib/rpm/platform/ppc8560-linux/sedPC1i5f'.
path mismatch [1 link]: ino 1738220 db 'NAMELESS FILE' req '/home/student/Desktop/yocto_pynq/Yocto_project_pynq_board/build/tmp/work/pynq-poky-linux-gnueabi/core-image-minimal/1.0-r0/recipe-sysroot-native/usr/lib/rpm/platform/ppc8560-linux/macros'.
path mismatch [1 link]: ino 1738221 db 'NAMELESS FILE' req '/home/student/Desktop/yocto_pynq/Yocto_project_pynq_board/build/tmp/work/pynq-poky-linux-gnueabi/core-image-minimal/1.0-r0/recipe-sysroot-native/usr/lib/rpm/platform/ppc64iseries-linux/sedkxoUcx'.
path mismatch [1 link]: ino 1738221 db 'NAMELESS FILE' req '/home/student/Desktop/yocto_pynq/Yocto_project_pynq_board/build/tmp/work/pynq-poky-linux-gnueabi/core-image-minimal/1.0-r0/recipe-sysroot-native/usr/lib/rpm/platform/ppc64iseries-linux/macros'.
path mismatch [1 link]: ino 1738222 db 'NAMELESS FILE' req '/home/student/Desktop/yocto_pynq/Yocto_project_pynq_board/build/tmp/work/pynq-poky-linux-gnueabi/core-image-minimal/1.0-r0/recipe-sysroot-native/usr/lib/rpm/platform/alphaev67-linux/sedUgRNkO'.
path mismatch [1 link]: ino 1738222 db 'NAMELESS FILE' req '/home/student/Desktop/yocto_pynq/Yocto_project_pynq_board/build/tmp/work/pynq-poky-linux-gnueabi/core-image-minimal/1.0-r0/recipe-sysroot-native/usr/lib/rpm/platform/alphaev67-linux/macros'.
path mismatch [1 link]: ino 1738223 db 'NAMELESS FILE' req '/home/student/Desktop/yocto_pynq/Yocto_project_pynq_board/build/tmp/work/pynq-poky-linux-gnueabi/core-image-minimal/1.0-r0/recipe-sysroot-native/usr/lib/rpm/platform/ppciseries-linux/sed7D2Ys5'.
path mismatch [1 link]: ino 1738223 db 'NAMELESS FILE' req '/home/student/Desktop/yocto_pynq/Yocto_project_pynq_board/build/tmp/work/pynq-poky-linux-gnueabi/core-image-minimal/1.0-r0/recipe-sysroot-native/usr/lib/rpm/platform/ppciseries-linux/macros'.
path mismatch [1 link]: ino 1738224 db 'NAMELESS FILE' req '/home/student/Desktop/yocto_pynq/Yocto_project_pynq_board/build/tmp/work/pynq-poky-linux-gnueabi/core-image-minimal/1.0-r0/recipe-sysroot-native/usr/lib/rpm/platform/i686-linux/sedxU6pBm'.
path mismatch [1 link]: ino 1738224 db 'NAMELESS FILE' req '/home/student/Desktop/yocto_pynq/Yocto_project_pynq_board/build/tmp/work/pynq-poky-linux-gnueabi/core-image-minimal/1.0-r0/recipe-sysroot-native/usr/lib/rpm/platform/i686-linux/macros'.
path mismatch [1 link]: ino 1738225 db 'NAMELESS FILE' req '/home/student/Desktop/yocto_pynq/Yocto_project_pynq_board/build/tmp/work/pynq-poky-linux-gnueabi/core-image-minimal/1.0-r0/recipe-sysroot-native/usr/lib/rpm/platform/sh3-linux/sedEkSeKD'.
path mismatch [1 link]: ino 1738225 db 'NAMELESS FILE' req '/home/student/Desktop/yocto_pynq/Yocto_project_pynq_board/build/tmp/work/pynq-poky-linux-gnueabi/core-image-minimal/1.0-r0/recipe-sysroot-native/usr/lib/rpm/platform/sh3-linux/macros'.
path mismatch [1 link]: ino 1738226 db 'NAMELESS FILE' req '/home/student/Desktop/yocto_pynq/Yocto_project_pynq_board/build/tmp/work/pynq-poky-linux-gnueabi/core-image-minimal/1.0-r0/recipe-sysroot-native/usr/lib/rpm/platform/alpha-linux/sed5VkmTU'.
path mismatch [1 link]: ino 1738226 db 'NAMELESS FILE' req '/home/student/Desktop/yocto_pynq/Yocto_project_pynq_board/build/tmp/work/pynq-poky-linux-gnueabi/core-image-minimal/1.0-r0/recipe-sysroot-native/usr/lib/rpm/platform/alpha-linux/macros'.
path mismatch [1 link]: ino 1738227 db 'NAMELESS FILE' req '/home/student/Desktop/yocto_pynq/Yocto_project_pynq_board/build/tmp/work/pynq-poky-linux-gnueabi/core-image-minimal/1.0-r0/recipe-sysroot-native/usr/lib/rpm/platform/mipsel-linux/sedYHiN2b'.
path mismatch [1 link]: ino 1738227 db 'NAMELESS FILE' req '/home/student/Desktop/yocto_pynq/Yocto_project_pynq_board/build/tmp/work/pynq-poky-linux-gnueabi/core-image-minimal/1.0-r0/recipe-sysroot-native/usr/lib/rpm/platform/mipsel-linux/macros'.
path mismatch [1 link]: ino 1738228 db 'NAMELESS FILE' req '/home/student/Desktop/yocto_pynq/Yocto_project_pynq_board/build/tmp/work/pynq-poky-linux-gnueabi/core-image-minimal/1.0-r0/recipe-sysroot-native/usr/lib/rpm/platform/athlon-linux/sedfFtyct'.
path mismatch [1 link]: ino 1738228 db 'NAMELESS FILE' req '/home/student/Desktop/yocto_pynq/Yocto_project_pynq_board/build/tmp/work/pynq-poky-linux-gnueabi/core-image-minimal/1.0-r0/recipe-sysroot-native/usr/lib/rpm/platform/athlon-linux/macros'.
path mismatch [1 link]: ino 1738229 db 'NAMELESS FILE' req '/home/student/Desktop/yocto_pynq/Yocto_project_pynq_board/build/tmp/work/pynq-poky-linux-gnueabi/core-image-minimal/1.0-r0/recipe-sysroot-native/usr/lib/rpm/platform/amd64-linux/sedGRuAmK'.
path mismatch [1 link]: ino 1738229 db 'NAMELESS FILE' req '/home/student/Desktop/yocto_pynq/Yocto_project_pynq_board/build/tmp/work/pynq-poky-linux-gnueabi/core-image-minimal/1.0-r0/recipe-sysroot-native/usr/lib/rpm/platform/amd64-linux/macros'.
path mismatch [1 link]: ino 1738230 db 'NAMELESS FILE' req '/home/student/Desktop/yocto_pynq/Yocto_project_pynq_board/build/tmp/work/pynq-poky-linux-gnueabi/core-image-minimal/1.0-r0/recipe-sysroot-native/usr/lib/rpm/platform/sparc64-linux/sed4S7Tw1'.
path mismatch [1 link]: ino 1738230 db 'NAMELESS FILE' req '/home/student/Desktop/yocto_pynq/Yocto_project_pynq_board/build/tmp/work/pynq-poky-linux-gnueabi/core-image-minimal/1.0-r0/recipe-sysroot-native/usr/lib/rpm/platform/sparc64-linux/macros'.
path mismatch [1 link]: ino 1738231 db 'NAMELESS FILE' req '/home/student/Desktop/yocto_pynq/Yocto_project_pynq_board/build/tmp/work/pynq-poky-linux-gnueabi/core-image-minimal/1.0-r0/recipe-sysroot-native/usr/lib/rpm/platform/armv7hnl-linux/sed2jlvHi'.
path mismatch [1 link]: ino 1738231 db 'NAMELESS FILE' req '/home/student/Desktop/yocto_pynq/Yocto_project_pynq_board/build/tmp/work/pynq-poky-linux-gnueabi/core-image-minimal/1.0-r0/recipe-sysroot-native/usr/lib/rpm/platform/armv7hnl-linux/macros'.
path mismatch [1 link]: ino 1738232 db 'NAMELESS FILE' req '/home/student/Desktop/yocto_pynq/Yocto_project_pynq_board/build/tmp/work/pynq-poky-linux-gnueabi/core-image-minimal/1.0-r0/recipe-sysroot-native/usr/lib/rpm/platform/riscv64-linux/sedLsbnSz'.
path mismatch [1 link]: ino 1738232 db 'NAMELESS FILE' req '/home/student/Desktop/yocto_pynq/Yocto_project_pynq_board/build/tmp/work/pynq-poky-linux-gnueabi/core-image-minimal/1.0-r0/recipe-sysroot-native/usr/lib/rpm/platform/riscv64-linux/macros'.
path mismatch [1 link]: ino 1738233 db 'NAMELESS FILE' req '/home/student/Desktop/yocto_pynq/Yocto_project_pynq_board/build/tmp/work/pynq-poky-linux-gnueabi/core-image-minimal/1.0-r0/recipe-sysroot-native/usr/lib/rpm/platform/alphaev56-linux/sedtnrF3Q'.
path mismatch [1 link]: ino 1738233 db 'NAMELESS FILE' req '/home/student/Desktop/yocto_pynq/Yocto_project_pynq_board/build/tmp/work/pynq-poky-linux-gnueabi/core-image-minimal/1.0-r0/recipe-sysroot-native/usr/lib/rpm/platform/alphaev56-linux/macros'.
path mismatch [1 link]: ino 1738234 db 'NAMELESS FILE' req '/home/student/Desktop/yocto_pynq/Yocto_project_pynq_board/build/tmp/work/pynq-poky-linux-gnueabi/core-image-minimal/1.0-r0/recipe-sysroot-native/usr/lib/rpm/platform/armv7hl-linux/sedaDojf8'.
path mismatch [1 link]: ino 1738234 db 'NAMELESS FILE' req '/home/student/Desktop/yocto_pynq/Yocto_project_pynq_board/build/tmp/work/pynq-poky-linux-gnueabi/core-image-minimal/1.0-r0/recipe-sysroot-native/usr/lib/rpm/platform/armv7hl-linux/macros'.
path mismatch [1 link]: ino 1738235 db 'NAMELESS FILE' req '/home/student/Desktop/yocto_pynq/Yocto_project_pynq_board/build/tmp/work/pynq-poky-linux-gnueabi/core-image-minimal/1.0-r0/recipe-sysroot-native/usr/lib/rpm/platform/sparcv9v-linux/sedXe5frp'.
path mismatch [1 link]: ino 1738235 db 'NAMELESS FILE' req '/home/student/Desktop/yocto_pynq/Yocto_project_pynq_board/build/tmp/work/pynq-poky-linux-gnueabi/core-image-minimal/1.0-r0/recipe-sysroot-native/usr/lib/rpm/platform/sparcv9v-linux/macros'.
path mismatch [1 link]: ino 1738236 db 'NAMELESS FILE' req '/home/student/Desktop/yocto_pynq/Yocto_project_pynq_board/build/tmp/work/pynq-poky-linux-gnueabi/core-image-minimal/1.0-r0/recipe-sysroot-native/usr/lib/rpm/platform/mips64-linux/sedSicxDG'.
path mismatch [1 link]: ino 1738236 db 'NAMELESS FILE' req '/home/student/Desktop/yocto_pynq/Yocto_project_pynq_board/build/tmp/work/pynq-poky-linux-gnueabi/core-image-minimal/1.0-r0/recipe-sysroot-native/usr/lib/rpm/platform/mips64-linux/macros'.
path mismatch [1 link]: ino 1738237 db 'NAMELESS FILE' req '/home/student/Desktop/yocto_pynq/Yocto_project_pynq_board/build/tmp/work/pynq-poky-linux-gnueabi/core-image-minimal/1.0-r0/recipe-sysroot-native/usr/lib/rpm/platform/i386-linux/sedRcC8PX'.
path mismatch [1 link]: ino 1738237 db 'NAMELESS FILE' req '/home/student/Desktop/yocto_pynq/Yocto_project_pynq_board/build/tmp/work/pynq-poky-linux-gnueabi/core-image-minimal/1.0-r0/recipe-sysroot-native/usr/lib/rpm/platform/i386-linux/macros'.
path mismatch [1 link]: ino 1738238 db 'NAMELESS FILE' req '/home/student/Desktop/yocto_pynq/Yocto_project_pynq_board/build/tmp/work/pynq-poky-linux-gnueabi/core-image-minimal/1.0-r0/recipe-sysroot-native/usr/lib/rpm/platform/ppc64p7-linux/sednqV72e'.
path mismatch [1 link]: ino 1738238 db 'NAMELESS FILE' req '/home/student/Desktop/yocto_pynq/Yocto_project_pynq_board/build/tmp/work/pynq-poky-linux-gnueabi/core-image-minimal/1.0-r0/recipe-sysroot-native/usr/lib/rpm/platform/ppc64p7-linux/macros'.
path mismatch [1 link]: ino 1738239 db 'NAMELESS FILE' req '/home/student/Desktop/yocto_pynq/Yocto_project_pynq_board/build/tmp/work/pynq-poky-linux-gnueabi/core-image-minimal/1.0-r0/recipe-sysroot-native/usr/lib/rpm/platform/alphaev6-linux/sedFTQqgw'.
path mismatch [1 link]: ino 1738239 db 'NAMELESS FILE' req '/home/student/Desktop/yocto_pynq/Yocto_project_pynq_board/build/tmp/work/pynq-poky-linux-gnueabi/core-image-minimal/1.0-r0/recipe-sysroot-native/usr/lib/rpm/platform/alphaev6-linux/macros'.
path mismatch [1 link]: ino 1738240 db 'NAMELESS FILE' req '/home/student/Desktop/yocto_pynq/Yocto_project_pynq_board/build/tmp/work/pynq-poky-linux-gnueabi/core-image-minimal/1.0-r0/recipe-sysroot-native/usr/lib/rpm/platform/mips64r6-linux/sedocs3tN'.
path mismatch [1 link]: ino 1738240 db 'NAMELESS FILE' req '/home/student/Desktop/yocto_pynq/Yocto_project_pynq_board/build/tmp/work/pynq-poky-linux-gnueabi/core-image-minimal/1.0-r0/recipe-sysroot-native/usr/lib/rpm/platform/mips64r6-linux/macros'.
path mismatch [1 link]: ino 1738241 db 'NAMELESS FILE' req '/home/student/Desktop/yocto_pynq/Yocto_project_pynq_board/build/tmp/work/pynq-poky-linux-gnueabi/core-image-minimal/1.0-r0/recipe-sysroot-native/usr/lib/rpm/platform/sh4a-linux/sed4Jj0H4'.
path mismatch [1 link]: ino 1738241 db 'NAMELESS FILE' req '/home/student/Desktop/yocto_pynq/Yocto_project_pynq_board/build/tmp/work/pynq-poky-linux-gnueabi/core-image-minimal/1.0-r0/recipe-sysroot-native/usr/lib/rpm/platform/sh4a-linux/macros'.
path mismatch [1 link]: ino 1738242 db 'NAMELESS FILE' req '/home/student/Desktop/yocto_pynq/Yocto_project_pynq_board/build/tmp/work/pynq-poky-linux-gnueabi/core-image-minimal/1.0-r0/recipe-sysroot-native/usr/lib/rpm/platform/ppcpseries-linux/sedokSfWl'.
path mismatch [1 link]: ino 1738242 db 'NAMELESS FILE' req '/home/student/Desktop/yocto_pynq/Yocto_project_pynq_board/build/tmp/work/pynq-poky-linux-gnueabi/core-image-minimal/1.0-r0/recipe-sysroot-native/usr/lib/rpm/platform/ppcpseries-linux/macros'.
path mismatch [1 link]: ino 1738243 db 'NAMELESS FILE' req '/home/student/Desktop/yocto_pynq/Yocto_project_pynq_board/build/tmp/work/pynq-poky-linux-gnueabi/core-image-minimal/1.0-r0/recipe-sysroot-native/usr/lib/rpm/platform/i586-linux/sedAoTMaD'.
path mismatch [1 link]: ino 1738243 db 'NAMELESS FILE' req '/home/student/Desktop/yocto_pynq/Yocto_project_pynq_board/build/tmp/work/pynq-poky-linux-gnueabi/core-image-minimal/1.0-r0/recipe-sysroot-native/usr/lib/rpm/platform/i586-linux/macros'.
path mismatch [1 link]: ino 1738244 db 'NAMELESS FILE' req '/home/student/Desktop/yocto_pynq/Yocto_project_pynq_board/build/tmp/work/pynq-poky-linux-gnueabi/core-image-minimal/1.0-r0/recipe-sysroot-native/usr/lib/rpm/platform/ppc64pseries-linux/sedfWbApU'.
path mismatch [1 link]: ino 1738244 db 'NAMELESS FILE' req '/home/student/Desktop/yocto_pynq/Yocto_project_pynq_board/build/tmp/work/pynq-poky-linux-gnueabi/core-image-minimal/1.0-r0/recipe-sysroot-native/usr/lib/rpm/platform/ppc64pseries-linux/macros'.
path mismatch [1 link]: ino 1738245 db 'NAMELESS FILE' req '/home/student/Desktop/yocto_pynq/Yocto_project_pynq_board/build/tmp/work/pynq-poky-linux-gnueabi/core-image-minimal/1.0-r0/recipe-sysroot-native/usr/lib/rpm/platform/sparc-linux/sedBLJEEb'.
path mismatch [1 link]: ino 1738245 db 'NAMELESS FILE' req '/home/student/Desktop/yocto_pynq/Yocto_project_pynq_board/build/tmp/work/pynq-poky-linux-gnueabi/core-image-minimal/1.0-r0/recipe-sysroot-native/usr/lib/rpm/platform/sparc-linux/macros'.
path mismatch [1 link]: ino 1738246 db 'NAMELESS FILE' req '/home/student/Desktop/yocto_pynq/Yocto_project_pynq_board/build/tmp/work/pynq-poky-linux-gnueabi/core-image-minimal/1.0-r0/recipe-sysroot-native/usr/lib/rpm/platform/noarch-linux/sedC3m3Ts'.
path mismatch [1 link]: ino 1738246 db 'NAMELESS FILE' req '/home/student/Desktop/yocto_pynq/Yocto_project_pynq_board/build/tmp/work/pynq-poky-linux-gnueabi/core-image-minimal/1.0-r0/recipe-sysroot-native/usr/lib/rpm/platform/noarch-linux/macros'.
path mismatch [1 link]: ino 1738247 db 'NAMELESS FILE' req '/home/student/Desktop/yocto_pynq/Yocto_project_pynq_board/build/tmp/work/pynq-poky-linux-gnueabi/core-image-minimal/1.0-r0/recipe-sysroot-native/usr/lib/rpm/platform/mips64r6el-linux/sedw1PL9J'.
path mismatch [1 link]: ino 1738247 db 'NAMELESS FILE' req '/home/student/Desktop/yocto_pynq/Yocto_project_pynq_board/build/tmp/work/pynq-poky-linux-gnueabi/core-image-minimal/1.0-r0/recipe-sysroot-native/usr/lib/rpm/platform/mips64r6el-linux/macros'.
path mismatch [1 link]: ino 1738248 db 'NAMELESS FILE' req '/home/student/Desktop/yocto_pynq/Yocto_project_pynq_board/build/tmp/work/pynq-poky-linux-gnueabi/core-image-minimal/1.0-r0/recipe-sysroot-native/usr/lib/rpm/platform/ia32e-linux/sedFtgMp1'.
path mismatch [1 link]: ino 1738248 db 'NAMELESS FILE' req '/home/student/Desktop/yocto_pynq/Yocto_project_pynq_board/build/tmp/work/pynq-poky-linux-gnueabi/core-image-minimal/1.0-r0/recipe-sysroot-native/usr/lib/rpm/platform/ia32e-linux/macros'.
path mismatch [1 link]: ino 1738249 db 'NAMELESS FILE' req '/home/student/Desktop/yocto_pynq/Yocto_project_pynq_board/build/tmp/work/pynq-poky-linux-gnueabi/core-image-minimal/1.0-r0/recipe-sysroot-native/usr/lib/rpm/platform/mips-linux/sedcz23Fi'.
path mismatch [1 link]: ino 1738249 db 'NAMELESS FILE' req '/home/student/Desktop/yocto_pynq/Yocto_project_pynq_board/build/tmp/work/pynq-poky-linux-gnueabi/core-image-minimal/1.0-r0/recipe-sysroot-native/usr/lib/rpm/platform/mips-linux/macros'.
path mismatch [1 link]: ino 1738250 db 'NAMELESS FILE' req '/home/student/Desktop/yocto_pynq/Yocto_project_pynq_board/build/tmp/work/pynq-poky-linux-gnueabi/core-image-minimal/1.0-r0/recipe-sysroot-native/usr/lib/rpm/platform/mipsr6-linux/sedbhzDWz'.
path mismatch [1 link]: ino 1738250 db 'NAMELESS FILE' req '/home/student/Desktop/yocto_pynq/Yocto_project_pynq_board/build/tmp/work/pynq-poky-linux-gnueabi/core-image-minimal/1.0-r0/recipe-sysroot-native/usr/lib/rpm/platform/mipsr6-linux/macros'.
path mismatch [1 link]: ino 1738251 db 'NAMELESS FILE' req '/home/student/Desktop/yocto_pynq/Yocto_project_pynq_board/build/tmp/work/pynq-poky-linux-gnueabi/core-image-minimal/1.0-r0/recipe-sysroot-native/usr/lib/rpm/platform/armv5tejl-linux/sedXPivdR'.
path mismatch [1 link]: ino 1738251 db 'NAMELESS FILE' req '/home/student/Desktop/yocto_pynq/Yocto_project_pynq_board/build/tmp/work/pynq-poky-linux-gnueabi/core-image-minimal/1.0-r0/recipe-sysroot-native/usr/lib/rpm/platform/armv5tejl-linux/macros'.
path mismatch [1 link]: ino 1738252 db 'NAMELESS FILE' req '/home/student/Desktop/yocto_pynq/Yocto_project_pynq_board/build/tmp/work/pynq-poky-linux-gnueabi/core-image-minimal/1.0-r0/recipe-sysroot-native/usr/lib/rpm/platform/ppc64le-linux/sedAJ9Fu8'.
path mismatch [1 link]: ino 1738252 db 'NAMELESS FILE' req '/home/student/Desktop/yocto_pynq/Yocto_project_pynq_board/build/tmp/work/pynq-poky-linux-gnueabi/core-image-minimal/1.0-r0/recipe-sysroot-native/usr/lib/rpm/platform/ppc64le-linux/macros'.
path mismatch [1 link]: ino 1738253 db 'NAMELESS FILE' req '/home/student/Desktop/yocto_pynq/Yocto_project_pynq_board/build/tmp/work/pynq-poky-linux-gnueabi/core-image-minimal/1.0-r0/recipe-sysroot-native/usr/lib/rpm/platform/ppc-linux/sedYbmbMp'.
path mismatch [1 link]: ino 1738253 db 'NAMELESS FILE' req '/home/student/Desktop/yocto_pynq/Yocto_project_pynq_board/build/tmp/work/pynq-poky-linux-gnueabi/core-image-minimal/1.0-r0/recipe-sysroot-native/usr/lib/rpm/platform/ppc-linux/macros'.
path mismatch [1 link]: ino 1738254 db 'NAMELESS FILE' req '/home/student/Desktop/yocto_pynq/Yocto_project_pynq_board/build/tmp/work/pynq-poky-linux-gnueabi/core-image-minimal/1.0-r0/recipe-sysroot-native/usr/lib/rpm/platform/armv5tel-linux/sedeed03G'.
path mismatch [1 link]: ino 1738254 db 'NAMELESS FILE' req '/home/student/Desktop/yocto_pynq/Yocto_project_pynq_board/build/tmp/work/pynq-poky-linux-gnueabi/core-image-minimal/1.0-r0/recipe-sysroot-native/usr/lib/rpm/platform/armv5tel-linux/macros'.
path mismatch [1 link]: ino 1738255 db 'NAMELESS FILE' req '/home/student/Desktop/yocto_pynq/Yocto_project_pynq_board/build/tmp/work/pynq-poky-linux-gnueabi/core-image-minimal/1.0-r0/recipe-sysroot-native/usr/lib/rpm/platform/armv4l-linux/sedIHk9lY'.
path mismatch [1 link]: ino 1738255 db 'NAMELESS FILE' req '/home/student/Desktop/yocto_pynq/Yocto_project_pynq_board/build/tmp/work/pynq-poky-linux-gnueabi/core-image-minimal/1.0-r0/recipe-sysroot-native/usr/lib/rpm/platform/armv4l-linux/macros'.
path mismatch [1 link]: ino 1643445 db 'NAMELESS FILE' req '/home/student/Desktop/yocto_pynq/Yocto_project_pynq_board/build/tmp/work/pynq-poky-linux-gnueabi/core-image-minimal/1.0-r0/recipe-sysroot-native/usr/lib/rpm/sedFYLDEf'.
path mismatch [1 link]: ino 1643445 db 'NAMELESS FILE' req '/home/student/Desktop/yocto_pynq/Yocto_project_pynq_board/build/tmp/work/pynq-poky-linux-gnueabi/core-image-minimal/1.0-r0/recipe-sysroot-native/usr/lib/rpm/rpmpopt-4.13.90'.
path mismatch [1 link]: ino 1382424 db 'NAMELESS FILE' req '/home/student/Desktop/yocto_pynq/Yocto_project_pynq_board/build/tmp/work/pynq-poky-linux-gnueabi/core-image-minimal/1.0-r0/recipe-sysroot-native/usr/bin/crossscripts/sedbTEvXw'.
path mismatch [1 link]: ino 1382424 db 'NAMELESS FILE' req '/home/student/Desktop/yocto_pynq/Yocto_project_pynq_board/build/tmp/work/pynq-poky-linux-gnueabi/core-image-minimal/1.0-r0/recipe-sysroot-native/usr/bin/crossscripts/curl-config'.
path mismatch [1 link]: ino 1382425 db 'NAMELESS FILE' req '/home/student/Desktop/yocto_pynq/Yocto_project_pynq_board/build/tmp/work/pynq-poky-linux-gnueabi/core-image-minimal/1.0-r0/recipe-sysroot-native/usr/bin/sedr3AUgO'.
path mismatch [1 link]: ino 1382425 db 'NAMELESS FILE' req '/home/student/Desktop/yocto_pynq/Yocto_project_pynq_board/build/tmp/work/pynq-poky-linux-gnueabi/core-image-minimal/1.0-r0/recipe-sysroot-native/usr/bin/curl-config'.
path mismatch [1 link]: ino 1382426 db 'NAMELESS FILE' req '/home/student/Desktop/yocto_pynq/Yocto_project_pynq_board/build/tmp/work/pynq-poky-linux-gnueabi/core-image-minimal/1.0-r0/recipe-sysroot-native/usr/lib/sedsRPOA5'.
path mismatch [1 link]: ino 1382426 db 'NAMELESS FILE' req '/home/student/Desktop/yocto_pynq/Yocto_project_pynq_board/build/tmp/work/pynq-poky-linux-gnueabi/core-image-minimal/1.0-r0/recipe-sysroot-native/usr/lib/xml2Conf.sh'.
path mismatch [1 link]: ino 1382427 db 'NAMELESS FILE' req '/home/student/Desktop/yocto_pynq/Yocto_project_pynq_board/build/tmp/work/pynq-poky-linux-gnueabi/core-image-minimal/1.0-r0/recipe-sysroot-native/usr/bin/crossscripts/sed1k63Um'.
path mismatch [1 link]: ino 1382427 db 'NAMELESS FILE' req '/home/student/Desktop/yocto_pynq/Yocto_project_pynq_board/build/tmp/work/pynq-poky-linux-gnueabi/core-image-minimal/1.0-r0/recipe-sysroot-native/usr/bin/crossscripts/xml2-config'.
path mismatch [1 link]: ino 1382428 db 'NAMELESS FILE' req '/home/student/Desktop/yocto_pynq/Yocto_project_pynq_board/build/tmp/work/pynq-poky-linux-gnueabi/core-image-minimal/1.0-r0/recipe-sysroot-native/usr/bin/sedseVCfE'.
path mismatch [1 link]: ino 1382428 db 'NAMELESS FILE' req '/home/student/Desktop/yocto_pynq/Yocto_project_pynq_board/build/tmp/work/pynq-poky-linux-gnueabi/core-image-minimal/1.0-r0/recipe-sysroot-native/usr/bin/xml2-config'.
path mismatch [1 link]: ino 1382429 db 'NAMELESS FILE' req '/home/student/Desktop/yocto_pynq/Yocto_project_pynq_board/build/tmp/work/pynq-poky-linux-gnueabi/core-image-minimal/1.0-r0/recipe-sysroot-native/usr/bin/sedZFBuAV'.
path mismatch [1 link]: ino 1382429 db 'NAMELESS FILE' req '/home/student/Desktop/yocto_pynq/Yocto_project_pynq_board/build/tmp/work/pynq-poky-linux-gnueabi/core-image-minimal/1.0-r0/recipe-sysroot-native/usr/bin/eu-make-debug-archive'.
path mismatch [1 link]: ino 1738256 db 'NAMELESS FILE' req '/home/student/Desktop/yocto_pynq/Yocto_project_pynq_board/build/tmp/work/pynq-poky-linux-gnueabi/core-image-minimal/1.0-r0/recipe-sysroot-native/usr/share/dbus-1/sedhJyGVc'.
path mismatch [1 link]: ino 1738256 db 'NAMELESS FILE' req '/home/student/Desktop/yocto_pynq/Yocto_project_pynq_board/build/tmp/work/pynq-poky-linux-gnueabi/core-image-minimal/1.0-r0/recipe-sysroot-native/usr/share/dbus-1/session.conf'.
path mismatch [1 link]: ino 1738257 db 'NAMELESS FILE' req '/home/student/Desktop/yocto_pynq/Yocto_project_pynq_board/build/tmp/work/pynq-poky-linux-gnueabi/core-image-minimal/1.0-r0/recipe-sysroot-native/usr/share/dbus-1/seddmSbhu'.
path mismatch [1 link]: ino 1738257 db 'NAMELESS FILE' req '/home/student/Desktop/yocto_pynq/Yocto_project_pynq_board/build/tmp/work/pynq-poky-linux-gnueabi/core-image-minimal/1.0-r0/recipe-sysroot-native/usr/share/dbus-1/system.conf'.
path mismatch [1 link]: ino 1738258 db 'NAMELESS FILE' req '/home/student/Desktop/yocto_pynq/Yocto_project_pynq_board/build/tmp/work/pynq-poky-linux-gnueabi/core-image-minimal/1.0-r0/recipe-sysroot-native/usr/share/dbus/sedFAOZCL'.
path mismatch [1 link]: ino 1738258 db 'NAMELESS FILE' req '/home/student/Desktop/yocto_pynq/Yocto_project_pynq_board/build/tmp/work/pynq-poky-linux-gnueabi/core-image-minimal/1.0-r0/recipe-sysroot-native/usr/share/dbus/session.conf'.
path mismatch [1 link]: ino 1738259 db 'NAMELESS FILE' req '/home/student/Desktop/yocto_pynq/Yocto_project_pynq_board/build/tmp/work/pynq-poky-linux-gnueabi/core-image-minimal/1.0-r0/recipe-sysroot-native/etc/dbus-1/sedW9s3Y2'.
path mismatch [1 link]: ino 1738259 db 'NAMELESS FILE' req '/home/student/Desktop/yocto_pynq/Yocto_project_pynq_board/build/tmp/work/pynq-poky-linux-gnueabi/core-image-minimal/1.0-r0/recipe-sysroot-native/etc/dbus-1/session.conf'.
path mismatch [1 link]: ino 1738260 db 'NAMELESS FILE' req '/home/student/Desktop/yocto_pynq/Yocto_project_pynq_board/build/tmp/work/pynq-poky-linux-gnueabi/core-image-minimal/1.0-r0/recipe-sysroot-native/etc/dbus-1/sedno1qlk'.
path mismatch [1 link]: ino 1738260 db 'NAMELESS FILE' req '/home/student/Desktop/yocto_pynq/Yocto_project_pynq_board/build/tmp/work/pynq-poky-linux-gnueabi/core-image-minimal/1.0-r0/recipe-sysroot-native/etc/dbus-1/system.conf'.
path mismatch [1 link]: ino 1738261 db 'NAMELESS FILE' req '/home/student/Desktop/yocto_pynq/Yocto_project_pynq_board/build/tmp/work/pynq-poky-linux-gnueabi/core-image-minimal/1.0-r0/recipe-sysroot-native/etc/rc.d/init.d/sedJWv6HB'.
path mismatch [1 link]: ino 1738261 db 'NAMELESS FILE' req '/home/student/Desktop/yocto_pynq/Yocto_project_pynq_board/build/tmp/work/pynq-poky-linux-gnueabi/core-image-minimal/1.0-r0/recipe-sysroot-native/etc/rc.d/init.d/messagebus'.
path mismatch [1 link]: ino 1382430 db 'NAMELESS FILE' req '/home/student/Desktop/yocto_pynq/Yocto_project_pynq_board/build/tmp/work/pynq-poky-linux-gnueabi/core-image-minimal/1.0-r0/recipe-sysroot-native/usr/bin/sed7aw24S'.
path mismatch [1 link]: ino 1382430 db 'NAMELESS FILE' req '/home/student/Desktop/yocto_pynq/Yocto_project_pynq_board/build/tmp/work/pynq-poky-linux-gnueabi/core-image-minimal/1.0-r0/recipe-sysroot-native/usr/bin/mk_cmds'.
path mismatch [1 link]: ino 1382431 db 'NAMELESS FILE' req '/home/student/Desktop/yocto_pynq/Yocto_project_pynq_board/build/tmp/work/pynq-poky-linux-gnueabi/core-image-minimal/1.0-r0/recipe-sysroot-native/usr/bin/sed38Wdsa'.
path mismatch [1 link]: ino 1382431 db 'NAMELESS FILE' req '/home/student/Desktop/yocto_pynq/Yocto_project_pynq_board/build/tmp/work/pynq-poky-linux-gnueabi/core-image-minimal/1.0-r0/recipe-sysroot-native/usr/bin/compile_et'.
path mismatch [1 link]: ino 1382432 db 'NAMELESS FILE' req '/home/student/Desktop/yocto_pynq/Yocto_project_pynq_board/build/tmp/work/pynq-poky-linux-gnueabi/core-image-minimal/1.0-r0/recipe-sysroot-native/usr/bin/sedEgRIPr'.
path mismatch [1 link]: ino 1382432 db 'NAMELESS FILE' req '/home/student/Desktop/yocto_pynq/Yocto_project_pynq_board/build/tmp/work/pynq-poky-linux-gnueabi/core-image-minimal/1.0-r0/recipe-sysroot-native/usr/bin/nspr-config'.
path mismatch [1 link]: ino 1738262 db 'NAMELESS FILE' req '/home/student/Desktop/yocto_pynq/Yocto_project_pynq_board/build/tmp/work/pynq-poky-linux-gnueabi/core-image-minimal/1.0-r0/recipe-sysroot-native/usr/lib/python3.5/site-packages/gpg/sedkA5wdJ'.
path mismatch [1 link]: ino 1738262 db 'NAMELESS FILE' req '/home/student/Desktop/yocto_pynq/Yocto_project_pynq_board/build/tmp/work/pynq-poky-linux-gnueabi/core-image-minimal/1.0-r0/recipe-sysroot-native/usr/lib/python3.5/site-packages/gpg/install_files.txt'.
path mismatch [1 link]: ino 1382433 db 'NAMELESS FILE' req '/home/student/Desktop/yocto_pynq/Yocto_project_pynq_board/build/tmp/work/pynq-poky-linux-gnueabi/core-image-minimal/1.0-r0/recipe-sysroot-native/usr/bin/crossscripts/sedHg3GB0'.
path mismatch [1 link]: ino 1382433 db 'NAMELESS FILE' req '/home/student/Desktop/yocto_pynq/Yocto_project_pynq_board/build/tmp/work/pynq-poky-linux-gnueabi/core-image-minimal/1.0-r0/recipe-sysroot-native/usr/bin/crossscripts/gpgme-config'.
path mismatch [1 link]: ino 1382434 db 'NAMELESS FILE' req '/home/student/Desktop/yocto_pynq/Yocto_project_pynq_board/build/tmp/work/pynq-poky-linux-gnueabi/core-image-minimal/1.0-r0/recipe-sysroot-native/usr/bin/sed8gm9Zh'.
path mismatch [1 link]: ino 1382434 db 'NAMELESS FILE' req '/home/student/Desktop/yocto_pynq/Yocto_project_pynq_board/build/tmp/work/pynq-poky-linux-gnueabi/core-image-minimal/1.0-r0/recipe-sysroot-native/usr/bin/gpgme-config'.
path mismatch [1 link]: ino 1382435 db 'NAMELESS FILE' req '/home/student/Desktop/yocto_pynq/Yocto_project_pynq_board/build/tmp/work/pynq-poky-linux-gnueabi/core-image-minimal/1.0-r0/recipe-sysroot-native/usr/bin/seds88Uoz'.
path mismatch [1 link]: ino 1382435 db 'NAMELESS FILE' req '/home/student/Desktop/yocto_pynq/Yocto_project_pynq_board/build/tmp/work/pynq-poky-linux-gnueabi/core-image-minimal/1.0-r0/recipe-sysroot-native/usr/bin/checkmk'.
path mismatch [1 link]: ino 1382436 db 'NAMELESS FILE' req '/home/student/Desktop/yocto_pynq/Yocto_project_pynq_board/build/tmp/work/pynq-poky-linux-gnueabi/core-image-minimal/1.0-r0/recipe-sysroot-native/usr/bin/sedSX5hOQ'.
path mismatch [1 link]: ino 1382436 db 'NAMELESS FILE' req '/home/student/Desktop/yocto_pynq/Yocto_project_pynq_board/build/tmp/work/pynq-poky-linux-gnueabi/core-image-minimal/1.0-r0/recipe-sysroot-native/usr/bin/postinst-ldsoconf-gobject-introspection-native'.
path mismatch [1 link]: ino 1382437 db 'NAMELESS FILE' req '/home/student/Desktop/yocto_pynq/Yocto_project_pynq_board/build/tmp/work/pynq-poky-linux-gnueabi/core-image-minimal/1.0-r0/recipe-sysroot-native/usr/bin/sedr5NYd8'.
path mismatch [1 link]: ino 1382437 db 'NAMELESS FILE' req '/home/student/Desktop/yocto_pynq/Yocto_project_pynq_board/build/tmp/work/pynq-poky-linux-gnueabi/core-image-minimal/1.0-r0/recipe-sysroot-native/usr/bin/g-ir-annotation-tool'.
path mismatch [1 link]: ino 1382438 db 'NAMELESS FILE' req '/home/student/Desktop/yocto_pynq/Yocto_project_pynq_board/build/tmp/work/pynq-poky-linux-gnueabi/core-image-minimal/1.0-r0/recipe-sysroot-native/usr/bin/sed39d3Dp'.
path mismatch [1 link]: ino 1382438 db 'NAMELESS FILE' req '/home/student/Desktop/yocto_pynq/Yocto_project_pynq_board/build/tmp/work/pynq-poky-linux-gnueabi/core-image-minimal/1.0-r0/recipe-sysroot-native/usr/bin/g-ir-scanner'.
path mismatch [1 link]: ino 1382439 db 'NAMELESS FILE' req '/home/student/Desktop/yocto_pynq/Yocto_project_pynq_board/build/tmp/work/pynq-poky-linux-gnueabi/core-image-minimal/1.0-r0/recipe-sysroot-native/usr/bin/crossscripts/sedcv3x4G'.
path mismatch [1 link]: ino 1382439 db 'NAMELESS FILE' req '/home/student/Desktop/yocto_pynq/Yocto_project_pynq_board/build/tmp/work/pynq-poky-linux-gnueabi/core-image-minimal/1.0-r0/recipe-sysroot-native/usr/bin/crossscripts/gpg-error-config'.
path mismatch [1 link]: ino 1382440 db 'NAMELESS FILE' req '/home/student/Desktop/yocto_pynq/Yocto_project_pynq_board/build/tmp/work/pynq-poky-linux-gnueabi/core-image-minimal/1.0-r0/recipe-sysroot-native/usr/bin/sed90GnvY'.
path mismatch [1 link]: ino 1382440 db 'NAMELESS FILE' req '/home/student/Desktop/yocto_pynq/Yocto_project_pynq_board/build/tmp/work/pynq-poky-linux-gnueabi/core-image-minimal/1.0-r0/recipe-sysroot-native/usr/bin/gpg-error-config'.
path mismatch [1 link]: ino 1382441 db 'NAMELESS FILE' req '/home/student/Desktop/yocto_pynq/Yocto_project_pynq_board/build/tmp/work/pynq-poky-linux-gnueabi/core-image-minimal/1.0-r0/recipe-sysroot-native/usr/bin/sedhMjBWf'.
path mismatch [1 link]: ino 1382441 db 'NAMELESS FILE' req '/home/student/Desktop/yocto_pynq/Yocto_project_pynq_board/build/tmp/work/pynq-poky-linux-gnueabi/core-image-minimal/1.0-r0/recipe-sysroot-native/usr/bin/libassuan-config'.
path mismatch [1 link]: ino 1382442 db 'NAMELESS FILE' req '/home/student/Desktop/yocto_pynq/Yocto_project_pynq_board/build/tmp/work/pynq-poky-linux-gnueabi/core-image-minimal/1.0-r0/recipe-sysroot-native/usr/bin/crossscripts/sedf5Odox'.
path mismatch [1 link]: ino 1382442 db 'NAMELESS FILE' req '/home/student/Desktop/yocto_pynq/Yocto_project_pynq_board/build/tmp/work/pynq-poky-linux-gnueabi/core-image-minimal/1.0-r0/recipe-sysroot-native/usr/bin/crossscripts/libassuan-config'.
path mismatch [1 link]: ino 1643443 db 'NAMELESS FILE' req '/home/student/Desktop/yocto_pynq/Yocto_project_pynq_board/build/tmp/work/pynq-poky-linux-gnueabi/core-image-minimal/1.0-r0/recipe-sysroot-native/usr/lib/rpm/rpmrc'.
path mismatch [1 link]: ino 1643443 db 'NAMELESS FILE' req '/home/student/Desktop/yocto_pynq/Yocto_project_pynq_board/build/tmp/work/pynq-poky-linux-gnueabi/core-image-minimal/1.0-r0/recipe-sysroot-native/usr/lib/rpm/rpmrc'.
path mismatch [1 link]: ino 1643443 db 'NAMELESS FILE' req '/home/student/Desktop/yocto_pynq/Yocto_project_pynq_board/build/tmp/work/pynq-poky-linux-gnueabi/core-image-minimal/1.0-r0/recipe-sysroot-native/usr/lib/rpm/rpmrc'.
path mismatch [1 link]: ino 1643443 db 'NAMELESS FILE' req '/home/student/Desktop/yocto_pynq/Yocto_project_pynq_board/build/tmp/work/pynq-poky-linux-gnueabi/core-image-minimal/1.0-r0/recipe-sysroot-native/usr/lib/rpm/rpmrc'.
path mismatch [1 link]: ino 1643443 db 'NAMELESS FILE' req '/home/student/Desktop/yocto_pynq/Yocto_project_pynq_board/build/tmp/work/pynq-poky-linux-gnueabi/core-image-minimal/1.0-r0/recipe-sysroot-native/usr/lib/rpm/rpmrc'.
path mismatch [1 link]: ino 1643443 db 'NAMELESS FILE' req '/home/student/Desktop/yocto_pynq/Yocto_project_pynq_board/build/tmp/work/pynq-poky-linux-gnueabi/core-image-minimal/1.0-r0/recipe-sysroot-native/usr/lib/rpm/rpmrc'.
path mismatch [1 link]: ino 1643443 db 'NAMELESS FILE' req '/home/student/Desktop/yocto_pynq/Yocto_project_pynq_board/build/tmp/work/pynq-poky-linux-gnueabi/core-image-minimal/1.0-r0/recipe-sysroot-native/usr/lib/rpm/rpmrc'.
path mismatch [1 link]: ino 1643443 db 'NAMELESS FILE' req '/home/student/Desktop/yocto_pynq/Yocto_project_pynq_board/build/tmp/work/pynq-poky-linux-gnueabi/core-image-minimal/1.0-r0/recipe-sysroot-native/usr/lib/rpm/rpmrc'.
path mismatch [1 link]: ino 1643443 db 'NAMELESS FILE' req '/home/student/Desktop/yocto_pynq/Yocto_project_pynq_board/build/tmp/work/pynq-poky-linux-gnueabi/core-image-minimal/1.0-r0/recipe-sysroot-native/usr/lib/rpm/rpmrc'.
path mismatch [2 links]: ino 22 db '/dev/shm/sem.mp-faq4pyxh' req '/dev/shm/yXKPTI'.
path mismatch [2 links]: ino 22 db '/dev/shm/sem.mp-uyozcsmw' req '/dev/shm/5UvA31'.
path mismatch [2 links]: ino 22 db '/dev/shm/sem.mp-9yzt3xnw' req '/dev/shm/OMiGNz'.
path mismatch [2 links]: ino 23 db '/dev/shm/sem.mp-2yb4m5py' req '/dev/shm/kw4aGC'.
path mismatch [2 links]: ino 22 db '/dev/shm/sem.mp-9wifpzvx' req '/dev/shm/ASM5MK'.
db cleanup for server shutdown, 18:30:42.470
memory-to-file backup complete, 18:30:42.470.
db cleanup finished, 18:30:42.470
